{"C:\\Users\\DELL\\OneDrive\\Desktop\\makaaz-project\\baajilive\\aura-backend\\controllers\\betController.js": {"path":"C:\\Users\\DELL\\OneDrive\\Desktop\\makaaz-project\\baajilive\\aura-backend\\controllers\\betController.js","statementMap":{"0":{"start":{"line":19,"column":0},"end":{"line":19,"column":16}},"1":{"start":{"line":21,"column":27},"end":{"line":24,"column":1}},"2":{"start":{"line":25,"column":24},"end":{"line":25,"column":66}},"3":{"start":{"line":25,"column":34},"end":{"line":25,"column":66}},"4":{"start":{"line":34,"column":29},"end":{"line":34,"column":85}},"5":{"start":{"line":42,"column":2},"end":{"line":42,"column":54}},"6":{"start":{"line":44,"column":2},"end":{"line":44,"column":56}},"7":{"start":{"line":50,"column":2},"end":{"line":50,"column":40}},"8":{"start":{"line":50,"column":33},"end":{"line":50,"column":40}},"9":{"start":{"line":51,"column":1},"end":{"line":51,"column":76}},"10":{"start":{"line":52,"column":1},"end":{"line":52,"column":69}},"11":{"start":{"line":82,"column":2},"end":{"line":91,"column":5}},"12":{"start":{"line":106,"column":2},"end":{"line":118,"column":3}},"13":{"start":{"line":107,"column":4},"end":{"line":117,"column":7}},"14":{"start":{"line":120,"column":2},"end":{"line":130,"column":5}},"15":{"start":{"line":140,"column":4},"end":{"line":140,"column":64}},"16":{"start":{"line":142,"column":2},"end":{"line":171,"column":3}},"17":{"start":{"line":143,"column":4},"end":{"line":162,"column":5}},"18":{"start":{"line":144,"column":6},"end":{"line":153,"column":7}},"19":{"start":{"line":145,"column":8},"end":{"line":152,"column":10}},"20":{"start":{"line":154,"column":6},"end":{"line":161,"column":8}},"21":{"start":{"line":163,"column":4},"end":{"line":170,"column":6}},"22":{"start":{"line":173,"column":2},"end":{"line":182,"column":3}},"23":{"start":{"line":174,"column":4},"end":{"line":181,"column":6}},"24":{"start":{"line":184,"column":2},"end":{"line":191,"column":4}},"25":{"start":{"line":196,"column":2},"end":{"line":203,"column":3}},"26":{"start":{"line":197,"column":4},"end":{"line":197,"column":25}},"27":{"start":{"line":198,"column":9},"end":{"line":203,"column":3}},"28":{"start":{"line":199,"column":4},"end":{"line":199,"column":25}},"29":{"start":{"line":201,"column":27},"end":{"line":201,"column":66}},"30":{"start":{"line":202,"column":4},"end":{"line":202,"column":78}},"31":{"start":{"line":204,"column":18},"end":{"line":204,"column":62}},"32":{"start":{"line":205,"column":18},"end":{"line":205,"column":29}},"33":{"start":{"line":206,"column":17},"end":{"line":208,"column":16}},"34":{"start":{"line":209,"column":19},"end":{"line":211,"column":28}},"35":{"start":{"line":213,"column":2},"end":{"line":213,"column":70}},"36":{"start":{"line":214,"column":2},"end":{"line":214,"column":50}},"37":{"start":{"line":215,"column":2},"end":{"line":215,"column":52}},"38":{"start":{"line":216,"column":2},"end":{"line":216,"column":72}},"39":{"start":{"line":217,"column":2},"end":{"line":217,"column":58}},"40":{"start":{"line":218,"column":2},"end":{"line":218,"column":58}},"41":{"start":{"line":219,"column":2},"end":{"line":219,"column":72}},"42":{"start":{"line":220,"column":2},"end":{"line":220,"column":54}},"43":{"start":{"line":221,"column":2},"end":{"line":221,"column":82}},"44":{"start":{"line":223,"column":2},"end":{"line":236,"column":3}},"45":{"start":{"line":224,"column":4},"end":{"line":226,"column":6}},"46":{"start":{"line":227,"column":24},"end":{"line":230,"column":6}},"47":{"start":{"line":231,"column":4},"end":{"line":234,"column":6}},"48":{"start":{"line":235,"column":4},"end":{"line":235,"column":44}},"49":{"start":{"line":238,"column":2},"end":{"line":240,"column":4}},"50":{"start":{"line":241,"column":22},"end":{"line":241,"column":71}},"51":{"start":{"line":242,"column":2},"end":{"line":245,"column":4}},"52":{"start":{"line":246,"column":2},"end":{"line":246,"column":42}},"53":{"start":{"line":251,"column":18},"end":{"line":251,"column":32}},"54":{"start":{"line":252,"column":14},"end":{"line":252,"column":69}},"55":{"start":{"line":253,"column":2},"end":{"line":253,"column":42}},"56":{"start":{"line":257,"column":2},"end":{"line":262,"column":3}},"57":{"start":{"line":258,"column":4},"end":{"line":258,"column":63}},"58":{"start":{"line":258,"column":54},"end":{"line":258,"column":63}},"59":{"start":{"line":259,"column":14},"end":{"line":259,"column":34}},"60":{"start":{"line":260,"column":4},"end":{"line":260,"column":55}},"61":{"start":{"line":260,"column":29},"end":{"line":260,"column":55}},"62":{"start":{"line":261,"column":4},"end":{"line":261,"column":34}},"63":{"start":{"line":261,"column":25},"end":{"line":261,"column":34}},"64":{"start":{"line":263,"column":2},"end":{"line":263,"column":14}},"65":{"start":{"line":267,"column":2},"end":{"line":267,"column":80}},"66":{"start":{"line":271,"column":29},"end":{"line":271,"column":34}},"67":{"start":{"line":273,"column":31},"end":{"line":302,"column":1}},"68":{"start":{"line":274,"column":2},"end":{"line":301,"column":3}},"69":{"start":{"line":283,"column":8},"end":{"line":283,"column":16}},"70":{"start":{"line":287,"column":5},"end":{"line":289,"column":35}},"71":{"start":{"line":291,"column":4},"end":{"line":295,"column":5}},"72":{"start":{"line":292,"column":6},"end":{"line":292,"column":44}},"73":{"start":{"line":294,"column":6},"end":{"line":294,"column":38}},"74":{"start":{"line":297,"column":4},"end":{"line":297,"column":60}},"75":{"start":{"line":298,"column":4},"end":{"line":300,"column":63}},"76":{"start":{"line":303,"column":34},"end":{"line":368,"column":1}},"77":{"start":{"line":304,"column":2},"end":{"line":367,"column":3}},"78":{"start":{"line":305,"column":19},"end":{"line":305,"column":22}},"79":{"start":{"line":306,"column":17},"end":{"line":306,"column":44}},"80":{"start":{"line":307,"column":4},"end":{"line":309,"column":5}},"81":{"start":{"line":308,"column":6},"end":{"line":308,"column":65}},"82":{"start":{"line":312,"column":26},"end":{"line":347,"column":6}},"83":{"start":{"line":349,"column":4},"end":{"line":356,"column":7}},"84":{"start":{"line":358,"column":4},"end":{"line":358,"column":57}},"85":{"start":{"line":359,"column":4},"end":{"line":366,"column":7}},"86":{"start":{"line":369,"column":23},"end":{"line":941,"column":1}},"87":{"start":{"line":370,"column":17},"end":{"line":370,"column":20}},"88":{"start":{"line":372,"column":2},"end":{"line":940,"column":3}},"89":{"start":{"line":386,"column":8},"end":{"line":386,"column":16}},"90":{"start":{"line":388,"column":4},"end":{"line":400,"column":5}},"91":{"start":{"line":397,"column":6},"end":{"line":399,"column":74}},"92":{"start":{"line":409,"column":4},"end":{"line":413,"column":5}},"93":{"start":{"line":410,"column":6},"end":{"line":412,"column":63}},"94":{"start":{"line":416,"column":24},"end":{"line":421,"column":5}},"95":{"start":{"line":422,"column":4},"end":{"line":427,"column":5}},"96":{"start":{"line":423,"column":6},"end":{"line":425,"column":8}},"97":{"start":{"line":426,"column":6},"end":{"line":426,"column":67}},"98":{"start":{"line":429,"column":17},"end":{"line":429,"column":44}},"99":{"start":{"line":430,"column":4},"end":{"line":432,"column":5}},"100":{"start":{"line":431,"column":6},"end":{"line":431,"column":65}},"101":{"start":{"line":435,"column":28},"end":{"line":437,"column":5}},"102":{"start":{"line":436,"column":13},"end":{"line":436,"column":46}},"103":{"start":{"line":438,"column":4},"end":{"line":442,"column":5}},"104":{"start":{"line":439,"column":6},"end":{"line":441,"column":72}},"105":{"start":{"line":445,"column":22},"end":{"line":451,"column":5}},"106":{"start":{"line":452,"column":26},"end":{"line":452,"column":59}},"107":{"start":{"line":455,"column":4},"end":{"line":461,"column":5}},"108":{"start":{"line":456,"column":6},"end":{"line":456,"column":42}},"109":{"start":{"line":458,"column":6},"end":{"line":460,"column":10}},"110":{"start":{"line":464,"column":12},"end":{"line":464,"column":29}},"111":{"start":{"line":465,"column":26},"end":{"line":465,"column":27}},"112":{"start":{"line":466,"column":12},"end":{"line":466,"column":49}},"113":{"start":{"line":467,"column":20},"end":{"line":467,"column":21}},"114":{"start":{"line":470,"column":24},"end":{"line":470,"column":25}},"115":{"start":{"line":471,"column":4},"end":{"line":475,"column":5}},"116":{"start":{"line":472,"column":6},"end":{"line":474,"column":67}},"117":{"start":{"line":478,"column":24},"end":{"line":478,"column":30}},"118":{"start":{"line":479,"column":4},"end":{"line":483,"column":5}},"119":{"start":{"line":480,"column":6},"end":{"line":482,"column":67}},"120":{"start":{"line":486,"column":4},"end":{"line":488,"column":5}},"121":{"start":{"line":487,"column":6},"end":{"line":487,"column":69}},"122":{"start":{"line":491,"column":4},"end":{"line":500,"column":5}},"123":{"start":{"line":492,"column":6},"end":{"line":492,"column":52}},"124":{"start":{"line":493,"column":6},"end":{"line":493,"column":44}},"125":{"start":{"line":494,"column":11},"end":{"line":500,"column":5}},"126":{"start":{"line":495,"column":6},"end":{"line":495,"column":30}},"127":{"start":{"line":498,"column":6},"end":{"line":498,"column":52}},"128":{"start":{"line":499,"column":6},"end":{"line":499,"column":44}},"129":{"start":{"line":502,"column":4},"end":{"line":502,"column":49}},"130":{"start":{"line":503,"column":4},"end":{"line":503,"column":33}},"131":{"start":{"line":507,"column":24},"end":{"line":515,"column":6}},"132":{"start":{"line":519,"column":23},"end":{"line":526,"column":6}},"133":{"start":{"line":530,"column":22},"end":{"line":539,"column":5}},"134":{"start":{"line":542,"column":4},"end":{"line":556,"column":5}},"135":{"start":{"line":543,"column":6},"end":{"line":543,"column":75}},"136":{"start":{"line":544,"column":6},"end":{"line":555,"column":9}},"137":{"start":{"line":559,"column":24},"end":{"line":562,"column":6}},"138":{"start":{"line":563,"column":28},"end":{"line":572,"column":5}},"139":{"start":{"line":573,"column":29},"end":{"line":576,"column":6}},"140":{"start":{"line":577,"column":4},"end":{"line":577,"column":60}},"141":{"start":{"line":578,"column":4},"end":{"line":580,"column":5}},"142":{"start":{"line":579,"column":6},"end":{"line":579,"column":74}},"143":{"start":{"line":582,"column":17},"end":{"line":582,"column":21}},"144":{"start":{"line":584,"column":4},"end":{"line":807,"column":5}},"145":{"start":{"line":585,"column":28},"end":{"line":585,"column":50}},"146":{"start":{"line":586,"column":32},"end":{"line":586,"column":58}},"147":{"start":{"line":588,"column":6},"end":{"line":777,"column":7}},"148":{"start":{"line":591,"column":8},"end":{"line":705,"column":9}},"149":{"start":{"line":594,"column":10},"end":{"line":594,"column":73}},"150":{"start":{"line":595,"column":10},"end":{"line":600,"column":12}},"151":{"start":{"line":601,"column":10},"end":{"line":601,"column":45}},"152":{"start":{"line":602,"column":10},"end":{"line":602,"column":72}},"153":{"start":{"line":603,"column":10},"end":{"line":603,"column":63}},"154":{"start":{"line":606,"column":10},"end":{"line":618,"column":11}},"155":{"start":{"line":609,"column":32},"end":{"line":609,"column":62}},"156":{"start":{"line":610,"column":12},"end":{"line":612,"column":14}},"157":{"start":{"line":617,"column":12},"end":{"line":617,"column":73}},"158":{"start":{"line":622,"column":10},"end":{"line":701,"column":11}},"159":{"start":{"line":623,"column":12},"end":{"line":651,"column":13}},"160":{"start":{"line":625,"column":14},"end":{"line":627,"column":16}},"161":{"start":{"line":628,"column":14},"end":{"line":630,"column":16}},"162":{"start":{"line":632,"column":14},"end":{"line":634,"column":16}},"163":{"start":{"line":637,"column":14},"end":{"line":639,"column":16}},"164":{"start":{"line":640,"column":14},"end":{"line":642,"column":16}},"165":{"start":{"line":643,"column":14},"end":{"line":643,"column":40}},"166":{"start":{"line":644,"column":14},"end":{"line":650,"column":16}},"167":{"start":{"line":652,"column":17},"end":{"line":701,"column":11}},"168":{"start":{"line":653,"column":12},"end":{"line":700,"column":13}},"169":{"start":{"line":655,"column":14},"end":{"line":657,"column":16}},"170":{"start":{"line":658,"column":14},"end":{"line":660,"column":16}},"171":{"start":{"line":665,"column":14},"end":{"line":665,"column":52}},"172":{"start":{"line":668,"column":14},"end":{"line":677,"column":15}},"173":{"start":{"line":670,"column":16},"end":{"line":670,"column":34}},"174":{"start":{"line":671,"column":16},"end":{"line":671,"column":46}},"175":{"start":{"line":674,"column":16},"end":{"line":676,"column":18}},"176":{"start":{"line":681,"column":14},"end":{"line":683,"column":16}},"177":{"start":{"line":684,"column":14},"end":{"line":686,"column":16}},"178":{"start":{"line":687,"column":14},"end":{"line":687,"column":40}},"179":{"start":{"line":688,"column":14},"end":{"line":690,"column":16}},"180":{"start":{"line":691,"column":14},"end":{"line":691,"column":52}},"181":{"start":{"line":693,"column":14},"end":{"line":699,"column":16}},"182":{"start":{"line":702,"column":10},"end":{"line":702,"column":33}},"183":{"start":{"line":703,"column":10},"end":{"line":703,"column":72}},"184":{"start":{"line":704,"column":10},"end":{"line":704,"column":63}},"185":{"start":{"line":709,"column":8},"end":{"line":776,"column":9}},"186":{"start":{"line":710,"column":10},"end":{"line":710,"column":77}},"187":{"start":{"line":711,"column":10},"end":{"line":713,"column":12}},"188":{"start":{"line":714,"column":10},"end":{"line":719,"column":12}},"189":{"start":{"line":720,"column":10},"end":{"line":720,"column":72}},"190":{"start":{"line":721,"column":10},"end":{"line":721,"column":63}},"191":{"start":{"line":723,"column":10},"end":{"line":723,"column":71}},"192":{"start":{"line":726,"column":10},"end":{"line":728,"column":12}},"193":{"start":{"line":730,"column":10},"end":{"line":775,"column":11}},"194":{"start":{"line":731,"column":12},"end":{"line":752,"column":13}},"195":{"start":{"line":732,"column":14},"end":{"line":734,"column":16}},"196":{"start":{"line":735,"column":14},"end":{"line":737,"column":16}},"197":{"start":{"line":738,"column":14},"end":{"line":738,"column":37}},"198":{"start":{"line":739,"column":14},"end":{"line":739,"column":76}},"199":{"start":{"line":740,"column":14},"end":{"line":740,"column":67}},"200":{"start":{"line":742,"column":14},"end":{"line":744,"column":16}},"201":{"start":{"line":745,"column":14},"end":{"line":747,"column":16}},"202":{"start":{"line":748,"column":14},"end":{"line":748,"column":46}},"203":{"start":{"line":749,"column":14},"end":{"line":749,"column":37}},"204":{"start":{"line":750,"column":14},"end":{"line":750,"column":76}},"205":{"start":{"line":751,"column":14},"end":{"line":751,"column":67}},"206":{"start":{"line":754,"column":40},"end":{"line":754,"column":57}},"207":{"start":{"line":755,"column":12},"end":{"line":755,"column":79}},"208":{"start":{"line":756,"column":12},"end":{"line":758,"column":14}},"209":{"start":{"line":759,"column":12},"end":{"line":761,"column":14}},"210":{"start":{"line":762,"column":12},"end":{"line":769,"column":13}},"211":{"start":{"line":763,"column":34},"end":{"line":763,"column":64}},"212":{"start":{"line":764,"column":14},"end":{"line":766,"column":16}},"213":{"start":{"line":768,"column":14},"end":{"line":768,"column":75}},"214":{"start":{"line":770,"column":12},"end":{"line":770,"column":44}},"215":{"start":{"line":771,"column":12},"end":{"line":771,"column":35}},"216":{"start":{"line":772,"column":12},"end":{"line":772,"column":74}},"217":{"start":{"line":773,"column":12},"end":{"line":773,"column":65}},"218":{"start":{"line":774,"column":12},"end":{"line":774,"column":38}},"219":{"start":{"line":781,"column":6},"end":{"line":804,"column":9}},"220":{"start":{"line":805,"column":6},"end":{"line":805,"column":48}},"221":{"start":{"line":806,"column":6},"end":{"line":806,"column":67}},"222":{"start":{"line":810,"column":27},"end":{"line":810,"column":29}},"223":{"start":{"line":812,"column":4},"end":{"line":814,"column":5}},"224":{"start":{"line":813,"column":6},"end":{"line":813,"column":46}},"225":{"start":{"line":816,"column":4},"end":{"line":818,"column":5}},"226":{"start":{"line":817,"column":6},"end":{"line":817,"column":41}},"227":{"start":{"line":820,"column":4},"end":{"line":820,"column":37}},"228":{"start":{"line":821,"column":4},"end":{"line":821,"column":38}},"229":{"start":{"line":824,"column":4},"end":{"line":882,"column":5}},"230":{"start":{"line":825,"column":33},"end":{"line":828,"column":8}},"231":{"start":{"line":832,"column":28},"end":{"line":834,"column":7}},"232":{"start":{"line":833,"column":15},"end":{"line":833,"column":38}},"233":{"start":{"line":836,"column":6},"end":{"line":856,"column":7}},"234":{"start":{"line":838,"column":8},"end":{"line":838,"column":65}},"235":{"start":{"line":839,"column":8},"end":{"line":839,"column":54}},"236":{"start":{"line":840,"column":8},"end":{"line":840,"column":56}},"237":{"start":{"line":843,"column":8},"end":{"line":850,"column":9}},"238":{"start":{"line":844,"column":10},"end":{"line":844,"column":80}},"239":{"start":{"line":847,"column":10},"end":{"line":849,"column":12}},"240":{"start":{"line":853,"column":8},"end":{"line":855,"column":10}},"241":{"start":{"line":858,"column":6},"end":{"line":858,"column":62}},"242":{"start":{"line":860,"column":6},"end":{"line":860,"column":77}},"243":{"start":{"line":861,"column":6},"end":{"line":861,"column":45}},"244":{"start":{"line":864,"column":32},"end":{"line":867,"column":8}},"245":{"start":{"line":868,"column":6},"end":{"line":868,"column":62}},"246":{"start":{"line":869,"column":6},"end":{"line":869,"column":52}},"247":{"start":{"line":872,"column":6},"end":{"line":881,"column":7}},"248":{"start":{"line":873,"column":8},"end":{"line":875,"column":10}},"249":{"start":{"line":878,"column":8},"end":{"line":880,"column":10}},"250":{"start":{"line":885,"column":4},"end":{"line":885,"column":22}},"251":{"start":{"line":887,"column":3},"end":{"line":887,"column":49}},"252":{"start":{"line":888,"column":3},"end":{"line":888,"column":49}},"253":{"start":{"line":889,"column":3},"end":{"line":889,"column":30}},"254":{"start":{"line":892,"column":4},"end":{"line":901,"column":5}},"255":{"start":{"line":893,"column":6},"end":{"line":893,"column":47}},"256":{"start":{"line":894,"column":6},"end":{"line":894,"column":39}},"257":{"start":{"line":895,"column":6},"end":{"line":895,"column":50}},"258":{"start":{"line":897,"column":6},"end":{"line":900,"column":8}},"259":{"start":{"line":904,"column":23},"end":{"line":926,"column":6}},"260":{"start":{"line":928,"column":4},"end":{"line":928,"column":28}},"261":{"start":{"line":930,"column":3},"end":{"line":930,"column":50}},"262":{"start":{"line":932,"column":4},"end":{"line":934,"column":7}},"263":{"start":{"line":936,"column":4},"end":{"line":936,"column":54}},"264":{"start":{"line":937,"column":4},"end":{"line":939,"column":63}},"265":{"start":{"line":942,"column":17},"end":{"line":1428,"column":1}},"266":{"start":{"line":943,"column":17},"end":{"line":943,"column":20}},"267":{"start":{"line":945,"column":2},"end":{"line":1427,"column":3}},"268":{"start":{"line":959,"column":8},"end":{"line":959,"column":16}},"269":{"start":{"line":962,"column":4},"end":{"line":964,"column":5}},"270":{"start":{"line":963,"column":6},"end":{"line":963,"column":74}},"271":{"start":{"line":966,"column":20},"end":{"line":973,"column":6}},"272":{"start":{"line":974,"column":4},"end":{"line":976,"column":5}},"273":{"start":{"line":975,"column":6},"end":{"line":975,"column":63}},"274":{"start":{"line":978,"column":17},"end":{"line":978,"column":44}},"275":{"start":{"line":979,"column":4},"end":{"line":981,"column":5}},"276":{"start":{"line":980,"column":6},"end":{"line":980,"column":65}},"277":{"start":{"line":983,"column":4},"end":{"line":992,"column":5}},"278":{"start":{"line":984,"column":29},"end":{"line":986,"column":7}},"279":{"start":{"line":985,"column":15},"end":{"line":985,"column":62}},"280":{"start":{"line":987,"column":6},"end":{"line":991,"column":7}},"281":{"start":{"line":988,"column":8},"end":{"line":990,"column":79}},"282":{"start":{"line":994,"column":4},"end":{"line":996,"column":5}},"283":{"start":{"line":995,"column":6},"end":{"line":995,"column":71}},"284":{"start":{"line":999,"column":24},"end":{"line":1008,"column":5}},"285":{"start":{"line":1009,"column":4},"end":{"line":1014,"column":5}},"286":{"start":{"line":1010,"column":6},"end":{"line":1012,"column":8}},"287":{"start":{"line":1013,"column":6},"end":{"line":1013,"column":67}},"288":{"start":{"line":1017,"column":22},"end":{"line":1017,"column":55}},"289":{"start":{"line":1018,"column":26},"end":{"line":1018,"column":59}},"290":{"start":{"line":1022,"column":4},"end":{"line":1024,"column":5}},"291":{"start":{"line":1023,"column":6},"end":{"line":1023,"column":42}},"292":{"start":{"line":1027,"column":4},"end":{"line":1075,"column":5}},"293":{"start":{"line":1028,"column":19},"end":{"line":1028,"column":47}},"294":{"start":{"line":1029,"column":25},"end":{"line":1029,"column":50}},"295":{"start":{"line":1030,"column":6},"end":{"line":1033,"column":68}},"296":{"start":{"line":1035,"column":6},"end":{"line":1035,"column":50}},"297":{"start":{"line":1037,"column":6},"end":{"line":1049,"column":8}},"298":{"start":{"line":1052,"column":6},"end":{"line":1074,"column":7}},"299":{"start":{"line":1053,"column":8},"end":{"line":1066,"column":11}},"300":{"start":{"line":1070,"column":8},"end":{"line":1073,"column":10}},"301":{"start":{"line":1077,"column":12},"end":{"line":1077,"column":29}},"302":{"start":{"line":1078,"column":26},"end":{"line":1078,"column":27}},"303":{"start":{"line":1079,"column":12},"end":{"line":1079,"column":49}},"304":{"start":{"line":1080,"column":20},"end":{"line":1080,"column":21}},"305":{"start":{"line":1083,"column":4},"end":{"line":1087,"column":5}},"306":{"start":{"line":1084,"column":6},"end":{"line":1086,"column":68}},"307":{"start":{"line":1090,"column":4},"end":{"line":1112,"column":5}},"308":{"start":{"line":1097,"column":8},"end":{"line":1097,"column":54}},"309":{"start":{"line":1098,"column":8},"end":{"line":1098,"column":46}},"310":{"start":{"line":1099,"column":8},"end":{"line":1099,"column":14}},"311":{"start":{"line":1102,"column":8},"end":{"line":1102,"column":56}},"312":{"start":{"line":1103,"column":8},"end":{"line":1103,"column":48}},"313":{"start":{"line":1104,"column":8},"end":{"line":1104,"column":14}},"314":{"start":{"line":1107,"column":8},"end":{"line":1107,"column":54}},"315":{"start":{"line":1108,"column":8},"end":{"line":1108,"column":46}},"316":{"start":{"line":1109,"column":8},"end":{"line":1109,"column":14}},"317":{"start":{"line":1111,"column":8},"end":{"line":1111,"column":70}},"318":{"start":{"line":1114,"column":4},"end":{"line":1114,"column":49}},"319":{"start":{"line":1115,"column":4},"end":{"line":1115,"column":33}},"320":{"start":{"line":1121,"column":24},"end":{"line":1127,"column":6}},"321":{"start":{"line":1131,"column":23},"end":{"line":1137,"column":6}},"322":{"start":{"line":1141,"column":22},"end":{"line":1150,"column":5}},"323":{"start":{"line":1153,"column":4},"end":{"line":1167,"column":5}},"324":{"start":{"line":1154,"column":6},"end":{"line":1154,"column":68}},"325":{"start":{"line":1155,"column":6},"end":{"line":1166,"column":9}},"326":{"start":{"line":1170,"column":24},"end":{"line":1173,"column":6}},"327":{"start":{"line":1174,"column":28},"end":{"line":1182,"column":5}},"328":{"start":{"line":1183,"column":29},"end":{"line":1186,"column":6}},"329":{"start":{"line":1188,"column":4},"end":{"line":1190,"column":5}},"330":{"start":{"line":1189,"column":6},"end":{"line":1189,"column":74}},"331":{"start":{"line":1192,"column":17},"end":{"line":1192,"column":21}},"332":{"start":{"line":1193,"column":24},"end":{"line":1193,"column":29}},"333":{"start":{"line":1194,"column":28},"end":{"line":1194,"column":32}},"334":{"start":{"line":1196,"column":4},"end":{"line":1332,"column":5}},"335":{"start":{"line":1197,"column":28},"end":{"line":1197,"column":45}},"336":{"start":{"line":1198,"column":32},"end":{"line":1198,"column":53}},"337":{"start":{"line":1201,"column":6},"end":{"line":1207,"column":8}},"338":{"start":{"line":1209,"column":6},"end":{"line":1306,"column":7}},"339":{"start":{"line":1210,"column":8},"end":{"line":1261,"column":9}},"340":{"start":{"line":1212,"column":10},"end":{"line":1212,"column":34}},"341":{"start":{"line":1213,"column":10},"end":{"line":1213,"column":33}},"342":{"start":{"line":1214,"column":10},"end":{"line":1219,"column":30}},"343":{"start":{"line":1220,"column":10},"end":{"line":1220,"column":46}},"344":{"start":{"line":1221,"column":10},"end":{"line":1221,"column":45}},"345":{"start":{"line":1222,"column":10},"end":{"line":1222,"column":47}},"346":{"start":{"line":1223,"column":10},"end":{"line":1223,"column":69}},"347":{"start":{"line":1224,"column":10},"end":{"line":1224,"column":30}},"348":{"start":{"line":1227,"column":10},"end":{"line":1227,"column":40}},"349":{"start":{"line":1228,"column":10},"end":{"line":1228,"column":52}},"350":{"start":{"line":1229,"column":10},"end":{"line":1258,"column":11}},"351":{"start":{"line":1231,"column":12},"end":{"line":1244,"column":13}},"352":{"start":{"line":1233,"column":14},"end":{"line":1233,"column":60}},"353":{"start":{"line":1234,"column":14},"end":{"line":1234,"column":60}},"354":{"start":{"line":1235,"column":14},"end":{"line":1235,"column":42}},"355":{"start":{"line":1240,"column":14},"end":{"line":1240,"column":56}},"356":{"start":{"line":1241,"column":14},"end":{"line":1241,"column":64}},"357":{"start":{"line":1242,"column":14},"end":{"line":1242,"column":40}},"358":{"start":{"line":1243,"column":14},"end":{"line":1243,"column":72}},"359":{"start":{"line":1245,"column":17},"end":{"line":1258,"column":11}},"360":{"start":{"line":1246,"column":12},"end":{"line":1257,"column":13}},"361":{"start":{"line":1248,"column":14},"end":{"line":1248,"column":60}},"362":{"start":{"line":1249,"column":14},"end":{"line":1249,"column":60}},"363":{"start":{"line":1250,"column":14},"end":{"line":1250,"column":42}},"364":{"start":{"line":1253,"column":14},"end":{"line":1253,"column":56}},"365":{"start":{"line":1254,"column":14},"end":{"line":1254,"column":64}},"366":{"start":{"line":1255,"column":14},"end":{"line":1255,"column":40}},"367":{"start":{"line":1256,"column":14},"end":{"line":1256,"column":70}},"368":{"start":{"line":1259,"column":10},"end":{"line":1259,"column":33}},"369":{"start":{"line":1260,"column":10},"end":{"line":1260,"column":46}},"370":{"start":{"line":1264,"column":8},"end":{"line":1305,"column":9}},"371":{"start":{"line":1265,"column":10},"end":{"line":1265,"column":40}},"372":{"start":{"line":1266,"column":10},"end":{"line":1266,"column":52}},"373":{"start":{"line":1267,"column":10},"end":{"line":1288,"column":11}},"374":{"start":{"line":1268,"column":12},"end":{"line":1268,"column":58}},"375":{"start":{"line":1269,"column":12},"end":{"line":1269,"column":58}},"376":{"start":{"line":1271,"column":12},"end":{"line":1271,"column":40}},"377":{"start":{"line":1273,"column":12},"end":{"line":1273,"column":35}},"378":{"start":{"line":1274,"column":12},"end":{"line":1274,"column":48}},"379":{"start":{"line":1280,"column":12},"end":{"line":1280,"column":54}},"380":{"start":{"line":1282,"column":12},"end":{"line":1282,"column":62}},"381":{"start":{"line":1284,"column":12},"end":{"line":1284,"column":68}},"382":{"start":{"line":1285,"column":12},"end":{"line":1285,"column":44}},"383":{"start":{"line":1286,"column":12},"end":{"line":1286,"column":35}},"384":{"start":{"line":1287,"column":12},"end":{"line":1287,"column":48}},"385":{"start":{"line":1291,"column":10},"end":{"line":1291,"column":34}},"386":{"start":{"line":1292,"column":10},"end":{"line":1292,"column":47}},"387":{"start":{"line":1293,"column":10},"end":{"line":1293,"column":69}},"388":{"start":{"line":1295,"column":10},"end":{"line":1295,"column":33}},"389":{"start":{"line":1297,"column":10},"end":{"line":1297,"column":45}},"390":{"start":{"line":1298,"column":10},"end":{"line":1298,"column":60}},"391":{"start":{"line":1300,"column":10},"end":{"line":1300,"column":30}},"392":{"start":{"line":1301,"column":10},"end":{"line":1301,"column":42}},"393":{"start":{"line":1302,"column":10},"end":{"line":1302,"column":33}},"394":{"start":{"line":1303,"column":10},"end":{"line":1303,"column":46}},"395":{"start":{"line":1304,"column":10},"end":{"line":1304,"column":36}},"396":{"start":{"line":1309,"column":6},"end":{"line":1309,"column":28}},"397":{"start":{"line":1310,"column":6},"end":{"line":1330,"column":9}},"398":{"start":{"line":1331,"column":6},"end":{"line":1331,"column":26}},"399":{"start":{"line":1335,"column":27},"end":{"line":1335,"column":29}},"400":{"start":{"line":1336,"column":4},"end":{"line":1336,"column":61}},"401":{"start":{"line":1336,"column":21},"end":{"line":1336,"column":61}},"402":{"start":{"line":1337,"column":4},"end":{"line":1337,"column":51}},"403":{"start":{"line":1337,"column":16},"end":{"line":1337,"column":51}},"404":{"start":{"line":1340,"column":4},"end":{"line":1340,"column":38}},"405":{"start":{"line":1345,"column":31},"end":{"line":1348,"column":6}},"406":{"start":{"line":1349,"column":4},"end":{"line":1349,"column":61}},"407":{"start":{"line":1352,"column":4},"end":{"line":1352,"column":50}},"408":{"start":{"line":1355,"column":4},"end":{"line":1366,"column":5}},"409":{"start":{"line":1356,"column":6},"end":{"line":1356,"column":69}},"410":{"start":{"line":1357,"column":6},"end":{"line":1357,"column":50}},"411":{"start":{"line":1358,"column":6},"end":{"line":1358,"column":52}},"412":{"start":{"line":1359,"column":6},"end":{"line":1359,"column":54}},"413":{"start":{"line":1360,"column":6},"end":{"line":1362,"column":8}},"414":{"start":{"line":1365,"column":6},"end":{"line":1365,"column":72}},"415":{"start":{"line":1368,"column":4},"end":{"line":1368,"column":22}},"416":{"start":{"line":1372,"column":4},"end":{"line":1372,"column":49}},"417":{"start":{"line":1373,"column":3},"end":{"line":1373,"column":49}},"418":{"start":{"line":1374,"column":3},"end":{"line":1374,"column":49}},"419":{"start":{"line":1375,"column":3},"end":{"line":1375,"column":40}},"420":{"start":{"line":1376,"column":4},"end":{"line":1376,"column":52}},"421":{"start":{"line":1379,"column":4},"end":{"line":1388,"column":5}},"422":{"start":{"line":1380,"column":6},"end":{"line":1380,"column":47}},"423":{"start":{"line":1381,"column":6},"end":{"line":1381,"column":39}},"424":{"start":{"line":1382,"column":6},"end":{"line":1382,"column":50}},"425":{"start":{"line":1384,"column":6},"end":{"line":1387,"column":8}},"426":{"start":{"line":1391,"column":23},"end":{"line":1412,"column":6}},"427":{"start":{"line":1413,"column":4},"end":{"line":1413,"column":28}},"428":{"start":{"line":1415,"column":3},"end":{"line":1415,"column":62}},"429":{"start":{"line":1417,"column":4},"end":{"line":1417,"column":72}},"430":{"start":{"line":1419,"column":4},"end":{"line":1423,"column":6}},"431":{"start":{"line":1424,"column":4},"end":{"line":1426,"column":68}},"432":{"start":{"line":1429,"column":29},"end":{"line":2029,"column":1}},"433":{"start":{"line":1430,"column":17},"end":{"line":1430,"column":20}},"434":{"start":{"line":1432,"column":2},"end":{"line":2028,"column":3}},"435":{"start":{"line":1452,"column":8},"end":{"line":1452,"column":16}},"436":{"start":{"line":1454,"column":25},"end":{"line":1454,"column":67}},"437":{"start":{"line":1455,"column":28},"end":{"line":1455,"column":42}},"438":{"start":{"line":1457,"column":5},"end":{"line":1457,"column":67}},"439":{"start":{"line":1459,"column":20},"end":{"line":1463,"column":5}},"440":{"start":{"line":1464,"column":66},"end":{"line":1464,"column":73}},"441":{"start":{"line":1467,"column":4},"end":{"line":1469,"column":5}},"442":{"start":{"line":1468,"column":6},"end":{"line":1468,"column":74}},"443":{"start":{"line":1471,"column":20},"end":{"line":1478,"column":6}},"444":{"start":{"line":1479,"column":4},"end":{"line":1481,"column":5}},"445":{"start":{"line":1480,"column":6},"end":{"line":1480,"column":63}},"446":{"start":{"line":1483,"column":17},"end":{"line":1483,"column":44}},"447":{"start":{"line":1484,"column":4},"end":{"line":1486,"column":5}},"448":{"start":{"line":1485,"column":6},"end":{"line":1485,"column":65}},"449":{"start":{"line":1488,"column":4},"end":{"line":1497,"column":5}},"450":{"start":{"line":1489,"column":29},"end":{"line":1491,"column":7}},"451":{"start":{"line":1490,"column":15},"end":{"line":1490,"column":62}},"452":{"start":{"line":1492,"column":6},"end":{"line":1496,"column":7}},"453":{"start":{"line":1493,"column":8},"end":{"line":1495,"column":79}},"454":{"start":{"line":1499,"column":4},"end":{"line":1501,"column":5}},"455":{"start":{"line":1500,"column":6},"end":{"line":1500,"column":71}},"456":{"start":{"line":1503,"column":23},"end":{"line":1517,"column":5}},"457":{"start":{"line":1518,"column":4},"end":{"line":1523,"column":5}},"458":{"start":{"line":1519,"column":6},"end":{"line":1521,"column":8}},"459":{"start":{"line":1522,"column":6},"end":{"line":1522,"column":66}},"460":{"start":{"line":1525,"column":22},"end":{"line":1525,"column":72}},"461":{"start":{"line":1526,"column":26},"end":{"line":1526,"column":59}},"462":{"start":{"line":1528,"column":22},"end":{"line":1528,"column":49}},"463":{"start":{"line":1530,"column":6},"end":{"line":1530,"column":66}},"464":{"start":{"line":1532,"column":6},"end":{"line":1534,"column":25}},"465":{"start":{"line":1535,"column":25},"end":{"line":1535,"column":72}},"466":{"start":{"line":1537,"column":27},"end":{"line":1537,"column":31}},"467":{"start":{"line":1539,"column":4},"end":{"line":1542,"column":5}},"468":{"start":{"line":1540,"column":6},"end":{"line":1540,"column":42}},"469":{"start":{"line":1541,"column":6},"end":{"line":1541,"column":55}},"470":{"start":{"line":1544,"column":4},"end":{"line":1643,"column":5}},"471":{"start":{"line":1545,"column":6},"end":{"line":1550,"column":8}},"472":{"start":{"line":1552,"column":6},"end":{"line":1556,"column":9}},"473":{"start":{"line":1558,"column":6},"end":{"line":1565,"column":7}},"474":{"start":{"line":1559,"column":8},"end":{"line":1561,"column":10}},"475":{"start":{"line":1562,"column":8},"end":{"line":1564,"column":11}},"476":{"start":{"line":1567,"column":6},"end":{"line":1569,"column":8}},"477":{"start":{"line":1571,"column":6},"end":{"line":1573,"column":7}},"478":{"start":{"line":1572,"column":8},"end":{"line":1572,"column":54}},"479":{"start":{"line":1575,"column":27},"end":{"line":1575,"column":66}},"480":{"start":{"line":1577,"column":8},"end":{"line":1577,"column":69}},"481":{"start":{"line":1579,"column":21},"end":{"line":1579,"column":35}},"482":{"start":{"line":1580,"column":6},"end":{"line":1602,"column":7}},"483":{"start":{"line":1581,"column":8},"end":{"line":1601,"column":9}},"484":{"start":{"line":1582,"column":32},"end":{"line":1582,"column":68}},"485":{"start":{"line":1583,"column":10},"end":{"line":1595,"column":11}},"486":{"start":{"line":1584,"column":31},"end":{"line":1587,"column":13}},"487":{"start":{"line":1588,"column":28},"end":{"line":1591,"column":14}},"488":{"start":{"line":1589,"column":30},"end":{"line":1589,"column":71}},"489":{"start":{"line":1590,"column":14},"end":{"line":1590,"column":48}},"490":{"start":{"line":1592,"column":12},"end":{"line":1594,"column":31}},"491":{"start":{"line":1597,"column":10},"end":{"line":1600,"column":12}},"492":{"start":{"line":1604,"column":6},"end":{"line":1642,"column":7}},"493":{"start":{"line":1606,"column":10},"end":{"line":1611,"column":61}},"494":{"start":{"line":1613,"column":32},"end":{"line":1623,"column":9}},"495":{"start":{"line":1625,"column":8},"end":{"line":1635,"column":9}},"496":{"start":{"line":1626,"column":10},"end":{"line":1628,"column":12}},"497":{"start":{"line":1629,"column":10},"end":{"line":1629,"column":58}},"498":{"start":{"line":1631,"column":10},"end":{"line":1633,"column":12}},"499":{"start":{"line":1634,"column":10},"end":{"line":1634,"column":52}},"500":{"start":{"line":1637,"column":8},"end":{"line":1637,"column":64}},"501":{"start":{"line":1638,"column":8},"end":{"line":1641,"column":11}},"502":{"start":{"line":1645,"column":4},"end":{"line":1647,"column":5}},"503":{"start":{"line":1646,"column":6},"end":{"line":1646,"column":52}},"504":{"start":{"line":1648,"column":25},"end":{"line":1648,"column":75}},"505":{"start":{"line":1650,"column":12},"end":{"line":1650,"column":29}},"506":{"start":{"line":1651,"column":12},"end":{"line":1651,"column":49}},"507":{"start":{"line":1652,"column":20},"end":{"line":1652,"column":21}},"508":{"start":{"line":1655,"column":4},"end":{"line":1667,"column":5}},"509":{"start":{"line":1662,"column":8},"end":{"line":1662,"column":56}},"510":{"start":{"line":1663,"column":8},"end":{"line":1663,"column":48}},"511":{"start":{"line":1664,"column":8},"end":{"line":1664,"column":14}},"512":{"start":{"line":1666,"column":8},"end":{"line":1666,"column":70}},"513":{"start":{"line":1669,"column":4},"end":{"line":1669,"column":49}},"514":{"start":{"line":1670,"column":4},"end":{"line":1670,"column":33}},"515":{"start":{"line":1672,"column":28},"end":{"line":1679,"column":6}},"516":{"start":{"line":1681,"column":27},"end":{"line":1686,"column":5}},"517":{"start":{"line":1688,"column":4},"end":{"line":1700,"column":5}},"518":{"start":{"line":1689,"column":6},"end":{"line":1699,"column":9}},"519":{"start":{"line":1702,"column":24},"end":{"line":1705,"column":6}},"520":{"start":{"line":1706,"column":28},"end":{"line":1714,"column":5}},"521":{"start":{"line":1715,"column":29},"end":{"line":1718,"column":6}},"522":{"start":{"line":1720,"column":4},"end":{"line":1722,"column":5}},"523":{"start":{"line":1721,"column":6},"end":{"line":1721,"column":74}},"524":{"start":{"line":1724,"column":21},"end":{"line":1733,"column":6}},"525":{"start":{"line":1735,"column":24},"end":{"line":1745,"column":10}},"526":{"start":{"line":1747,"column":22},"end":{"line":1747,"column":26}},"527":{"start":{"line":1748,"column":24},"end":{"line":1748,"column":29}},"528":{"start":{"line":1749,"column":28},"end":{"line":1749,"column":32}},"529":{"start":{"line":1751,"column":4},"end":{"line":1957,"column":5}},"530":{"start":{"line":1754,"column":6},"end":{"line":1760,"column":8}},"531":{"start":{"line":1761,"column":6},"end":{"line":1761,"column":30}},"532":{"start":{"line":1763,"column":6},"end":{"line":1763,"column":26}},"533":{"start":{"line":1764,"column":6},"end":{"line":1764,"column":50}},"534":{"start":{"line":1765,"column":6},"end":{"line":1765,"column":38}},"535":{"start":{"line":1766,"column":6},"end":{"line":1766,"column":40}},"536":{"start":{"line":1767,"column":6},"end":{"line":1767,"column":59}},"537":{"start":{"line":1768,"column":6},"end":{"line":1768,"column":28}},"538":{"start":{"line":1769,"column":6},"end":{"line":1769,"column":33}},"539":{"start":{"line":1770,"column":6},"end":{"line":1772,"column":8}},"540":{"start":{"line":1773,"column":11},"end":{"line":1957,"column":5}},"541":{"start":{"line":1778,"column":8},"end":{"line":1783,"column":70}},"542":{"start":{"line":1787,"column":8},"end":{"line":1792,"column":33}},"543":{"start":{"line":1794,"column":6},"end":{"line":1930,"column":7}},"544":{"start":{"line":1796,"column":8},"end":{"line":1796,"column":39}},"545":{"start":{"line":1797,"column":8},"end":{"line":1803,"column":10}},"546":{"start":{"line":1804,"column":8},"end":{"line":1806,"column":10}},"547":{"start":{"line":1808,"column":30},"end":{"line":1808,"column":47}},"548":{"start":{"line":1809,"column":34},"end":{"line":1809,"column":55}},"549":{"start":{"line":1811,"column":8},"end":{"line":1841,"column":9}},"550":{"start":{"line":1812,"column":10},"end":{"line":1825,"column":11}},"551":{"start":{"line":1814,"column":12},"end":{"line":1814,"column":58}},"552":{"start":{"line":1815,"column":12},"end":{"line":1815,"column":58}},"553":{"start":{"line":1816,"column":12},"end":{"line":1816,"column":40}},"554":{"start":{"line":1817,"column":12},"end":{"line":1817,"column":56}},"555":{"start":{"line":1820,"column":12},"end":{"line":1820,"column":54}},"556":{"start":{"line":1821,"column":12},"end":{"line":1821,"column":62}},"557":{"start":{"line":1822,"column":12},"end":{"line":1822,"column":38}},"558":{"start":{"line":1823,"column":12},"end":{"line":1823,"column":70}},"559":{"start":{"line":1824,"column":12},"end":{"line":1824,"column":76}},"560":{"start":{"line":1826,"column":15},"end":{"line":1841,"column":9}},"561":{"start":{"line":1827,"column":10},"end":{"line":1840,"column":11}},"562":{"start":{"line":1829,"column":12},"end":{"line":1829,"column":58}},"563":{"start":{"line":1830,"column":12},"end":{"line":1830,"column":58}},"564":{"start":{"line":1831,"column":12},"end":{"line":1831,"column":40}},"565":{"start":{"line":1832,"column":12},"end":{"line":1832,"column":56}},"566":{"start":{"line":1835,"column":12},"end":{"line":1835,"column":54}},"567":{"start":{"line":1836,"column":12},"end":{"line":1836,"column":62}},"568":{"start":{"line":1837,"column":12},"end":{"line":1837,"column":38}},"569":{"start":{"line":1838,"column":12},"end":{"line":1838,"column":68}},"570":{"start":{"line":1839,"column":12},"end":{"line":1839,"column":76}},"571":{"start":{"line":1842,"column":8},"end":{"line":1842,"column":31}},"572":{"start":{"line":1843,"column":8},"end":{"line":1843,"column":44}},"573":{"start":{"line":1844,"column":8},"end":{"line":1844,"column":51}},"574":{"start":{"line":1845,"column":8},"end":{"line":1845,"column":33}},"575":{"start":{"line":1846,"column":8},"end":{"line":1846,"column":38}},"576":{"start":{"line":1847,"column":8},"end":{"line":1847,"column":26}},"577":{"start":{"line":1848,"column":13},"end":{"line":1930,"column":7}},"578":{"start":{"line":1850,"column":8},"end":{"line":1850,"column":38}},"579":{"start":{"line":1851,"column":8},"end":{"line":1857,"column":10}},"580":{"start":{"line":1859,"column":30},"end":{"line":1859,"column":47}},"581":{"start":{"line":1860,"column":34},"end":{"line":1860,"column":55}},"582":{"start":{"line":1862,"column":8},"end":{"line":1888,"column":9}},"583":{"start":{"line":1863,"column":10},"end":{"line":1874,"column":11}},"584":{"start":{"line":1865,"column":12},"end":{"line":1865,"column":58}},"585":{"start":{"line":1866,"column":12},"end":{"line":1866,"column":58}},"586":{"start":{"line":1867,"column":12},"end":{"line":1867,"column":40}},"587":{"start":{"line":1870,"column":12},"end":{"line":1870,"column":54}},"588":{"start":{"line":1871,"column":12},"end":{"line":1871,"column":62}},"589":{"start":{"line":1872,"column":12},"end":{"line":1872,"column":38}},"590":{"start":{"line":1873,"column":12},"end":{"line":1873,"column":70}},"591":{"start":{"line":1875,"column":15},"end":{"line":1888,"column":9}},"592":{"start":{"line":1876,"column":10},"end":{"line":1887,"column":11}},"593":{"start":{"line":1878,"column":12},"end":{"line":1878,"column":58}},"594":{"start":{"line":1879,"column":12},"end":{"line":1879,"column":58}},"595":{"start":{"line":1880,"column":12},"end":{"line":1880,"column":40}},"596":{"start":{"line":1883,"column":12},"end":{"line":1883,"column":54}},"597":{"start":{"line":1884,"column":12},"end":{"line":1884,"column":62}},"598":{"start":{"line":1885,"column":12},"end":{"line":1885,"column":38}},"599":{"start":{"line":1886,"column":12},"end":{"line":1886,"column":68}},"600":{"start":{"line":1889,"column":8},"end":{"line":1889,"column":31}},"601":{"start":{"line":1890,"column":8},"end":{"line":1890,"column":44}},"602":{"start":{"line":1891,"column":8},"end":{"line":1891,"column":50}},"603":{"start":{"line":1892,"column":8},"end":{"line":1892,"column":33}},"604":{"start":{"line":1893,"column":8},"end":{"line":1893,"column":38}},"605":{"start":{"line":1894,"column":8},"end":{"line":1894,"column":26}},"606":{"start":{"line":1897,"column":8},"end":{"line":1897,"column":45}},"607":{"start":{"line":1898,"column":8},"end":{"line":1904,"column":10}},"608":{"start":{"line":1906,"column":8},"end":{"line":1906,"column":28}},"609":{"start":{"line":1907,"column":23},"end":{"line":1926,"column":10}},"610":{"start":{"line":1927,"column":8},"end":{"line":1927,"column":28}},"611":{"start":{"line":1928,"column":8},"end":{"line":1928,"column":33}},"612":{"start":{"line":1929,"column":8},"end":{"line":1929,"column":26}},"613":{"start":{"line":1934,"column":21},"end":{"line":1954,"column":8}},"614":{"start":{"line":1955,"column":6},"end":{"line":1955,"column":26}},"615":{"start":{"line":1956,"column":6},"end":{"line":1956,"column":31}},"616":{"start":{"line":1960,"column":23},"end":{"line":1982,"column":6}},"617":{"start":{"line":1984,"column":4},"end":{"line":1984,"column":28}},"618":{"start":{"line":1987,"column":31},"end":{"line":1990,"column":6}},"619":{"start":{"line":1991,"column":4},"end":{"line":1991,"column":61}},"620":{"start":{"line":1992,"column":4},"end":{"line":1992,"column":50}},"621":{"start":{"line":1995,"column":4},"end":{"line":1997,"column":5}},"622":{"start":{"line":1996,"column":6},"end":{"line":1996,"column":78}},"623":{"start":{"line":1999,"column":4},"end":{"line":1999,"column":22}},"624":{"start":{"line":2001,"column":4},"end":{"line":2003,"column":6}},"625":{"start":{"line":2006,"column":4},"end":{"line":2013,"column":5}},"626":{"start":{"line":2007,"column":6},"end":{"line":2007,"column":39}},"627":{"start":{"line":2009,"column":6},"end":{"line":2012,"column":8}},"628":{"start":{"line":2016,"column":3},"end":{"line":2016,"column":30}},"629":{"start":{"line":2017,"column":3},"end":{"line":2017,"column":49}},"630":{"start":{"line":2018,"column":3},"end":{"line":2018,"column":49}},"631":{"start":{"line":2020,"column":3},"end":{"line":2020,"column":50}},"632":{"start":{"line":2022,"column":4},"end":{"line":2022,"column":72}},"633":{"start":{"line":2024,"column":4},"end":{"line":2024,"column":47}},"634":{"start":{"line":2025,"column":4},"end":{"line":2027,"column":63}},"635":{"start":{"line":2031,"column":34},"end":{"line":2407,"column":1}},"636":{"start":{"line":2032,"column":19},"end":{"line":2042,"column":3}},"637":{"start":{"line":2044,"column":27},"end":{"line":2044,"column":28}},"638":{"start":{"line":2045,"column":20},"end":{"line":2045,"column":30}},"639":{"start":{"line":2047,"column":2},"end":{"line":2406,"column":3}},"640":{"start":{"line":2049,"column":21},"end":{"line":2054,"column":6}},"641":{"start":{"line":2056,"column":4},"end":{"line":2063,"column":5}},"642":{"start":{"line":2057,"column":6},"end":{"line":2062,"column":8}},"643":{"start":{"line":2066,"column":20},"end":{"line":2066,"column":63}},"644":{"start":{"line":2066,"column":52},"end":{"line":2066,"column":60}},"645":{"start":{"line":2067,"column":22},"end":{"line":2067,"column":74}},"646":{"start":{"line":2067,"column":42},"end":{"line":2067,"column":73}},"647":{"start":{"line":2068,"column":18},"end":{"line":2068,"column":66}},"648":{"start":{"line":2069,"column":20},"end":{"line":2069,"column":68}},"649":{"start":{"line":2069,"column":45},"end":{"line":2069,"column":66}},"650":{"start":{"line":2072,"column":24},"end":{"line":2078,"column":10}},"651":{"start":{"line":2073,"column":6},"end":{"line":2073,"column":35}},"652":{"start":{"line":2073,"column":24},"end":{"line":2073,"column":35}},"653":{"start":{"line":2074,"column":23},"end":{"line":2074,"column":69}},"654":{"start":{"line":2075,"column":6},"end":{"line":2075,"column":45}},"655":{"start":{"line":2075,"column":26},"end":{"line":2075,"column":45}},"656":{"start":{"line":2076,"column":6},"end":{"line":2076,"column":30}},"657":{"start":{"line":2077,"column":6},"end":{"line":2077,"column":17}},"658":{"start":{"line":2081,"column":4},"end":{"line":2339,"column":5}},"659":{"start":{"line":2082,"column":21},"end":{"line":2082,"column":43}},"660":{"start":{"line":2083,"column":24},"end":{"line":2085,"column":7}},"661":{"start":{"line":2084,"column":15},"end":{"line":2084,"column":48}},"662":{"start":{"line":2086,"column":6},"end":{"line":2086,"column":38}},"663":{"start":{"line":2086,"column":29},"end":{"line":2086,"column":38}},"664":{"start":{"line":2088,"column":24},"end":{"line":2088,"column":36}},"665":{"start":{"line":2092,"column":6},"end":{"line":2122,"column":7}},"666":{"start":{"line":2093,"column":24},"end":{"line":2102,"column":9}},"667":{"start":{"line":2104,"column":8},"end":{"line":2118,"column":9}},"668":{"start":{"line":2105,"column":10},"end":{"line":2105,"column":58}},"669":{"start":{"line":2107,"column":10},"end":{"line":2107,"column":64}},"670":{"start":{"line":2108,"column":10},"end":{"line":2108,"column":64}},"671":{"start":{"line":2109,"column":10},"end":{"line":2109,"column":72}},"672":{"start":{"line":2110,"column":10},"end":{"line":2110,"column":68}},"673":{"start":{"line":2111,"column":10},"end":{"line":2111,"column":80}},"674":{"start":{"line":2112,"column":10},"end":{"line":2112,"column":79}},"675":{"start":{"line":2113,"column":10},"end":{"line":2113,"column":51}},"676":{"start":{"line":2114,"column":10},"end":{"line":2117,"column":12}},"677":{"start":{"line":2120,"column":8},"end":{"line":2120,"column":67}},"678":{"start":{"line":2121,"column":8},"end":{"line":2121,"column":17}},"679":{"start":{"line":2124,"column":6},"end":{"line":2124,"column":46}},"680":{"start":{"line":2124,"column":37},"end":{"line":2124,"column":46}},"681":{"start":{"line":2126,"column":21},"end":{"line":2126,"column":51}},"682":{"start":{"line":2129,"column":21},"end":{"line":2129,"column":52}},"683":{"start":{"line":2130,"column":21},"end":{"line":2130,"column":52}},"684":{"start":{"line":2133,"column":6},"end":{"line":2338,"column":7}},"685":{"start":{"line":2134,"column":8},"end":{"line":2337,"column":9}},"686":{"start":{"line":2135,"column":23},"end":{"line":2135,"column":57}},"687":{"start":{"line":2136,"column":10},"end":{"line":2138,"column":11}},"688":{"start":{"line":2137,"column":12},"end":{"line":2137,"column":21}},"689":{"start":{"line":2141,"column":10},"end":{"line":2200,"column":11}},"690":{"start":{"line":2142,"column":33},"end":{"line":2142,"column":54}},"691":{"start":{"line":2143,"column":34},"end":{"line":2143,"column":59}},"692":{"start":{"line":2145,"column":31},"end":{"line":2157,"column":13}},"693":{"start":{"line":2158,"column":12},"end":{"line":2163,"column":13}},"694":{"start":{"line":2159,"column":14},"end":{"line":2161,"column":16}},"695":{"start":{"line":2162,"column":14},"end":{"line":2162,"column":23}},"696":{"start":{"line":2165,"column":12},"end":{"line":2175,"column":13}},"697":{"start":{"line":2166,"column":14},"end":{"line":2168,"column":16}},"698":{"start":{"line":2169,"column":14},"end":{"line":2174,"column":17}},"699":{"start":{"line":2178,"column":42},"end":{"line":2181,"column":14}},"700":{"start":{"line":2182,"column":12},"end":{"line":2196,"column":13}},"701":{"start":{"line":2183,"column":14},"end":{"line":2195,"column":16}},"702":{"start":{"line":2198,"column":12},"end":{"line":2198,"column":33}},"703":{"start":{"line":2199,"column":12},"end":{"line":2199,"column":21}},"704":{"start":{"line":2204,"column":10},"end":{"line":2217,"column":11}},"705":{"start":{"line":2205,"column":12},"end":{"line":2205,"column":80}},"706":{"start":{"line":2206,"column":17},"end":{"line":2217,"column":11}},"707":{"start":{"line":2207,"column":12},"end":{"line":2210,"column":14}},"708":{"start":{"line":2212,"column":12},"end":{"line":2216,"column":14}},"709":{"start":{"line":2219,"column":10},"end":{"line":2225,"column":11}},"710":{"start":{"line":2220,"column":12},"end":{"line":2223,"column":14}},"711":{"start":{"line":2224,"column":12},"end":{"line":2224,"column":21}},"712":{"start":{"line":2229,"column":29},"end":{"line":2233,"column":11}},"713":{"start":{"line":2234,"column":10},"end":{"line":2239,"column":11}},"714":{"start":{"line":2235,"column":12},"end":{"line":2237,"column":14}},"715":{"start":{"line":2238,"column":12},"end":{"line":2238,"column":21}},"716":{"start":{"line":2240,"column":10},"end":{"line":2240,"column":58}},"717":{"start":{"line":2242,"column":10},"end":{"line":2255,"column":11}},"718":{"start":{"line":2243,"column":12},"end":{"line":2245,"column":14}},"719":{"start":{"line":2246,"column":12},"end":{"line":2252,"column":15}},"720":{"start":{"line":2253,"column":23},"end":{"line":2253,"column":68}},"721":{"start":{"line":2254,"column":12},"end":{"line":2254,"column":70}},"722":{"start":{"line":2258,"column":36},"end":{"line":2261,"column":12}},"723":{"start":{"line":2263,"column":10},"end":{"line":2332,"column":11}},"724":{"start":{"line":2265,"column":12},"end":{"line":2331,"column":13}},"725":{"start":{"line":2266,"column":14},"end":{"line":2278,"column":16}},"726":{"start":{"line":2281,"column":34},"end":{"line":2281,"column":71}},"727":{"start":{"line":2282,"column":33},"end":{"line":2282,"column":61}},"728":{"start":{"line":2284,"column":16},"end":{"line":2286,"column":70}},"729":{"start":{"line":2292,"column":14},"end":{"line":2312,"column":15}},"730":{"start":{"line":2293,"column":16},"end":{"line":2301,"column":17}},"731":{"start":{"line":2294,"column":18},"end":{"line":2294,"column":36}},"732":{"start":{"line":2295,"column":18},"end":{"line":2295,"column":79}},"733":{"start":{"line":2296,"column":18},"end":{"line":2296,"column":73}},"734":{"start":{"line":2298,"column":18},"end":{"line":2298,"column":36}},"735":{"start":{"line":2299,"column":18},"end":{"line":2299,"column":75}},"736":{"start":{"line":2300,"column":18},"end":{"line":2300,"column":72}},"737":{"start":{"line":2303,"column":16},"end":{"line":2311,"column":17}},"738":{"start":{"line":2304,"column":18},"end":{"line":2304,"column":36}},"739":{"start":{"line":2305,"column":18},"end":{"line":2305,"column":75}},"740":{"start":{"line":2306,"column":18},"end":{"line":2306,"column":72}},"741":{"start":{"line":2308,"column":18},"end":{"line":2308,"column":36}},"742":{"start":{"line":2309,"column":18},"end":{"line":2309,"column":79}},"743":{"start":{"line":2310,"column":18},"end":{"line":2310,"column":73}},"744":{"start":{"line":2314,"column":14},"end":{"line":2326,"column":16}},"745":{"start":{"line":2328,"column":14},"end":{"line":2330,"column":16}},"746":{"start":{"line":2334,"column":10},"end":{"line":2334,"column":31}},"747":{"start":{"line":2336,"column":10},"end":{"line":2336,"column":73}},"748":{"start":{"line":2342,"column":32},"end":{"line":2344,"column":5}},"749":{"start":{"line":2343,"column":37},"end":{"line":2343,"column":56}},"750":{"start":{"line":2346,"column":4},"end":{"line":2381,"column":5}},"751":{"start":{"line":2347,"column":6},"end":{"line":2380,"column":7}},"752":{"start":{"line":2348,"column":35},"end":{"line":2351,"column":10}},"753":{"start":{"line":2354,"column":10},"end":{"line":2354,"column":71}},"754":{"start":{"line":2357,"column":26},"end":{"line":2368,"column":9}},"755":{"start":{"line":2370,"column":8},"end":{"line":2374,"column":9}},"756":{"start":{"line":2371,"column":9},"end":{"line":2371,"column":58}},"757":{"start":{"line":2372,"column":9},"end":{"line":2372,"column":51}},"758":{"start":{"line":2373,"column":9},"end":{"line":2373,"column":44}},"759":{"start":{"line":2376,"column":8},"end":{"line":2379,"column":10}},"760":{"start":{"line":2384,"column":4},"end":{"line":2386,"column":5}},"761":{"start":{"line":2385,"column":6},"end":{"line":2385,"column":50}},"762":{"start":{"line":2388,"column":27},"end":{"line":2388,"column":49}},"763":{"start":{"line":2390,"column":4},"end":{"line":2397,"column":6}},"764":{"start":{"line":2399,"column":4},"end":{"line":2399,"column":65}},"765":{"start":{"line":2400,"column":4},"end":{"line":2405,"column":6}},"766":{"start":{"line":2409,"column":40},"end":{"line":3124,"column":1}},"767":{"start":{"line":2412,"column":20},"end":{"line":2412,"column":44}},"768":{"start":{"line":2415,"column":2},"end":{"line":2422,"column":3}},"769":{"start":{"line":2417,"column":21},"end":{"line":2420,"column":5}},"770":{"start":{"line":2421,"column":4},"end":{"line":2421,"column":67}},"771":{"start":{"line":2425,"column":2},"end":{"line":2425,"column":32}},"772":{"start":{"line":2428,"column":25},"end":{"line":2428,"column":33}},"773":{"start":{"line":2429,"column":24},"end":{"line":2429,"column":32}},"774":{"start":{"line":2430,"column":27},"end":{"line":2430,"column":28}},"775":{"start":{"line":2432,"column":20},"end":{"line":2432,"column":44}},"776":{"start":{"line":2434,"column":2},"end":{"line":3123,"column":3}},"777":{"start":{"line":2436,"column":17},"end":{"line":2440,"column":6}},"778":{"start":{"line":2442,"column":4},"end":{"line":2551,"column":5}},"779":{"start":{"line":2443,"column":6},"end":{"line":2539,"column":7}},"780":{"start":{"line":2445,"column":30},"end":{"line":2451,"column":9}},"781":{"start":{"line":2448,"column":34},"end":{"line":2448,"column":78}},"782":{"start":{"line":2449,"column":31},"end":{"line":2449,"column":44}},"783":{"start":{"line":2454,"column":24},"end":{"line":2454,"column":79}},"784":{"start":{"line":2456,"column":8},"end":{"line":2533,"column":9}},"785":{"start":{"line":2457,"column":10},"end":{"line":2532,"column":11}},"786":{"start":{"line":2459,"column":31},"end":{"line":2459,"column":35}},"787":{"start":{"line":2460,"column":29},"end":{"line":2460,"column":30}},"788":{"start":{"line":2461,"column":31},"end":{"line":2461,"column":32}},"789":{"start":{"line":2463,"column":12},"end":{"line":2494,"column":13}},"790":{"start":{"line":2464,"column":14},"end":{"line":2493,"column":15}},"791":{"start":{"line":2465,"column":41},"end":{"line":2465,"column":75}},"792":{"start":{"line":2466,"column":16},"end":{"line":2466,"column":58}},"793":{"start":{"line":2467,"column":16},"end":{"line":2467,"column":22}},"794":{"start":{"line":2469,"column":16},"end":{"line":2469,"column":29}},"795":{"start":{"line":2470,"column":16},"end":{"line":2473,"column":18}},"796":{"start":{"line":2475,"column":16},"end":{"line":2492,"column":17}},"797":{"start":{"line":2476,"column":18},"end":{"line":2487,"column":20}},"798":{"start":{"line":2489,"column":18},"end":{"line":2491,"column":20}},"799":{"start":{"line":2490,"column":20},"end":{"line":2490,"column":58}},"800":{"start":{"line":2496,"column":31},"end":{"line":2496,"column":49}},"801":{"start":{"line":2497,"column":33},"end":{"line":2497,"column":79}},"802":{"start":{"line":2499,"column":12},"end":{"line":2526,"column":13}},"803":{"start":{"line":2500,"column":14},"end":{"line":2504,"column":16}},"804":{"start":{"line":2507,"column":14},"end":{"line":2521,"column":15}},"805":{"start":{"line":2508,"column":38},"end":{"line":2508,"column":50}},"806":{"start":{"line":2510,"column":16},"end":{"line":2520,"column":17}},"807":{"start":{"line":2512,"column":46},"end":{"line":2514,"column":19}},"808":{"start":{"line":2513,"column":30},"end":{"line":2513,"column":57}},"809":{"start":{"line":2515,"column":45},"end":{"line":2515,"column":67}},"810":{"start":{"line":2517,"column":40},"end":{"line":2517,"column":73}},"811":{"start":{"line":2519,"column":18},"end":{"line":2519,"column":74}},"812":{"start":{"line":2523,"column":14},"end":{"line":2525,"column":16}},"813":{"start":{"line":2528,"column":12},"end":{"line":2531,"column":14}},"814":{"start":{"line":2535,"column":8},"end":{"line":2538,"column":10}},"815":{"start":{"line":2541,"column":23},"end":{"line":2544,"column":7}},"816":{"start":{"line":2547,"column":22},"end":{"line":2547,"column":46}},"817":{"start":{"line":2548,"column":6},"end":{"line":2548,"column":37}},"818":{"start":{"line":2550,"column":6},"end":{"line":2550,"column":69}},"819":{"start":{"line":2554,"column":24},"end":{"line":2559,"column":10}},"820":{"start":{"line":2555,"column":18},"end":{"line":2555,"column":39}},"821":{"start":{"line":2556,"column":6},"end":{"line":2556,"column":35}},"822":{"start":{"line":2556,"column":21},"end":{"line":2556,"column":35}},"823":{"start":{"line":2557,"column":6},"end":{"line":2557,"column":23}},"824":{"start":{"line":2558,"column":6},"end":{"line":2558,"column":17}},"825":{"start":{"line":2561,"column":20},"end":{"line":2561,"column":59}},"826":{"start":{"line":2561,"column":48},"end":{"line":2561,"column":56}},"827":{"start":{"line":2562,"column":30},"end":{"line":2562,"column":32}},"828":{"start":{"line":2566,"column":4},"end":{"line":3020,"column":5}},"829":{"start":{"line":2567,"column":20},"end":{"line":2567,"column":39}},"830":{"start":{"line":2568,"column":22},"end":{"line":2568,"column":39}},"831":{"start":{"line":2571,"column":25},"end":{"line":2571,"column":29}},"832":{"start":{"line":2574,"column":6},"end":{"line":2594,"column":7}},"833":{"start":{"line":2575,"column":8},"end":{"line":2577,"column":10}},"834":{"start":{"line":2578,"column":8},"end":{"line":2580,"column":10}},"835":{"start":{"line":2582,"column":8},"end":{"line":2593,"column":9}},"836":{"start":{"line":2585,"column":35},"end":{"line":2585,"column":69}},"837":{"start":{"line":2586,"column":10},"end":{"line":2586,"column":52}},"838":{"start":{"line":2588,"column":10},"end":{"line":2591,"column":12}},"839":{"start":{"line":2592,"column":10},"end":{"line":2592,"column":19}},"840":{"start":{"line":2597,"column":23},"end":{"line":2597,"column":41}},"841":{"start":{"line":2598,"column":6},"end":{"line":2607,"column":7}},"842":{"start":{"line":2599,"column":8},"end":{"line":2606,"column":9}},"843":{"start":{"line":2600,"column":10},"end":{"line":2600,"column":46}},"844":{"start":{"line":2602,"column":10},"end":{"line":2604,"column":12}},"845":{"start":{"line":2605,"column":10},"end":{"line":2605,"column":19}},"846":{"start":{"line":2609,"column":27},"end":{"line":2609,"column":73}},"847":{"start":{"line":2611,"column":6},"end":{"line":2616,"column":7}},"848":{"start":{"line":2612,"column":8},"end":{"line":2614,"column":10}},"849":{"start":{"line":2615,"column":8},"end":{"line":2615,"column":17}},"850":{"start":{"line":2619,"column":27},"end":{"line":2619,"column":36}},"851":{"start":{"line":2620,"column":6},"end":{"line":2622,"column":7}},"852":{"start":{"line":2621,"column":8},"end":{"line":2621,"column":63}},"853":{"start":{"line":2621,"column":28},"end":{"line":2621,"column":63}},"854":{"start":{"line":2625,"column":25},"end":{"line":2625,"column":27}},"855":{"start":{"line":2626,"column":26},"end":{"line":2626,"column":35}},"856":{"start":{"line":2628,"column":6},"end":{"line":2831,"column":7}},"857":{"start":{"line":2629,"column":8},"end":{"line":2830,"column":9}},"858":{"start":{"line":2630,"column":27},"end":{"line":2633,"column":12}},"859":{"start":{"line":2635,"column":10},"end":{"line":2641,"column":11}},"860":{"start":{"line":2636,"column":29},"end":{"line":2636,"column":53}},"861":{"start":{"line":2637,"column":12},"end":{"line":2639,"column":14}},"862":{"start":{"line":2640,"column":12},"end":{"line":2640,"column":21}},"863":{"start":{"line":2643,"column":10},"end":{"line":2643,"column":50}},"864":{"start":{"line":2645,"column":23},"end":{"line":2645,"column":58}},"865":{"start":{"line":2646,"column":10},"end":{"line":2651,"column":11}},"866":{"start":{"line":2647,"column":12},"end":{"line":2649,"column":14}},"867":{"start":{"line":2650,"column":12},"end":{"line":2650,"column":21}},"868":{"start":{"line":2653,"column":29},"end":{"line":2653,"column":71}},"869":{"start":{"line":2654,"column":33},"end":{"line":2654,"column":61}},"870":{"start":{"line":2656,"column":10},"end":{"line":2661,"column":11}},"871":{"start":{"line":2657,"column":12},"end":{"line":2659,"column":14}},"872":{"start":{"line":2660,"column":12},"end":{"line":2660,"column":21}},"873":{"start":{"line":2663,"column":27},"end":{"line":2663,"column":29}},"874":{"start":{"line":2664,"column":24},"end":{"line":2664,"column":26}},"875":{"start":{"line":2665,"column":20},"end":{"line":2665,"column":25}},"876":{"start":{"line":2667,"column":28},"end":{"line":2671,"column":18}},"877":{"start":{"line":2672,"column":10},"end":{"line":2677,"column":27}},"878":{"start":{"line":2679,"column":10},"end":{"line":2679,"column":48}},"879":{"start":{"line":2680,"column":10},"end":{"line":2683,"column":63}},"880":{"start":{"line":2686,"column":26},"end":{"line":2686,"column":27}},"881":{"start":{"line":2687,"column":34},"end":{"line":2687,"column":35}},"882":{"start":{"line":2688,"column":36},"end":{"line":2688,"column":37}},"883":{"start":{"line":2689,"column":37},"end":{"line":2689,"column":38}},"884":{"start":{"line":2691,"column":10},"end":{"line":2773,"column":11}},"885":{"start":{"line":2692,"column":12},"end":{"line":2732,"column":13}},"886":{"start":{"line":2696,"column":14},"end":{"line":2711,"column":15}},"887":{"start":{"line":2698,"column":16},"end":{"line":2698,"column":50}},"888":{"start":{"line":2699,"column":16},"end":{"line":2699,"column":40}},"889":{"start":{"line":2700,"column":16},"end":{"line":2700,"column":53}},"890":{"start":{"line":2701,"column":16},"end":{"line":2701,"column":59}},"891":{"start":{"line":2702,"column":16},"end":{"line":2702,"column":31}},"892":{"start":{"line":2705,"column":16},"end":{"line":2705,"column":54}},"893":{"start":{"line":2706,"column":16},"end":{"line":2706,"column":58}},"894":{"start":{"line":2707,"column":16},"end":{"line":2707,"column":48}},"895":{"start":{"line":2708,"column":16},"end":{"line":2708,"column":61}},"896":{"start":{"line":2709,"column":16},"end":{"line":2709,"column":67}},"897":{"start":{"line":2710,"column":16},"end":{"line":2710,"column":31}},"898":{"start":{"line":2712,"column":14},"end":{"line":2712,"column":36}},"899":{"start":{"line":2713,"column":14},"end":{"line":2713,"column":41}},"900":{"start":{"line":2723,"column":16},"end":{"line":2723,"column":47}},"901":{"start":{"line":2724,"column":16},"end":{"line":2724,"column":40}},"902":{"start":{"line":2725,"column":16},"end":{"line":2725,"column":50}},"903":{"start":{"line":2726,"column":16},"end":{"line":2726,"column":55}},"904":{"start":{"line":2727,"column":16},"end":{"line":2727,"column":53}},"905":{"start":{"line":2730,"column":14},"end":{"line":2730,"column":36}},"906":{"start":{"line":2731,"column":14},"end":{"line":2731,"column":41}},"907":{"start":{"line":2735,"column":12},"end":{"line":2772,"column":13}},"908":{"start":{"line":2736,"column":14},"end":{"line":2736,"column":45}},"909":{"start":{"line":2737,"column":14},"end":{"line":2737,"column":38}},"910":{"start":{"line":2738,"column":14},"end":{"line":2738,"column":48}},"911":{"start":{"line":2739,"column":14},"end":{"line":2739,"column":53}},"912":{"start":{"line":2740,"column":14},"end":{"line":2740,"column":36}},"913":{"start":{"line":2741,"column":14},"end":{"line":2741,"column":41}},"914":{"start":{"line":2742,"column":14},"end":{"line":2742,"column":29}},"915":{"start":{"line":2747,"column":14},"end":{"line":2767,"column":15}},"916":{"start":{"line":2750,"column":16},"end":{"line":2750,"column":50}},"917":{"start":{"line":2751,"column":16},"end":{"line":2751,"column":52}},"918":{"start":{"line":2752,"column":16},"end":{"line":2752,"column":53}},"919":{"start":{"line":2753,"column":16},"end":{"line":2753,"column":42}},"920":{"start":{"line":2754,"column":16},"end":{"line":2754,"column":59}},"921":{"start":{"line":2758,"column":37},"end":{"line":2758,"column":46}},"922":{"start":{"line":2759,"column":37},"end":{"line":2759,"column":50}},"923":{"start":{"line":2760,"column":36},"end":{"line":2760,"column":63}},"924":{"start":{"line":2762,"column":16},"end":{"line":2762,"column":49}},"925":{"start":{"line":2763,"column":16},"end":{"line":2763,"column":50}},"926":{"start":{"line":2764,"column":16},"end":{"line":2764,"column":52}},"927":{"start":{"line":2765,"column":16},"end":{"line":2765,"column":40}},"928":{"start":{"line":2766,"column":16},"end":{"line":2766,"column":58}},"929":{"start":{"line":2769,"column":14},"end":{"line":2769,"column":36}},"930":{"start":{"line":2770,"column":14},"end":{"line":2770,"column":41}},"931":{"start":{"line":2771,"column":14},"end":{"line":2771,"column":29}},"932":{"start":{"line":2775,"column":35},"end":{"line":2792,"column":11}},"933":{"start":{"line":2794,"column":10},"end":{"line":2797,"column":12}},"934":{"start":{"line":2800,"column":10},"end":{"line":2805,"column":11}},"935":{"start":{"line":2801,"column":12},"end":{"line":2803,"column":14}},"936":{"start":{"line":2804,"column":12},"end":{"line":2804,"column":21}},"937":{"start":{"line":2808,"column":25},"end":{"line":2808,"column":44}},"938":{"start":{"line":2809,"column":10},"end":{"line":2816,"column":11}},"939":{"start":{"line":2810,"column":12},"end":{"line":2815,"column":15}},"940":{"start":{"line":2818,"column":29},"end":{"line":2818,"column":52}},"941":{"start":{"line":2819,"column":10},"end":{"line":2819,"column":56}},"942":{"start":{"line":2820,"column":10},"end":{"line":2820,"column":60}},"943":{"start":{"line":2821,"column":10},"end":{"line":2821,"column":62}},"944":{"start":{"line":2823,"column":10},"end":{"line":2823,"column":44}},"945":{"start":{"line":2824,"column":10},"end":{"line":2824,"column":31}},"946":{"start":{"line":2826,"column":10},"end":{"line":2829,"column":12}},"947":{"start":{"line":2834,"column":6},"end":{"line":2863,"column":7}},"948":{"start":{"line":2835,"column":8},"end":{"line":2862,"column":9}},"949":{"start":{"line":2836,"column":71},"end":{"line":2836,"column":77}},"950":{"start":{"line":2838,"column":10},"end":{"line":2840,"column":12}},"951":{"start":{"line":2841,"column":10},"end":{"line":2847,"column":13}},"952":{"start":{"line":2848,"column":10},"end":{"line":2850,"column":13}},"953":{"start":{"line":2853,"column":28},"end":{"line":2853,"column":59}},"954":{"start":{"line":2854,"column":9},"end":{"line":2854,"column":58}},"955":{"start":{"line":2855,"column":9},"end":{"line":2855,"column":58}},"956":{"start":{"line":2856,"column":9},"end":{"line":2856,"column":44}},"957":{"start":{"line":2858,"column":10},"end":{"line":2861,"column":12}},"958":{"start":{"line":2866,"column":6},"end":{"line":2972,"column":7}},"959":{"start":{"line":2867,"column":8},"end":{"line":2971,"column":9}},"960":{"start":{"line":2868,"column":10},"end":{"line":2868,"column":65}},"961":{"start":{"line":2868,"column":52},"end":{"line":2868,"column":62}},"962":{"start":{"line":2869,"column":10},"end":{"line":2871,"column":12}},"963":{"start":{"line":2875,"column":39},"end":{"line":2875,"column":40}},"964":{"start":{"line":2877,"column":10},"end":{"line":2961,"column":11}},"965":{"start":{"line":2878,"column":12},"end":{"line":2960,"column":13}},"966":{"start":{"line":2880,"column":40},"end":{"line":2883,"column":16}},"967":{"start":{"line":2886,"column":14},"end":{"line":2954,"column":15}},"968":{"start":{"line":2887,"column":36},"end":{"line":2887,"column":73}},"969":{"start":{"line":2892,"column":16},"end":{"line":2892,"column":58}},"970":{"start":{"line":2893,"column":16},"end":{"line":2896,"column":73}},"971":{"start":{"line":2902,"column":16},"end":{"line":2931,"column":17}},"972":{"start":{"line":2903,"column":18},"end":{"line":2915,"column":19}},"973":{"start":{"line":2905,"column":20},"end":{"line":2905,"column":38}},"974":{"start":{"line":2906,"column":20},"end":{"line":2908,"column":22}},"975":{"start":{"line":2909,"column":20},"end":{"line":2909,"column":75}},"976":{"start":{"line":2912,"column":20},"end":{"line":2912,"column":38}},"977":{"start":{"line":2913,"column":20},"end":{"line":2913,"column":77}},"978":{"start":{"line":2914,"column":20},"end":{"line":2914,"column":74}},"979":{"start":{"line":2918,"column":18},"end":{"line":2930,"column":19}},"980":{"start":{"line":2920,"column":20},"end":{"line":2920,"column":38}},"981":{"start":{"line":2921,"column":20},"end":{"line":2921,"column":77}},"982":{"start":{"line":2922,"column":20},"end":{"line":2922,"column":74}},"983":{"start":{"line":2925,"column":20},"end":{"line":2925,"column":38}},"984":{"start":{"line":2926,"column":20},"end":{"line":2928,"column":22}},"985":{"start":{"line":2929,"column":20},"end":{"line":2929,"column":75}},"986":{"start":{"line":2933,"column":16},"end":{"line":2947,"column":18}},"987":{"start":{"line":2949,"column":16},"end":{"line":2949,"column":41}},"988":{"start":{"line":2951,"column":16},"end":{"line":2953,"column":18}},"989":{"start":{"line":2956,"column":14},"end":{"line":2959,"column":16}},"990":{"start":{"line":2963,"column":10},"end":{"line":2965,"column":12}},"991":{"start":{"line":2967,"column":10},"end":{"line":2970,"column":12}},"992":{"start":{"line":2975,"column":34},"end":{"line":2977,"column":7}},"993":{"start":{"line":2976,"column":36},"end":{"line":2976,"column":55}},"994":{"start":{"line":2978,"column":6},"end":{"line":2980,"column":8}},"995":{"start":{"line":2982,"column":6},"end":{"line":3019,"column":7}},"996":{"start":{"line":2983,"column":8},"end":{"line":3018,"column":9}},"997":{"start":{"line":2984,"column":37},"end":{"line":2987,"column":12}},"998":{"start":{"line":2990,"column":29},"end":{"line":2990,"column":70}},"999":{"start":{"line":2993,"column":28},"end":{"line":3004,"column":11}},"1000":{"start":{"line":3006,"column":10},"end":{"line":3012,"column":11}},"1001":{"start":{"line":3007,"column":12},"end":{"line":3007,"column":75}},"1002":{"start":{"line":3008,"column":12},"end":{"line":3008,"column":77}},"1003":{"start":{"line":3009,"column":12},"end":{"line":3011,"column":14}},"1004":{"start":{"line":3014,"column":10},"end":{"line":3017,"column":12}},"1005":{"start":{"line":3022,"column":26},"end":{"line":3038,"column":6}},"1006":{"start":{"line":3023,"column":6},"end":{"line":3037,"column":7}},"1007":{"start":{"line":3024,"column":21},"end":{"line":3024,"column":52}},"1008":{"start":{"line":3025,"column":8},"end":{"line":3031,"column":9}},"1009":{"start":{"line":3026,"column":10},"end":{"line":3030,"column":13}},"1010":{"start":{"line":3033,"column":8},"end":{"line":3036,"column":10}},"1011":{"start":{"line":3040,"column":4},"end":{"line":3040,"column":37}},"1012":{"start":{"line":3041,"column":4},"end":{"line":3041,"column":45}},"1013":{"start":{"line":3042,"column":4},"end":{"line":3044,"column":6}},"1014":{"start":{"line":3047,"column":4},"end":{"line":3057,"column":5}},"1015":{"start":{"line":3048,"column":6},"end":{"line":3048,"column":50}},"1016":{"start":{"line":3049,"column":6},"end":{"line":3049,"column":50}},"1017":{"start":{"line":3050,"column":6},"end":{"line":3050,"column":53}},"1018":{"start":{"line":3053,"column":6},"end":{"line":3056,"column":8}},"1019":{"start":{"line":3061,"column":4},"end":{"line":3094,"column":5}},"1020":{"start":{"line":3062,"column":6},"end":{"line":3093,"column":7}},"1021":{"start":{"line":3064,"column":27},"end":{"line":3064,"column":61}},"1022":{"start":{"line":3065,"column":29},"end":{"line":3065,"column":75}},"1023":{"start":{"line":3067,"column":8},"end":{"line":3087,"column":9}},"1024":{"start":{"line":3068,"column":10},"end":{"line":3070,"column":12}},"1025":{"start":{"line":3074,"column":32},"end":{"line":3076,"column":11}},"1026":{"start":{"line":3075,"column":22},"end":{"line":3075,"column":49}},"1027":{"start":{"line":3077,"column":31},"end":{"line":3077,"column":47}},"1028":{"start":{"line":3078,"column":32},"end":{"line":3078,"column":59}},"1029":{"start":{"line":3080,"column":10},"end":{"line":3082,"column":12}},"1030":{"start":{"line":3084,"column":10},"end":{"line":3086,"column":12}},"1031":{"start":{"line":3089,"column":8},"end":{"line":3092,"column":10}},"1032":{"start":{"line":3097,"column":21},"end":{"line":3100,"column":5}},"1033":{"start":{"line":3103,"column":20},"end":{"line":3103,"column":44}},"1034":{"start":{"line":3104,"column":4},"end":{"line":3104,"column":35}},"1035":{"start":{"line":3105,"column":4},"end":{"line":3107,"column":6}},"1036":{"start":{"line":3109,"column":4},"end":{"line":3109,"column":67}},"1037":{"start":{"line":3111,"column":22},"end":{"line":3111,"column":46}},"1038":{"start":{"line":3112,"column":4},"end":{"line":3112,"column":78}},"1039":{"start":{"line":3115,"column":4},"end":{"line":3115,"column":35}},"1040":{"start":{"line":3116,"column":4},"end":{"line":3116,"column":61}},"1041":{"start":{"line":3118,"column":26},"end":{"line":3121,"column":5}},"1042":{"start":{"line":3122,"column":4},"end":{"line":3122,"column":77}},"1043":{"start":{"line":3126,"column":36},"end":{"line":3445,"column":1}},"1044":{"start":{"line":3127,"column":2},"end":{"line":3444,"column":3}},"1045":{"start":{"line":3128,"column":29},"end":{"line":3128,"column":30}},"1046":{"start":{"line":3129,"column":30},"end":{"line":3129,"column":32}},"1047":{"start":{"line":3131,"column":4},"end":{"line":3421,"column":5}},"1048":{"start":{"line":3133,"column":19},"end":{"line":3137,"column":8}},"1049":{"start":{"line":3138,"column":6},"end":{"line":3138,"column":69}},"1050":{"start":{"line":3140,"column":6},"end":{"line":3143,"column":7}},"1051":{"start":{"line":3141,"column":8},"end":{"line":3141,"column":63}},"1052":{"start":{"line":3142,"column":8},"end":{"line":3142,"column":17}},"1053":{"start":{"line":3146,"column":26},"end":{"line":3150,"column":12}},"1054":{"start":{"line":3147,"column":8},"end":{"line":3147,"column":51}},"1055":{"start":{"line":3147,"column":30},"end":{"line":3147,"column":51}},"1056":{"start":{"line":3148,"column":8},"end":{"line":3148,"column":34}},"1057":{"start":{"line":3149,"column":8},"end":{"line":3149,"column":19}},"1058":{"start":{"line":3152,"column":6},"end":{"line":3371,"column":7}},"1059":{"start":{"line":3153,"column":8},"end":{"line":3370,"column":9}},"1060":{"start":{"line":3155,"column":11},"end":{"line":3156,"column":46}},"1061":{"start":{"line":3159,"column":11},"end":{"line":3160,"column":46}},"1062":{"start":{"line":3163,"column":11},"end":{"line":3164,"column":46}},"1063":{"start":{"line":3166,"column":10},"end":{"line":3364,"column":11}},"1064":{"start":{"line":3167,"column":24},"end":{"line":3167,"column":31}},"1065":{"start":{"line":3172,"column":12},"end":{"line":3228,"column":13}},"1066":{"start":{"line":3173,"column":14},"end":{"line":3173,"column":28}},"1067":{"start":{"line":3174,"column":14},"end":{"line":3174,"column":68}},"1068":{"start":{"line":3175,"column":19},"end":{"line":3228,"column":13}},"1069":{"start":{"line":3183,"column":14},"end":{"line":3204,"column":15}},"1070":{"start":{"line":3185,"column":18},"end":{"line":3185,"column":51}},"1071":{"start":{"line":3187,"column":16},"end":{"line":3192,"column":17}},"1072":{"start":{"line":3188,"column":18},"end":{"line":3190,"column":20}},"1073":{"start":{"line":3191,"column":18},"end":{"line":3191,"column":27}},"1074":{"start":{"line":3194,"column":16},"end":{"line":3194,"column":43}},"1075":{"start":{"line":3195,"column":16},"end":{"line":3197,"column":18}},"1076":{"start":{"line":3199,"column":16},"end":{"line":3202,"column":18}},"1077":{"start":{"line":3203,"column":16},"end":{"line":3203,"column":25}},"1078":{"start":{"line":3207,"column":33},"end":{"line":3216,"column":16}},"1079":{"start":{"line":3218,"column":14},"end":{"line":3221,"column":16}},"1080":{"start":{"line":3223,"column":14},"end":{"line":3225,"column":15}},"1081":{"start":{"line":3224,"column":16},"end":{"line":3224,"column":25}},"1082":{"start":{"line":3227,"column":14},"end":{"line":3227,"column":46}},"1083":{"start":{"line":3231,"column":27},"end":{"line":3231,"column":77}},"1084":{"start":{"line":3233,"column":25},"end":{"line":3233,"column":60}},"1085":{"start":{"line":3235,"column":12},"end":{"line":3238,"column":13}},"1086":{"start":{"line":3236,"column":14},"end":{"line":3236,"column":64}},"1087":{"start":{"line":3237,"column":14},"end":{"line":3237,"column":23}},"1088":{"start":{"line":3242,"column":12},"end":{"line":3251,"column":13}},"1089":{"start":{"line":3243,"column":14},"end":{"line":3244,"column":66}},"1090":{"start":{"line":3246,"column":14},"end":{"line":3250,"column":16}},"1091":{"start":{"line":3253,"column":12},"end":{"line":3259,"column":13}},"1092":{"start":{"line":3254,"column":14},"end":{"line":3257,"column":16}},"1093":{"start":{"line":3258,"column":14},"end":{"line":3258,"column":23}},"1094":{"start":{"line":3263,"column":31},"end":{"line":3267,"column":13
[...]
152,"b:3458:6:3460:7:undefined:undefined:undefined:undefined":376,"s:3458:6:3460:7":1153,"s:3459:8:3459:39":1154,"s:3462:19:3462:58":1155,"b:3464:6:3466:7:undefined:undefined:undefined:undefined":377,"s:3464:6:3466:7":1156,"s:3465:8:3465:17":1157,"s:3468:26:3475:12":1158,"f:3468:38:3468:39":46,"s:3470:10:3470:77":1159,"b:3470:34:3470:64:3470:67:3470:77":378,"b:3472:8:3472:37:undefined:undefined:undefined:undefined":379,"s:3472:8:3472:37":1160,"s:3472:23:3472:37":1161,"s:3473:8:3473:27":1162,"s:3474:8:3474:19":1163,"s:3477:6:3700:7":1164,"s:3478:8:3699:9":1165,"s:3479:10:3693:11":1166,"s:3480:25:3480:60":1167,"b:3481:12:3483:13:undefined:undefined:undefined:undefined":380,"s:3481:12:3483:13":1168,"s:3482:14:3482:23":1169,"b:3486:12:3515:13:3494:19:3515:13":381,"s:3486:12:3515:13":1170,"s:3488:14:3493:16":1171,"b:3491:44:3491:54:3491:57:3491:77":382,"b:3496:14:3514:15:3507:21:3514:15":383,"s:3496:14:3514:15":1172,"s:3497:28:3497:35":1173,"s:3498:35:3505:18":1174,"s:3506:16:3506:48":1175,"s:3509:41:3512:17":1176,"s:3513:16:3513:54":1177,"s:3517:31:3517:45":1178,"s:3518:12:3521:14":1179,"b:3523:12:3525:13:undefined:undefined:undefined:undefined":384,"s:3523:12:3525:13":1180,"s:3524:14:3524:23":1181,"b:3529:12:3535:13:3532:19:3535:13":385,"s:3529:12:3535:13":1182,"s:3531:14:3531:56":1183,"s:3534:14:3534:52":1184,"s:3536:12:3539:14":1185,"b:3542:12:3544:13:undefined:undefined:undefined:undefined":386,"s:3542:12:3544:13":1186,"s:3543:14:3543:23":1187,"s:3545:28:3545:48":1188,"s:3546:28:3546:29":1189,"s:3549:14:3551:60":1190,"b:3549:14:3549:20:3550:14:3550:21:3551:14:3551:60":387,"b:3554:12:3684:13:3594:19:3684:13":388,"s:3554:12:3684:13":1191,"b:3555:14:3555:43:3556:14:3556:43":389,"b:3558:14:3593:15:3575:21:3593:15":390,"s:3558:14:3593:15":1192,"b:3559:16:3574:17:3567:23:3574:17":391,"s:3559:16:3574:17":1193,"s:3560:18:3560:44":1194,"s:3561:18:3561:57":1195,"s:3562:18:3562:55":1196,"s:3563:18:3563:41":1197,"s:3564:18:3564:40":1198,"s:3565:18:3565:45":1199,"s:3566:18:3566:33":1200,"s:3568:18:3568:57":1201,"s:3569:18:3569:52":1202,"s:3570:18:3570:41":1203,"s:3571:18:3571:40":1204,"s:3572:18:3572:45":1205,"s:3573:18:3573:33":1206,"b:3577:16:3592:17:3584:23:3592:17":392,"s:3577:16:3592:17":1207,"s:3578:18:3578:57":1208,"s:3579:18:3579:52":1209,"s:3580:18:3580:41":1210,"s:3581:18:3581:40":1211,"s:3582:18:3582:45":1212,"s:3583:18:3583:33":1213,"s:3585:18:3585:44":1214,"s:3586:18:3586:57":1215,"s:3587:18:3587:55":1216,"s:3588:18:3588:41":1217,"s:3589:18:3589:40":1218,"s:3590:18:3590:45":1219,"s:3591:18:3591:33":1220,"b:3594:19:3684:13:3627:19:3684:13":393,"s:3594:19:3684:13":1221,"b:3596:14:3623:15:3609:21:3623:15":394,"s:3596:14:3623:15":1222,"b:3597:16:3608:17:3603:23:3608:17":395,"s:3597:16:3608:17":1223,"s:3599:18:3599:44":1224,"s:3600:18:3600:57":1225,"s:3601:18:3601:55":1226,"s:3602:18:3602:33":1227,"s:3605:18:3605:57":1228,"s:3606:18:3606:52":1229,"s:3607:18:3607:33":1230,"b:3609:21:3623:15:undefined:undefined:undefined:undefined":396,"s:3609:21:3623:15":1231,"b:3611:16:3622:17:3616:23:3622:17":397,"s:3611:16:3622:17":1232,"s:3613:18:3613:57":1233,"s:3614:18:3614:52":1234,"s:3615:18:3615:33":1235,"s:3618:18:3618:44":1236,"s:3619:18:3619:57":1237,"s:3620:18:3620:55":1238,"s:3621:18:3621:33":1239,"s:3624:14:3624:37":1240,"s:3625:14:3625:36":1241,"s:3626:14:3626:41":1242,"b:3627:19:3684:13:3667:19:3684:13":398,"s:3627:19:3684:13":1243,"b:3628:14:3628:38:3629:14:3629:46":399,"b:3631:14:3666:15:3648:21:3666:15":400,"s:3631:14:3666:15":1244,"b:3632:16:3647:17:3640:23:3647:17":401,"s:3632:16:3647:17":1245,"s:3633:18:3633:56":1246,"s:3634:18:3634:57":1247,"s:3635:18:3635:55":1248,"s:3636:18:3636:41":1249,"s:3637:18:3637:40":1250,"s:3638:18:3638:45":1251,"s:3639:18:3639:33":1252,"s:3641:18:3641:57":1253,"s:3642:18:3642:52":1254,"s:3643:18:3643:41":1255,"s:3644:18:3644:40":1256,"s:3645:18:3645:45":1257,"s:3646:18:3646:33":1258,"b:3650:16:3665:17:3657:23:3665:17":402,"s:3650:16:3665:17":1259,"s:3651:18:3651:57":1260,"s:3652:18:3652:52":1261,"s:3653:18:3653:41":1262,"s:3654:18:3654:40":1263,"s:3655:18:3655:45":1264,"s:3656:18:3656:33":1265,"s:3658:18:3658:56":1266,"s:3659:18:3659:57":1267,"s:3660:18:3660:55":1268,"s:3661:18:3661:41":1269,"s:3662:18:3662:40":1270,"s:3663:18:3663:45":1271,"s:3664:18:3664:33":1272,"b:3667:19:3684:13:undefined:undefined:undefined:undefined":403,"s:3667:19:3684:13":1273,"b:3667:23:3667:42:3667:46:3667:71":404,"b:3668:14:3683:15:3676:21:3683:15":405,"s:3668:14:3683:15":1274,"s:3669:16:3669:54":1275,"s:3670:16:3670:55":1276,"s:3671:16:3671:53":1277,"s:3672:16:3672:39":1278,"s:3673:16:3673:38":1279,"s:3674:16:3674:43":1280,"s:3675:16:3675:31":1281,"s:3677:16:3677:39":1282,"s:3678:16:3678:38":1283,"s:3679:16:3679:43":1284,"s:3680:16:3680:31":1285,"s:3681:16:3681:55":1286,"s:3682:16:3682:50":1287,"s:3686:12:3686:29":1288,"s:3687:12:3687:33":1289,"s:3690:12:3690:80":1290,"s:3692:11:3692:50":1291,"s:3695:10:3698:12":1292,"b:3704:4:3711:5:3709:11:3711:5":406,"s:3704:4:3711:5":1293,"b:3704:8:3704:11:3704:15:3704:47":407,"s:3705:6:3708:9":1294,"s:3710:6:3710:58":1295,"s:3713:4:3713:57":1296,"b:3715:4:3719:5:3717:11:3719:5":408,"s:3715:4:3719:5":1297,"b:3715:8:3715:11:3715:15:3715:47":409,"s:3716:6:3716:63":1298,"s:3718:6:3718:18":1299,"s:3722:37:3844:1":1300,"f:3722:37:3722:42":47,"s:3723:2:3843:3":1301,"s:3724:21:3730:5":1302,"s:3732:29:3732:30":1303,"s:3734:4:3825:5":1304,"s:3736:19:3740:8":1305,"b:3742:6:3745:7:undefined:undefined:undefined:undefined":410,"s:3742:6:3745:7":1306,"s:3744:8:3744:17":1307,"s:3748:26:3752:12":1308,"f:3748:38:3748:39":48,"b:3749:8:3749:51:undefined:undefined:undefined:undefined":411,"s:3749:8:3749:51":1309,"s:3749:30:3749:51":1310,"s:3750:8:3750:34":1311,"s:3751:8:3751:19":1312,"s:3754:6:3824:7":1313,"s:3755:8:3823:9":1314,"s:3756:10:3820:11":1315,"s:3757:24:3757:31":1316,"s:3759:31:3766:14":1317,"b:3767:12:3769:13:undefined:undefined:undefined:undefined":412,"s:3767:12:3769:13":1318,"s:3768:14:3768:23":1319,"s:3771:12:3771:50":1320,"s:3773:31:3773:45":1321,"s:3774:26:3774:49":1322,"s:3776:24:3776:66":1323,"b:3776:24:3776:29:3776:33:3776:43:3776:47:3776:66":413,"s:3777:12:3777:38":1324,"s:3779:28:3779:48":1325,"s:3780:28:3780:29":1326,"s:3784:25:3784:60":1327,"b:3786:12:3788:13:undefined:undefined:undefined:undefined":414,"s:3786:12:3788:13":1328,"s:3787:14:3787:23":1329,"b:3790:12:3816:13:3803:19:3816:13":415,"s:3790:12:3816:13":1330,"b:3791:14:3802:15:3797:21:3802:15":416,"s:3791:14:3802:15":1331,"s:3792:16:3792:54":1332,"s:3793:16:3793:55":1333,"s:3794:16:3794:53":1334,"s:3795:16:3795:38":1335,"s:3796:16:3796:31":1336,"s:3798:16:3798:55":1337,"s:3799:16:3799:50":1338,"s:3800:16:3800:38":1339,"s:3801:16:3801:31":1340,"b:3804:14:3815:15:3809:21:3815:15":417,"s:3804:14:3815:15":1341,"s:3805:16:3805:55":1342,"s:3806:16:3806:50":1343,"s:3807:16:3807:38":1344,"s:3808:16:3808:31":1345,"s:3810:16:3810:54":1346,"s:3811:16:3811:55":1347,"s:3812:16:3812:53":1348,"s:3813:16:3813:38":1349,"s:3814:16:3814:31":1350,"s:3817:12:3817:30":1351,"s:3818:12:3818:29":1352,"s:3819:12:3819:33":1353,"s:3822:10:3822:71":1354,"b:3828:4:3836:5:3833:11:3836:5":418,"s:3828:4:3836:5":1355,"b:3828:8:3828:11:3828:15:3828:47":419,"s:3829:6:3832:9":1356,"s:3835:6:3835:43":1357,"s:3838:4:3838:59":1358,"b:3839:4:3841:5:undefined:undefined:undefined:undefined":420,"s:3839:4:3841:5":1359,"b:3839:8:3839:11:3839:15:3839:47":421,"s:3840:6:3840:63":1360,"s:3842:4:3842:16":1361,"s:3846:43:4003:1":1362,"f:3846:43:3846:48":49,"s:3847:27:3854:3":1363,"s:3855:24:3855:25":1364,"s:3857:2:4002:3":1365,"s:3859:22:3859:64":1366,"s:3860:24:3863:6":1367,"b:3865:4:3867:5:undefined:undefined:undefined:undefined":422,"s:3865:4:3867:5":1368,"s:3866:6:3866:41":1369,"s:3869:4:3989:5":1370,"s:3870:6:3988:7":1371,"s:3871:22:3871:40":1372,"s:3872:26:3872:54":1373,"b:3872:27:3872:40:3872:44:3872:46":423,"s:3875:32:3878:10":1374,"b:3880:8:3880:46:undefined:undefined:undefined:undefined":424,"s:3880:8:3880:46":1375,"s:3880:37:3880:46":1376,"s:3882:8:3884:10":1377,"s:3886:24:3886:63":1378,"s:3887:23:3887:39":1379,"s:3889:8:3982:9":1380,"s:3890:10:3981:11":1381,"b:3892:12:3910:13:undefined:undefined:undefined:undefined":425,"s:3892:12:3910:13":1382,"s:3893:29:3903:15":1383,"b:3898:43:3898:62:3898:66:3898:67":426,"b:3904:14:3908:15:undefined:undefined:undefined:undefined":427,"s:3904:14:3908:15":1384,"s:3905:16:3905:34":1385,"s:3906:16:3906:74":1386,"s:3907:15:3907:64":1387,"s:3909:14:3909:23":1388,"b:3915:12:3937:13:3923:19:3937:13":428,"s:3915:12:3937:13":1389,"s:3917:34:3917:62":1390,"b:3917:45:3917:54:3917:58:3917:61":429,"s:3918:33:3918:76":1391,"b:3918:44:3918:68:3918:72:3918:75":430,"s:3919:14:3922:45":1392,"b:3921:20:3921:45:3922:20:3922:44":431,"s:3925:34:3925:71":1393,"b:3925:35:3925:57:3925:61:3925:63":432,"s:3927:16:3929:69":1394,"b:3927:16:3927:27:3928:16:3928:25:3929:16:3929:69":433,"b:3931:14:3936:15:3933:21:3936:15":434,"s:3931:14:3936:15":1395,"s:3932:16:3932:36":1396,"s:3935:16:3935:37":1397,"b:3944:12:3952:13:3948:19:3952:13":435,"s:3944:12:3952:13":1398,"s:3945:14:3945:32":1399,"s:3946:14:3946:75":1400,"b:3946:45:3946:68:3946:72:3946:73":436,"s:3947:14:3947:69":1401,"b:3947:40:3947:63:3947:67:3947:68":437,"s:3949:14:3949:32":1402,"s:3950:14:3950:71":1403,"b:3950:45:3950:64:3950:68:3950:69":438,"s:3951:14:3951:68":1404,"b:3951:42:3951:61:3951:65:3951:66":439,"s:3955:33:3965:13":1405,"b:3967:12:3975:13:undefined:undefined:undefined:undefined":440,"s:3967:12:3975:13":1406,"s:3968:14:3968:32":1407,"s:3969:14:3973:16":1408,"b:3971:36:3971:43:3971:46:3971:54":441,"s:3974:13:3974:62":1409,"s:3977:12:3980:14":1410,"s:3984:8:3987:10":1411,"b:3991:4:3993:5:undefined:undefined:undefined:undefined":442,"s:3991:4:3993:5":1412,"s:3992:6:3992:73":1413,"s:3995:4:3995:53":1414,"s:3997:4:4000:6":1415,"s:4001:4:4001:52":1416,"s:4005:30:4024:1":1417,"f:4005:30:4005:35":50,"s:4006:17:4006:20":1418,"s:4007:19:4007:28":1419,"s:4009:2:4023:3":1420,"s:4010:18:4013:5":1421,"b:4014:4:4016:5:undefined:undefined:undefined:undefined":443,"s:4014:4:4016:5":1422,"b:4014:8:4014:14:4014:18:4014:40":444,"s:4015:6:4015:28":1423,"s:4017:17:4017:74":1424,"s:4019:4:4019:48":1425,"s:4021:4:4021:49":1426,"s:4022:4:4022:61":1427,"s:4026:37:4140:1":1428,"f:4026:37:4026:42":51,"s:4027:17:4027:20":1429,"s:4028:30:4028:39":1430,"s:4030:2:4139:3":1431,"s:4031:21:4065:5":1432,"s:4067:27:4067:60":1433,"f:4067:40:4067:41":52,"s:4067:48:4067:59":1434,"s:4070:25:4072:29":1435,"b:4071:8:4071:55:4072:8:4072:29":445,"s:4074:17:4084:30":1436,"s:4087:23:4087:57":1437,"f:4087:35:4087:36":53,"s:4087:42:4087:56":1438,"s:4088:26:4088:59":1439,"f:4088:38:4088:39":54,"s:4088:45:4088:58":1440,"s:4091:32:4091:34":1441,"s:4092:4:4096:5":1442,"s:4093:17:4093:27":1443,"b:4094:6:4094:64:undefined:undefined:undefined:undefined":446,"s:4094:6:4094:64":1444,"s:4094:36:4094:64":1445,"s:4095:6:4095:53":1446,"b:4095:33:4095:47:4095:51:4095:52":447,"s:4099:20:4099:22":1447,"s:4101:4:4128:5":1448,"s:4102:18:4102:51":1449,"b:4103:6:4112:7:undefined:undefined:undefined:undefined":448,"s:4103:6:4112:7":1450,"s:4104:8:4111:10":1451,"s:4114:6:4114:59":1452,"s:4115:6:4115:51":1453,"b:4118:6:4127:7:undefined:undefined:undefined:undefined":449,"s:4118:6:4127:7":1454,"b:4119:8:4119:65:undefined:undefined:undefined:undefined":450,"s:4119:8:4119:65":1455,"s:4119:37:4119:65":1456,"s:4120:8:4126:11":1457,"s:4130:19:4130:41":1458,"s:4131:4:4135:7":1459,"s:4137:4:4137:49":1460,"s:4138:4:4138:61":1461,"s:4142:34:4209:1":1462,"f:4142:34:4142:39":55,"s:4143:17:4143:20":1463,"s:4144:61:4144:70":1464,"s:4146:2:4208:3":1465,"b:4147:4:4152:5:undefined:undefined:undefined:undefined":451,"s:4147:4:4152:5":1466,"b:4147:8:4147:15:4147:19:4147:28:4147:32:4147:41":452,"s:4148:6:4151:9":1467,"b:4154:4:4159:5:undefined:undefined:undefined:undefined":453,"s:4154:4:4159:5":1468,"s:4155:6:4158:9":1469,"s:4163:17:4170:6":1470,"b:4172:4:4178:5:undefined:undefined:undefined:undefined":454,"s:4172:4:4178:5":1471,"b:4172:8:4172:13:4172:17:4172:34":455,"s:4173:6:4177:9":1472,"s:4181:22:4186:7":1473,"f:4181:31:4181:32":56,"s:4181:41:4186:5":1474,"s:4190:22:4190:70":1475,"b:4190:41:4190:63:4190:66:4190:70":456,"s:4191:22:4191:70":1476,"b:4191:41:4191:63:4191:66:4191:70":457,"s:4193:18:4193:71":1477,"s:4195:4:4204:7":1478,"s:4206:4:4206:64":1479,"s:4207:4:4207:77":1480,"s:4211:29:4297:1":1481,"f:4211:29:4211:34":57,"s:4212:17:4212:20":1482,"s:4220:6:4220:15":1483,"b:4214:11:4214:12":458,"b:4215:12:4215:14":459,"s:4222:2:4296:3":1484,"s:4223:19:4223:29":1485,"s:4224:18:4224:28":1486,"b:4227:4:4229:5:undefined:undefined:undefined:undefined":460,"s:4227:4:4229:5":1487,"b:4227:8:4227:17:4227:21:4227:28":461,"s:4228:6:4228:60":1488,"b:4232:4:4234:5:undefined:undefined:undefined:undefined":462,"s:4232:4:4234:5":1489,"s:4233:6:4233:36":1490,"b:4237:4:4247:5:4240:11:4247:5":463,"s:4237:4:4247:5":1491,"s:4238:6:4238:32":1492,"s:4239:6:4239:56":1493,"b:4240:11:4247:5:4243:11:4247:5":464,"s:4240:11:4247:5":1494,"s:4241:6:4241:23":1495,"s:4242:6:4242:46":1496,"b:4243:11:4247:5:4245:11:4247:5":465,"s:4243:11:4247:5":1497,"b:4243:15:4243:42:4243:46:4243:73":466,"s:4244:6:4244:23":1498,"s:4246:6:4246:23":1499,"s:4249:17:4253:29":1500,"s:4255:18:4255:61":1501,"s:4257:32:4263:5":1502,"f:4260:18:4260:19":58,"s:4260:27:4260:54":1503,"b:4260:27:4260:41:4260:45:4260:54":467,"f:4261:15:4261:16":59,"s:4261:24:4261:33":1504,"s:4265:27:4265:29":1505,"b:4266:4:4274:5:undefined:undefined:undefined:undefined":468,"s:4266:4:4274:5":1506,"s:4267:25:4270:15":1507,"s:4271:6:4273:8":1508,"f:4272:23:4272:24":60,"s:4272:32:4272:72":1509,"b:4272:50:4272:63:4272:67:4272:71":469,"s:4276:25:4282:6":1510,"f:4276:34:4276:35":61,"s:4277:18:4277:32":1511,"b:4278:6:4280:7:undefined:undefined:undefined:undefined":470,"s:4278:6:4280:7":1512,"b:4278:10:4278:24:4278:28:4278:37:4278:41:4278:68":471,"s:4279:8:4279:52":1513,"s:4281:6:4281:17":1514,"s:4284:4:4292:7":1515,"s:4294:4:4294:56":1516,"s:4295:4:4295:54":1517,"s:4483:36:4759:1":1518,"f:4483:36:4483:41":62,"s:4484:17:4484:20":1519,"s:4494:6:4494:15":1520,"b:4488:11:4488:12":472,"b:4489:12:4489:14":473,"s:4496:2:4758:3":1521,"s:4498:20:4498:47":1522,"s:4499:21:4499:49":1523,"s:4500:17:4500:41":1524,"s:4503:21:4507:5":1525,"b:4511:4:4513:5:undefined:undefined:undefined:undefined":474,"s:4511:4:4513:5":1526,"b:4511:8:4511:17:4511:21:4511:28":475,"s:4512:6:4512:58":1527,"b:4516:4:4516:47:undefined:undefined:undefined:undefined":476,"s:4516:4:4516:47":1528,"s:4516:18:4516:47":1529,"b:4517:4:4517:50:undefined:undefined:undefined:undefined":477,"s:4517:4:4517:50":1530,"s:4517:19:4517:50":1531,"b:4518:4:4518:53:undefined:undefined:undefined:undefined":478,"s:4518:4:4518:53":1532,"s:4518:20:4518:53":1533,"b:4519:4:4521:5:undefined:undefined:undefined:undefined":479,"s:4519:4:4521:5":1534,"s:4520:6:4520:54":1535,"s:4522:27:4522:62":1536,"b:4522:27:4522:35:4522:39:4522:48:4522:52:4522:62":480,"s:4525:23:4525:59":1537,"s:4529:32:4529:70":1538,"b:4529:32:4529:43:4529:47:4529:70":481,"s:4531:24:4531:26":1539,"b:4532:4:4549:5:undefined:undefined:undefined:undefined":482,"s:4532:4:4549:5":1540,"s:4533:26:4535:7":1541,"b:4538:6:4541:7:undefined:undefined:undefined:undefined":483,"s:4538:6:4541:7":1542,"b:4538:10:4538:19:4538:23:4538:30":484,"s:4539:25:4539:61":1543,"s:4540:8:4540:42":1544,"b:4544:6:4546:7:undefined:undefined:undefined:undefined":485,"s:4544:6:4546:7":1545,"s:4545:8:4545:76":1546,"s:4548:6:4548:63":1547,"s:4552:23:4582:8":1548,"f:4553:14:4553:15":63,"s:4553:23:4553:39":1549,"f:4554:11:4554:12":64,"s:4556:23:4556:45":1550,"b:4556:40:4556:41:4556:44:4556:45":486,"s:4557:29:4559:9":1551,"b:4558:27:4558:41:4558:44:4558:58":487,"s:4561:8:4581:10":1552,"b:4567:21:4567:34:4567:38:4567:50":488,"b:4576:38:4576:43:4576:46:4576:52":489,"s:4585:17:4585:47":1553,"b:4589:4:4615:5:undefined:undefined:undefined:undefined":490,"s:4589:4:4615:5":1554,"s:4590:31:4599:8":1555,"f:4590:40:4590:41":65,"s:4592:23:4592:58":1556,"b:4592:38:4592:52:4592:55:4592:58":491,"s:4593:8:4598:10":1557,"b:4596:14:4596:51:4597:14:4597:18":492,"s:4600:6:4614:9":1558,"f:4607:22:4607:23":66,"s:4607:29:4607:43":1559,"f:4608:22:4608:23":67,"s:4608:34:4608:61":1560,"b:4608:41:4608:55:4608:59:4608:60":493,"f:4610:22:4610:23":68,"s:4610:29:4610:43":1561,"f:4611:22:4611:23":69,"s:4611:34:4611:61":1562,"b:4611:41:4611:55:4611:59:4611:60":494,"s:4618:19:4618:29":1563,"b:4619:4:4625:5:4621:11:4625:5":495,"s:4619:4:4625:5":1564,"b:4619:8:4619:16:4619:20:4619:30:4619:34:4619:45":496,"s:4620:6:4620:29":1565,"b:4621:11:4625:5:4623:11:4625:5":497,"s:4621:11:4625:5":1566,"b:4621:15:4621:23:4621:27:4621:36:4621:40:4621:51":498,"s:4622:6:4622:30":1567,"b:4623:11:4625:5:undefined:undefined:undefined:undefined":499,"s:4623:11:4625:5":1568,"b:4623:15:4623:24:4623:28:4623:37:4623:41:4623:52":500,"s:4624:6:4624:30":1569,"s:4629:22:4629:24":1570,"s:4632:28:4632:37":1571,"s:4634:4:4729:5":1572,"b:4639:6:4661:7:4651:13:4661:7":501,"s:4639:6:4661:7":1573,"b:4640:8:4650:9:4644:15:4650:9":502,"s:4640:8:4650:9":1574,"b:4640:12:4640:21:4640:25:4640:34:4640:38:4640:49":503,"s:4642:10:4643:79":1575,"b:4643:12:4643:66:4643:70:4643:78":504,"b:4643:33:4643:46:4643:50:4643:57":505,"b:4644:15:4650:9:4647:15:4650:9":506,"s:4644:15:4650:9":1576,"s:4646:10:4646:25":1577,"s:4649:10:4649:50":1578,"b:4649:16:4649:37:4649:41:4649:49":507,"b:4653:8:4660:9:4657:15:4660:9":508,"s:4653:8:4660:9":1579,"b:4653:12:4653:21:4653:25:4653:34:4653:38:4653:49":509,"s:4655:10:4656:80":1580,"b:4656:12:4656:66:4656:70:4656:79":510,"b:4656:33:4656:46:4656:50:4656:57":511,"s:4659:10:4659:51":1581,"b:4659:16:4659:37:4659:41:4659:50":512,"b:4665:6:4679:7:undefined:undefined:undefined:undefined":513,"s:4665:6:4679:7":1582,"s:4666:8:4678:10":1583,"b:4671:36:4671:70:4671:73:4671:77":514,"b:4674:16:4674:29:4674:33:4674:41":515,"b:4682:6:4725:7:4717:13:4725:7":516,"s:4682:6:4725:7":1584,"s:4683:25:4683:76":1585,"b:4685:8:4716:9:undefined:undefined:undefined:undefined":517,"s:4685:8:4716:9":1586,"s:4686:10:4686:40":1587,"s:4689:28:4694:11":1588,"f:4690:12:4690:13":70,"s:4691:14:4693:53":1589,"b:4691:14:4691:39:4692:14:4692:37:4693:14:4693:53":518,"s:4697:23:4697:24":1590,"s:4698:24:4698:25":1591,"s:4700:10:4707:11":1592,"s:4701:30:4701:60":1593,"b:4701:30:4701:55:4701:59:4701:60":519,"b:4702:12:4706:13:4704:19:4706:13":520,"s:4702:12:4706:13":1594,"s:4703:14:4703:34":1595,"b:4704:19:4706:13:undefined:undefined:undefined:undefined":521,"s:4704:19:4706:13":1596,"s:4705:14:4705:45":1597,"s:4709:28:4709:44":1598,"b:4711:10:4715:11:4713:17:4715:11":522,"s:4711:10:4715:11":1599,"s:4712:12:4712:50":1600,"b:4713:17:4715:11:undefined:undefined:undefined:undefined":523,"s:4713:17:4715:11":1601,"s:4714:12:4714:61":1602,"s:4719:25:4719:50":1603,"b:4719:25:4719:45:4719:49:4719:50":524,"b:4720:8:4724:9:4722:15:4724:9":525,"s:4720:8:4724:9":1604,"s:4721:10:4721:47":1605,"b:4722:15:4724:9:undefined:undefined:undefined:undefined":526,"s:4722:15:4724:9":1606,"s:4723:10:4723:58":1607,"s:4727:6:4728:61":1608,"s:4732:24:4732:48":1609,"s:4733:18:4741:5":1610,"f:4734:6:4734:7":71,"s:4734:22:4739:7":1611,"s:4743:4:4743:44":1612,"s:4745:4:4751:7":1613,"s:4753:4:4753:55":1614,"s:4754:4:4757:7":1615,"s:4760:50:4820:1":1616,"f:4760:50:4760:55":72,"s:4761:2:4819:3":1617,"s:4762:19:4762:22":1618,"s:4763:48:4763:57":1619,"b:4765:4:4770:5:undefined:undefined:undefined:undefined":527,"s:4765:4:4770:5":1620,"s:4766:6:4769:9":1621,"s:4772:19:4774:5":1622,"b:4776:4:4786:5:undefined:undefined:undefined:undefined":528,"s:4776:4:4786:5":1623,"b:4776:8:4776:17:4776:21:4776:28":529,"s:4777:20:4777:39":1624,"s:4778:18:4778:35":1625,"s:4780:6:4780:37":1626,"s:4782:6:4785:8":1627,"s:4788:17:4788:68":1628,"s:4789:28:4789:42":1629,"s:4791:25:4795:13":1630,"s:4798:31:4804:6":1631,"f:4798:48:4798:49":73,"s:4799:21:4799:31":1632,"b:4800:6:4802:7:undefined:undefined:undefined:undefined":530,"s:4800:6:4802:7":1633,"b:4800:10:4800:39:4800:43:4800:74":531,"s:4801:8:4801:31":1634,"s:4803:6:4803:20":1635,"s:4806:4:4806:66":1636,"s:4808:4:4811:7":1637,"s:4813:4:4813:57":1638,"s:4814:4:4818:7":1639}}}
}
