{"C:\\Users\\DELL\\OneDrive\\Desktop\\makaaz-project\\baajilive\\aura-backend\\controllers\\betController.js": {"path":"C:\\Users\\DELL\\OneDrive\\Desktop\\makaaz-project\\baajilive\\aura-backend\\controllers\\betController.js","statementMap":{"0":{"start":{"line":19,"column":0},"end":{"line":19,"column":16}},"1":{"start":{"line":21,"column":27},"end":{"line":24,"column":1}},"2":{"start":{"line":25,"column":24},"end":{"line":25,"column":66}},"3":{"start":{"line":25,"column":34},"end":{"line":25,"column":66}},"4":{"start":{"line":34,"column":29},"end":{"line":34,"column":85}},"5":{"start":{"line":42,"column":2},"end":{"line":42,"column":54}},"6":{"start":{"line":44,"column":2},"end":{"line":44,"column":56}},"7":{"start":{"line":75,"column":2},"end":{"line":84,"column":5}},"8":{"start":{"line":99,"column":2},"end":{"line":111,"column":3}},"9":{"start":{"line":100,"column":4},"end":{"line":110,"column":7}},"10":{"start":{"line":113,"column":2},"end":{"line":123,"column":5}},"11":{"start":{"line":128,"column":2},"end":{"line":147,"column":3}},"12":{"start":{"line":129,"column":4},"end":{"line":138,"column":5}},"13":{"start":{"line":130,"column":6},"end":{"line":137,"column":8}},"14":{"start":{"line":139,"column":4},"end":{"line":146,"column":6}},"15":{"start":{"line":149,"column":2},"end":{"line":158,"column":3}},"16":{"start":{"line":150,"column":4},"end":{"line":157,"column":6}},"17":{"start":{"line":160,"column":2},"end":{"line":167,"column":4}},"18":{"start":{"line":172,"column":2},"end":{"line":179,"column":3}},"19":{"start":{"line":173,"column":4},"end":{"line":173,"column":25}},"20":{"start":{"line":174,"column":9},"end":{"line":179,"column":3}},"21":{"start":{"line":175,"column":4},"end":{"line":175,"column":25}},"22":{"start":{"line":177,"column":27},"end":{"line":177,"column":66}},"23":{"start":{"line":178,"column":4},"end":{"line":178,"column":78}},"24":{"start":{"line":180,"column":18},"end":{"line":180,"column":62}},"25":{"start":{"line":181,"column":18},"end":{"line":181,"column":29}},"26":{"start":{"line":182,"column":17},"end":{"line":184,"column":16}},"27":{"start":{"line":185,"column":19},"end":{"line":187,"column":28}},"28":{"start":{"line":189,"column":2},"end":{"line":189,"column":70}},"29":{"start":{"line":190,"column":2},"end":{"line":190,"column":50}},"30":{"start":{"line":191,"column":2},"end":{"line":191,"column":52}},"31":{"start":{"line":192,"column":2},"end":{"line":192,"column":72}},"32":{"start":{"line":193,"column":2},"end":{"line":193,"column":58}},"33":{"start":{"line":194,"column":2},"end":{"line":194,"column":58}},"34":{"start":{"line":195,"column":2},"end":{"line":195,"column":72}},"35":{"start":{"line":196,"column":2},"end":{"line":196,"column":54}},"36":{"start":{"line":197,"column":2},"end":{"line":197,"column":82}},"37":{"start":{"line":199,"column":2},"end":{"line":212,"column":3}},"38":{"start":{"line":200,"column":4},"end":{"line":202,"column":6}},"39":{"start":{"line":203,"column":24},"end":{"line":206,"column":6}},"40":{"start":{"line":207,"column":4},"end":{"line":210,"column":6}},"41":{"start":{"line":211,"column":4},"end":{"line":211,"column":44}},"42":{"start":{"line":214,"column":2},"end":{"line":216,"column":4}},"43":{"start":{"line":217,"column":22},"end":{"line":217,"column":71}},"44":{"start":{"line":218,"column":2},"end":{"line":221,"column":4}},"45":{"start":{"line":222,"column":2},"end":{"line":222,"column":42}},"46":{"start":{"line":227,"column":18},"end":{"line":227,"column":32}},"47":{"start":{"line":228,"column":14},"end":{"line":228,"column":69}},"48":{"start":{"line":229,"column":2},"end":{"line":229,"column":42}},"49":{"start":{"line":233,"column":2},"end":{"line":238,"column":3}},"50":{"start":{"line":234,"column":4},"end":{"line":234,"column":63}},"51":{"start":{"line":234,"column":54},"end":{"line":234,"column":63}},"52":{"start":{"line":235,"column":14},"end":{"line":235,"column":34}},"53":{"start":{"line":236,"column":4},"end":{"line":236,"column":55}},"54":{"start":{"line":236,"column":29},"end":{"line":236,"column":55}},"55":{"start":{"line":237,"column":4},"end":{"line":237,"column":34}},"56":{"start":{"line":237,"column":25},"end":{"line":237,"column":34}},"57":{"start":{"line":239,"column":2},"end":{"line":239,"column":14}},"58":{"start":{"line":243,"column":2},"end":{"line":243,"column":80}},"59":{"start":{"line":247,"column":29},"end":{"line":247,"column":34}},"60":{"start":{"line":249,"column":31},"end":{"line":278,"column":1}},"61":{"start":{"line":250,"column":2},"end":{"line":277,"column":3}},"62":{"start":{"line":259,"column":8},"end":{"line":259,"column":16}},"63":{"start":{"line":263,"column":5},"end":{"line":265,"column":35}},"64":{"start":{"line":267,"column":4},"end":{"line":271,"column":5}},"65":{"start":{"line":268,"column":6},"end":{"line":268,"column":44}},"66":{"start":{"line":270,"column":6},"end":{"line":270,"column":38}},"67":{"start":{"line":273,"column":4},"end":{"line":273,"column":60}},"68":{"start":{"line":274,"column":4},"end":{"line":276,"column":63}},"69":{"start":{"line":279,"column":34},"end":{"line":344,"column":1}},"70":{"start":{"line":280,"column":2},"end":{"line":343,"column":3}},"71":{"start":{"line":281,"column":19},"end":{"line":281,"column":22}},"72":{"start":{"line":282,"column":17},"end":{"line":282,"column":44}},"73":{"start":{"line":283,"column":4},"end":{"line":285,"column":5}},"74":{"start":{"line":284,"column":6},"end":{"line":284,"column":65}},"75":{"start":{"line":288,"column":26},"end":{"line":323,"column":6}},"76":{"start":{"line":325,"column":4},"end":{"line":332,"column":7}},"77":{"start":{"line":334,"column":4},"end":{"line":334,"column":57}},"78":{"start":{"line":335,"column":4},"end":{"line":342,"column":7}},"79":{"start":{"line":345,"column":23},"end":{"line":917,"column":1}},"80":{"start":{"line":346,"column":17},"end":{"line":346,"column":20}},"81":{"start":{"line":348,"column":2},"end":{"line":916,"column":3}},"82":{"start":{"line":362,"column":8},"end":{"line":362,"column":16}},"83":{"start":{"line":364,"column":4},"end":{"line":376,"column":5}},"84":{"start":{"line":373,"column":6},"end":{"line":375,"column":74}},"85":{"start":{"line":385,"column":4},"end":{"line":389,"column":5}},"86":{"start":{"line":386,"column":6},"end":{"line":388,"column":63}},"87":{"start":{"line":392,"column":24},"end":{"line":397,"column":5}},"88":{"start":{"line":398,"column":4},"end":{"line":403,"column":5}},"89":{"start":{"line":399,"column":6},"end":{"line":401,"column":8}},"90":{"start":{"line":402,"column":6},"end":{"line":402,"column":67}},"91":{"start":{"line":405,"column":17},"end":{"line":405,"column":44}},"92":{"start":{"line":406,"column":4},"end":{"line":408,"column":5}},"93":{"start":{"line":407,"column":6},"end":{"line":407,"column":65}},"94":{"start":{"line":411,"column":28},"end":{"line":413,"column":5}},"95":{"start":{"line":412,"column":13},"end":{"line":412,"column":46}},"96":{"start":{"line":414,"column":4},"end":{"line":418,"column":5}},"97":{"start":{"line":415,"column":6},"end":{"line":417,"column":72}},"98":{"start":{"line":421,"column":22},"end":{"line":427,"column":5}},"99":{"start":{"line":428,"column":26},"end":{"line":428,"column":59}},"100":{"start":{"line":431,"column":4},"end":{"line":437,"column":5}},"101":{"start":{"line":432,"column":6},"end":{"line":432,"column":42}},"102":{"start":{"line":434,"column":6},"end":{"line":436,"column":10}},"103":{"start":{"line":440,"column":12},"end":{"line":440,"column":29}},"104":{"start":{"line":441,"column":26},"end":{"line":441,"column":27}},"105":{"start":{"line":442,"column":12},"end":{"line":442,"column":49}},"106":{"start":{"line":443,"column":20},"end":{"line":443,"column":21}},"107":{"start":{"line":446,"column":24},"end":{"line":446,"column":25}},"108":{"start":{"line":447,"column":4},"end":{"line":451,"column":5}},"109":{"start":{"line":448,"column":6},"end":{"line":450,"column":67}},"110":{"start":{"line":454,"column":24},"end":{"line":454,"column":30}},"111":{"start":{"line":455,"column":4},"end":{"line":459,"column":5}},"112":{"start":{"line":456,"column":6},"end":{"line":458,"column":67}},"113":{"start":{"line":462,"column":4},"end":{"line":464,"column":5}},"114":{"start":{"line":463,"column":6},"end":{"line":463,"column":69}},"115":{"start":{"line":467,"column":4},"end":{"line":476,"column":5}},"116":{"start":{"line":468,"column":6},"end":{"line":468,"column":52}},"117":{"start":{"line":469,"column":6},"end":{"line":469,"column":44}},"118":{"start":{"line":470,"column":11},"end":{"line":476,"column":5}},"119":{"start":{"line":471,"column":6},"end":{"line":471,"column":30}},"120":{"start":{"line":474,"column":6},"end":{"line":474,"column":52}},"121":{"start":{"line":475,"column":6},"end":{"line":475,"column":44}},"122":{"start":{"line":478,"column":4},"end":{"line":478,"column":49}},"123":{"start":{"line":479,"column":4},"end":{"line":479,"column":33}},"124":{"start":{"line":483,"column":24},"end":{"line":491,"column":6}},"125":{"start":{"line":495,"column":23},"end":{"line":502,"column":6}},"126":{"start":{"line":506,"column":22},"end":{"line":515,"column":5}},"127":{"start":{"line":518,"column":4},"end":{"line":532,"column":5}},"128":{"start":{"line":519,"column":6},"end":{"line":519,"column":75}},"129":{"start":{"line":520,"column":6},"end":{"line":531,"column":9}},"130":{"start":{"line":535,"column":24},"end":{"line":538,"column":6}},"131":{"start":{"line":539,"column":28},"end":{"line":548,"column":5}},"132":{"start":{"line":549,"column":29},"end":{"line":552,"column":6}},"133":{"start":{"line":553,"column":4},"end":{"line":553,"column":60}},"134":{"start":{"line":554,"column":4},"end":{"line":556,"column":5}},"135":{"start":{"line":555,"column":6},"end":{"line":555,"column":74}},"136":{"start":{"line":558,"column":17},"end":{"line":558,"column":21}},"137":{"start":{"line":560,"column":4},"end":{"line":783,"column":5}},"138":{"start":{"line":561,"column":28},"end":{"line":561,"column":50}},"139":{"start":{"line":562,"column":32},"end":{"line":562,"column":58}},"140":{"start":{"line":564,"column":6},"end":{"line":753,"column":7}},"141":{"start":{"line":567,"column":8},"end":{"line":681,"column":9}},"142":{"start":{"line":570,"column":10},"end":{"line":570,"column":73}},"143":{"start":{"line":571,"column":10},"end":{"line":576,"column":12}},"144":{"start":{"line":577,"column":10},"end":{"line":577,"column":45}},"145":{"start":{"line":578,"column":10},"end":{"line":578,"column":72}},"146":{"start":{"line":579,"column":10},"end":{"line":579,"column":63}},"147":{"start":{"line":582,"column":10},"end":{"line":594,"column":11}},"148":{"start":{"line":585,"column":32},"end":{"line":585,"column":62}},"149":{"start":{"line":586,"column":12},"end":{"line":588,"column":14}},"150":{"start":{"line":593,"column":12},"end":{"line":593,"column":73}},"151":{"start":{"line":598,"column":10},"end":{"line":677,"column":11}},"152":{"start":{"line":599,"column":12},"end":{"line":627,"column":13}},"153":{"start":{"line":601,"column":14},"end":{"line":603,"column":16}},"154":{"start":{"line":604,"column":14},"end":{"line":606,"column":16}},"155":{"start":{"line":608,"column":14},"end":{"line":610,"column":16}},"156":{"start":{"line":613,"column":14},"end":{"line":615,"column":16}},"157":{"start":{"line":616,"column":14},"end":{"line":618,"column":16}},"158":{"start":{"line":619,"column":14},"end":{"line":619,"column":40}},"159":{"start":{"line":620,"column":14},"end":{"line":626,"column":16}},"160":{"start":{"line":628,"column":17},"end":{"line":677,"column":11}},"161":{"start":{"line":629,"column":12},"end":{"line":676,"column":13}},"162":{"start":{"line":631,"column":14},"end":{"line":633,"column":16}},"163":{"start":{"line":634,"column":14},"end":{"line":636,"column":16}},"164":{"start":{"line":641,"column":14},"end":{"line":641,"column":52}},"165":{"start":{"line":644,"column":14},"end":{"line":653,"column":15}},"166":{"start":{"line":646,"column":16},"end":{"line":646,"column":34}},"167":{"start":{"line":647,"column":16},"end":{"line":647,"column":46}},"168":{"start":{"line":650,"column":16},"end":{"line":652,"column":18}},"169":{"start":{"line":657,"column":14},"end":{"line":659,"column":16}},"170":{"start":{"line":660,"column":14},"end":{"line":662,"column":16}},"171":{"start":{"line":663,"column":14},"end":{"line":663,"column":40}},"172":{"start":{"line":664,"column":14},"end":{"line":666,"column":16}},"173":{"start":{"line":667,"column":14},"end":{"line":667,"column":52}},"174":{"start":{"line":669,"column":14},"end":{"line":675,"column":16}},"175":{"start":{"line":678,"column":10},"end":{"line":678,"column":33}},"176":{"start":{"line":679,"column":10},"end":{"line":679,"column":72}},"177":{"start":{"line":680,"column":10},"end":{"line":680,"column":63}},"178":{"start":{"line":685,"column":8},"end":{"line":752,"column":9}},"179":{"start":{"line":686,"column":10},"end":{"line":686,"column":77}},"180":{"start":{"line":687,"column":10},"end":{"line":689,"column":12}},"181":{"start":{"line":690,"column":10},"end":{"line":695,"column":12}},"182":{"start":{"line":696,"column":10},"end":{"line":696,"column":72}},"183":{"start":{"line":697,"column":10},"end":{"line":697,"column":63}},"184":{"start":{"line":699,"column":10},"end":{"line":699,"column":71}},"185":{"start":{"line":702,"column":10},"end":{"line":704,"column":12}},"186":{"start":{"line":706,"column":10},"end":{"line":751,"column":11}},"187":{"start":{"line":707,"column":12},"end":{"line":728,"column":13}},"188":{"start":{"line":708,"column":14},"end":{"line":710,"column":16}},"189":{"start":{"line":711,"column":14},"end":{"line":713,"column":16}},"190":{"start":{"line":714,"column":14},"end":{"line":714,"column":37}},"191":{"start":{"line":715,"column":14},"end":{"line":715,"column":76}},"192":{"start":{"line":716,"column":14},"end":{"line":716,"column":67}},"193":{"start":{"line":718,"column":14},"end":{"line":720,"column":16}},"194":{"start":{"line":721,"column":14},"end":{"line":723,"column":16}},"195":{"start":{"line":724,"column":14},"end":{"line":724,"column":46}},"196":{"start":{"line":725,"column":14},"end":{"line":725,"column":37}},"197":{"start":{"line":726,"column":14},"end":{"line":726,"column":76}},"198":{"start":{"line":727,"column":14},"end":{"line":727,"column":67}},"199":{"start":{"line":730,"column":40},"end":{"line":730,"column":57}},"200":{"start":{"line":731,"column":12},"end":{"line":731,"column":79}},"201":{"start":{"line":732,"column":12},"end":{"line":734,"column":14}},"202":{"start":{"line":735,"column":12},"end":{"line":737,"column":14}},"203":{"start":{"line":738,"column":12},"end":{"line":745,"column":13}},"204":{"start":{"line":739,"column":34},"end":{"line":739,"column":64}},"205":{"start":{"line":740,"column":14},"end":{"line":742,"column":16}},"206":{"start":{"line":744,"column":14},"end":{"line":744,"column":75}},"207":{"start":{"line":746,"column":12},"end":{"line":746,"column":44}},"208":{"start":{"line":747,"column":12},"end":{"line":747,"column":35}},"209":{"start":{"line":748,"column":12},"end":{"line":748,"column":74}},"210":{"start":{"line":749,"column":12},"end":{"line":749,"column":65}},"211":{"start":{"line":750,"column":12},"end":{"line":750,"column":38}},"212":{"start":{"line":757,"column":6},"end":{"line":780,"column":9}},"213":{"start":{"line":781,"column":6},"end":{"line":781,"column":48}},"214":{"start":{"line":782,"column":6},"end":{"line":782,"column":67}},"215":{"start":{"line":786,"column":27},"end":{"line":786,"column":29}},"216":{"start":{"line":788,"column":4},"end":{"line":790,"column":5}},"217":{"start":{"line":789,"column":6},"end":{"line":789,"column":46}},"218":{"start":{"line":792,"column":4},"end":{"line":794,"column":5}},"219":{"start":{"line":793,"column":6},"end":{"line":793,"column":41}},"220":{"start":{"line":796,"column":4},"end":{"line":796,"column":37}},"221":{"start":{"line":797,"column":4},"end":{"line":797,"column":38}},"222":{"start":{"line":800,"column":4},"end":{"line":858,"column":5}},"223":{"start":{"line":801,"column":33},"end":{"line":804,"column":8}},"224":{"start":{"line":808,"column":28},"end":{"line":810,"column":7}},"225":{"start":{"line":809,"column":15},"end":{"line":809,"column":38}},"226":{"start":{"line":812,"column":6},"end":{"line":832,"column":7}},"227":{"start":{"line":814,"column":8},"end":{"line":814,"column":65}},"228":{"start":{"line":815,"column":8},"end":{"line":815,"column":54}},"229":{"start":{"line":816,"column":8},"end":{"line":816,"column":56}},"230":{"start":{"line":819,"column":8},"end":{"line":826,"column":9}},"231":{"start":{"line":820,"column":10},"end":{"line":820,"column":80}},"232":{"start":{"line":823,"column":10},"end":{"line":825,"column":12}},"233":{"start":{"line":829,"column":8},"end":{"line":831,"column":10}},"234":{"start":{"line":834,"column":6},"end":{"line":834,"column":62}},"235":{"start":{"line":836,"column":6},"end":{"line":836,"column":77}},"236":{"start":{"line":837,"column":6},"end":{"line":837,"column":45}},"237":{"start":{"line":840,"column":32},"end":{"line":843,"column":8}},"238":{"start":{"line":844,"column":6},"end":{"line":844,"column":62}},"239":{"start":{"line":845,"column":6},"end":{"line":845,"column":52}},"240":{"start":{"line":848,"column":6},"end":{"line":857,"column":7}},"241":{"start":{"line":849,"column":8},"end":{"line":851,"column":10}},"242":{"start":{"line":854,"column":8},"end":{"line":856,"column":10}},"243":{"start":{"line":861,"column":4},"end":{"line":861,"column":22}},"244":{"start":{"line":863,"column":3},"end":{"line":863,"column":49}},"245":{"start":{"line":864,"column":3},"end":{"line":864,"column":49}},"246":{"start":{"line":865,"column":3},"end":{"line":865,"column":30}},"247":{"start":{"line":868,"column":4},"end":{"line":877,"column":5}},"248":{"start":{"line":869,"column":6},"end":{"line":869,"column":47}},"249":{"start":{"line":870,"column":6},"end":{"line":870,"column":39}},"250":{"start":{"line":871,"column":6},"end":{"line":871,"column":50}},"251":{"start":{"line":873,"column":6},"end":{"line":876,"column":8}},"252":{"start":{"line":880,"column":23},"end":{"line":902,"column":6}},"253":{"start":{"line":904,"column":4},"end":{"line":904,"column":28}},"254":{"start":{"line":906,"column":3},"end":{"line":906,"column":50}},"255":{"start":{"line":908,"column":4},"end":{"line":910,"column":7}},"256":{"start":{"line":912,"column":4},"end":{"line":912,"column":54}},"257":{"start":{"line":913,"column":4},"end":{"line":915,"column":63}},"258":{"start":{"line":918,"column":17},"end":{"line":1404,"column":1}},"259":{"start":{"line":919,"column":17},"end":{"line":919,"column":20}},"260":{"start":{"line":921,"column":2},"end":{"line":1403,"column":3}},"261":{"start":{"line":935,"column":8},"end":{"line":935,"column":16}},"262":{"start":{"line":938,"column":4},"end":{"line":940,"column":5}},"263":{"start":{"line":939,"column":6},"end":{"line":939,"column":74}},"264":{"start":{"line":942,"column":20},"end":{"line":949,"column":6}},"265":{"start":{"line":950,"column":4},"end":{"line":952,"column":5}},"266":{"start":{"line":951,"column":6},"end":{"line":951,"column":63}},"267":{"start":{"line":954,"column":17},"end":{"line":954,"column":44}},"268":{"start":{"line":955,"column":4},"end":{"line":957,"column":5}},"269":{"start":{"line":956,"column":6},"end":{"line":956,"column":65}},"270":{"start":{"line":959,"column":4},"end":{"line":968,"column":5}},"271":{"start":{"line":960,"column":29},"end":{"line":962,"column":7}},"272":{"start":{"line":961,"column":15},"end":{"line":961,"column":62}},"273":{"start":{"line":963,"column":6},"end":{"line":967,"column":7}},"274":{"start":{"line":964,"column":8},"end":{"line":966,"column":79}},"275":{"start":{"line":970,"column":4},"end":{"line":972,"column":5}},"276":{"start":{"line":971,"column":6},"end":{"line":971,"column":71}},"277":{"start":{"line":975,"column":24},"end":{"line":984,"column":5}},"278":{"start":{"line":985,"column":4},"end":{"line":990,"column":5}},"279":{"start":{"line":986,"column":6},"end":{"line":988,"column":8}},"280":{"start":{"line":989,"column":6},"end":{"line":989,"column":67}},"281":{"start":{"line":993,"column":22},"end":{"line":993,"column":55}},"282":{"start":{"line":994,"column":26},"end":{"line":994,"column":59}},"283":{"start":{"line":998,"column":4},"end":{"line":1000,"column":5}},"284":{"start":{"line":999,"column":6},"end":{"line":999,"column":42}},"285":{"start":{"line":1003,"column":4},"end":{"line":1051,"column":5}},"286":{"start":{"line":1004,"column":19},"end":{"line":1004,"column":47}},"287":{"start":{"line":1005,"column":25},"end":{"line":1005,"column":50}},"288":{"start":{"line":1006,"column":6},"end":{"line":1009,"column":68}},"289":{"start":{"line":1011,"column":6},"end":{"line":1011,"column":50}},"290":{"start":{"line":1013,"column":6},"end":{"line":1025,"column":8}},"291":{"start":{"line":1028,"column":6},"end":{"line":1050,"column":7}},"292":{"start":{"line":1029,"column":8},"end":{"line":1042,"column":11}},"293":{"start":{"line":1046,"column":8},"end":{"line":1049,"column":10}},"294":{"start":{"line":1053,"column":12},"end":{"line":1053,"column":29}},"295":{"start":{"line":1054,"column":26},"end":{"line":1054,"column":27}},"296":{"start":{"line":1055,"column":12},"end":{"line":1055,"column":49}},"297":{"start":{"line":1056,"column":20},"end":{"line":1056,"column":21}},"298":{"start":{"line":1059,"column":4},"end":{"line":1063,"column":5}},"299":{"start":{"line":1060,"column":6},"end":{"line":1062,"column":68}},"300":{"start":{"line":1066,"column":4},"end":{"line":1088,"column":5}},"301":{"start":{"line":1073,"column":8},"end":{"line":1073,"column":54}},"302":{"start":{"line":1074,"column":8},"end":{"line":1074,"column":46}},"303":{"start":{"line":1075,"column":8},"end":{"line":1075,"column":14}},"304":{"start":{"line":1078,"column":8},"end":{"line":1078,"column":56}},"305":{"start":{"line":1079,"column":8},"end":{"line":1079,"column":48}},"306":{"start":{"line":1080,"column":8},"end":{"line":1080,"column":14}},"307":{"start":{"line":1083,"column":8},"end":{"line":1083,"column":54}},"308":{"start":{"line":1084,"column":8},"end":{"line":1084,"column":46}},"309":{"start":{"line":1085,"column":8},"end":{"line":1085,"column":14}},"310":{"start":{"line":1087,"column":8},"end":{"line":1087,"column":70}},"311":{"start":{"line":1090,"column":4},"end":{"line":1090,"column":49}},"312":{"start":{"line":1091,"column":4},"end":{"line":1091,"column":33}},"313":{"start":{"line":1097,"column":24},"end":{"line":1103,"column":6}},"314":{"start":{"line":1107,"column":23},"end":{"line":1113,"column":6}},"315":{"start":{"line":1117,"column":22},"end":{"line":1126,"column":5}},"316":{"start":{"line":1129,"column":4},"end":{"line":1143,"column":5}},"317":{"start":{"line":1130,"column":6},"end":{"line":1130,"column":68}},"318":{"start":{"line":1131,"column":6},"end":{"line":1142,"column":9}},"319":{"start":{"line":1146,"column":24},"end":{"line":1149,"column":6}},"320":{"start":{"line":1150,"column":28},"end":{"line":1158,"column":5}},"321":{"start":{"line":1159,"column":29},"end":{"line":1162,"column":6}},"322":{"start":{"line":1164,"column":4},"end":{"line":1166,"column":5}},"323":{"start":{"line":1165,"column":6},"end":{"line":1165,"column":74}},"324":{"start":{"line":1168,"column":17},"end":{"line":1168,"column":21}},"325":{"start":{"line":1169,"column":24},"end":{"line":1169,"column":29}},"326":{"start":{"line":1170,"column":28},"end":{"line":1170,"column":32}},"327":{"start":{"line":1172,"column":4},"end":{"line":1308,"column":5}},"328":{"start":{"line":1173,"column":28},"end":{"line":1173,"column":45}},"329":{"start":{"line":1174,"column":32},"end":{"line":1174,"column":53}},"330":{"start":{"line":1177,"column":6},"end":{"line":1183,"column":8}},"331":{"start":{"line":1185,"column":6},"end":{"line":1282,"column":7}},"332":{"start":{"line":1186,"column":8},"end":{"line":1237,"column":9}},"333":{"start":{"line":1188,"column":10},"end":{"line":1188,"column":34}},"334":{"start":{"line":1189,"column":10},"end":{"line":1189,"column":33}},"335":{"start":{"line":1190,"column":10},"end":{"line":1195,"column":30}},"336":{"start":{"line":1196,"column":10},"end":{"line":1196,"column":46}},"337":{"start":{"line":1197,"column":10},"end":{"line":1197,"column":45}},"338":{"start":{"line":1198,"column":10},"end":{"line":1198,"column":47}},"339":{"start":{"line":1199,"column":10},"end":{"line":1199,"column":69}},"340":{"start":{"line":1200,"column":10},"end":{"line":1200,"column":30}},"341":{"start":{"line":1203,"column":10},"end":{"line":1203,"column":40}},"342":{"start":{"line":1204,"column":10},"end":{"line":1204,"column":52}},"343":{"start":{"line":1205,"column":10},"end":{"line":1234,"column":11}},"344":{"start":{"line":1207,"column":12},"end":{"line":1220,"column":13}},"345":{"start":{"line":1209,"column":14},"end":{"line":1209,"column":60}},"346":{"start":{"line":1210,"column":14},"end":{"line":1210,"column":60}},"347":{"start":{"line":1211,"column":14},"end":{"line":1211,"column":42}},"348":{"start":{"line":1216,"column":14},"end":{"line":1216,"column":56}},"349":{"start":{"line":1217,"column":14},"end":{"line":1217,"column":64}},"350":{"start":{"line":1218,"column":14},"end":{"line":1218,"column":40}},"351":{"start":{"line":1219,"column":14},"end":{"line":1219,"column":72}},"352":{"start":{"line":1221,"column":17},"end":{"line":1234,"column":11}},"353":{"start":{"line":1222,"column":12},"end":{"line":1233,"column":13}},"354":{"start":{"line":1224,"column":14},"end":{"line":1224,"column":60}},"355":{"start":{"line":1225,"column":14},"end":{"line":1225,"column":60}},"356":{"start":{"line":1226,"column":14},"end":{"line":1226,"column":42}},"357":{"start":{"line":1229,"column":14},"end":{"line":1229,"column":56}},"358":{"start":{"line":1230,"column":14},"end":{"line":1230,"column":64}},"359":{"start":{"line":1231,"column":14},"end":{"line":1231,"column":40}},"360":{"start":{"line":1232,"column":14},"end":{"line":1232,"column":70}},"361":{"start":{"line":1235,"column":10},"end":{"line":1235,"column":33}},"362":{"start":{"line":1236,"column":10},"end":{"line":1236,"column":46}},"363":{"start":{"line":1240,"column":8},"end":{"line":1281,"column":9}},"364":{"start":{"line":1241,"column":10},"end":{"line":1241,"column":40}},"365":{"start":{"line":1242,"column":10},"end":{"line":1242,"column":52}},"366":{"start":{"line":1243,"column":10},"end":{"line":1264,"column":11}},"367":{"start":{"line":1244,"column":12},"end":{"line":1244,"column":58}},"368":{"start":{"line":1245,"column":12},"end":{"line":1245,"column":58}},"369":{"start":{"line":1247,"column":12},"end":{"line":1247,"column":40}},"370":{"start":{"line":1249,"column":12},"end":{"line":1249,"column":35}},"371":{"start":{"line":1250,"column":12},"end":{"line":1250,"column":48}},"372":{"start":{"line":1256,"column":12},"end":{"line":1256,"column":54}},"373":{"start":{"line":1258,"column":12},"end":{"line":1258,"column":62}},"374":{"start":{"line":1260,"column":12},"end":{"line":1260,"column":68}},"375":{"start":{"line":1261,"column":12},"end":{"line":1261,"column":44}},"376":{"start":{"line":1262,"column":12},"end":{"line":1262,"column":35}},"377":{"start":{"line":1263,"column":12},"end":{"line":1263,"column":48}},"378":{"start":{"line":1267,"column":10},"end":{"line":1267,"column":34}},"379":{"start":{"line":1268,"column":10},"end":{"line":1268,"column":47}},"380":{"start":{"line":1269,"column":10},"end":{"line":1269,"column":69}},"381":{"start":{"line":1271,"column":10},"end":{"line":1271,"column":33}},"382":{"start":{"line":1273,"column":10},"end":{"line":1273,"column":45}},"383":{"start":{"line":1274,"column":10},"end":{"line":1274,"column":60}},"384":{"start":{"line":1276,"column":10},"end":{"line":1276,"column":30}},"385":{"start":{"line":1277,"column":10},"end":{"line":1277,"column":42}},"386":{"start":{"line":1278,"column":10},"end":{"line":1278,"column":33}},"387":{"start":{"line":1279,"column":10},"end":{"line":1279,"column":46}},"388":{"start":{"line":1280,"column":10},"end":{"line":1280,"column":36}},"389":{"start":{"line":1285,"column":6},"end":{"line":1285,"column":28}},"390":{"start":{"line":1286,"column":6},"end":{"line":1306,"column":9}},"391":{"start":{"line":1307,"column":6},"end":{"line":1307,"column":26}},"392":{"start":{"line":1311,"column":27},"end":{"line":1311,"column":29}},"393":{"start":{"line":1312,"column":4},"end":{"line":1312,"column":61}},"394":{"start":{"line":1312,"column":21},"end":{"line":1312,"column":61}},"395":{"start":{"line":1313,"column":4},"end":{"line":1313,"column":51}},"396":{"start":{"line":1313,"column":16},"end":{"line":1313,"column":51}},"397":{"start":{"line":1316,"column":4},"end":{"line":1316,"column":38}},"398":{"start":{"line":1321,"column":31},"end":{"line":1324,"column":6}},"399":{"start":{"line":1325,"column":4},"end":{"line":1325,"column":61}},"400":{"start":{"line":1328,"column":4},"end":{"line":1328,"column":50}},"401":{"start":{"line":1331,"column":4},"end":{"line":1342,"column":5}},"402":{"start":{"line":1332,"column":6},"end":{"line":1332,"column":69}},"403":{"start":{"line":1333,"column":6},"end":{"line":1333,"column":50}},"404":{"start":{"line":1334,"column":6},"end":{"line":1334,"column":52}},"405":{"start":{"line":1335,"column":6},"end":{"line":1335,"column":54}},"406":{"start":{"line":1336,"column":6},"end":{"line":1338,"column":8}},"407":{"start":{"line":1341,"column":6},"end":{"line":1341,"column":72}},"408":{"start":{"line":1344,"column":4},"end":{"line":1344,"column":22}},"409":{"start":{"line":1348,"column":4},"end":{"line":1348,"column":49}},"410":{"start":{"line":1349,"column":3},"end":{"line":1349,"column":49}},"411":{"start":{"line":1350,"column":3},"end":{"line":1350,"column":49}},"412":{"start":{"line":1351,"column":3},"end":{"line":1351,"column":40}},"413":{"start":{"line":1352,"column":4},"end":{"line":1352,"column":52}},"414":{"start":{"line":1355,"column":4},"end":{"line":1364,"column":5}},"415":{"start":{"line":1356,"column":6},"end":{"line":1356,"column":47}},"416":{"start":{"line":1357,"column":6},"end":{"line":1357,"column":39}},"417":{"start":{"line":1358,"column":6},"end":{"line":1358,"column":50}},"418":{"start":{"line":1360,"column":6},"end":{"line":1363,"column":8}},"419":{"start":{"line":1367,"column":23},"end":{"line":1388,"column":6}},"420":{"start":{"line":1389,"column":4},"end":{"line":1389,"column":28}},"421":{"start":{"line":1391,"column":3},"end":{"line":1391,"column":62}},"422":{"start":{"line":1393,"column":4},"end":{"line":1393,"column":72}},"423":{"start":{"line":1395,"column":4},"end":{"line":1399,"column":6}},"424":{"start":{"line":1400,"column":4},"end":{"line":1402,"column":68}},"425":{"start":{"line":1405,"column":29},"end":{"line":1998,"column":1}},"426":{"start":{"line":1406,"column":17},"end":{"line":1406,"column":20}},"427":{"start":{"line":1408,"column":2},"end":{"line":1997,"column":3}},"428":{"start":{"line":1427,"column":8},"end":{"line":1427,"column":16}},"429":{"start":{"line":1429,"column":25},"end":{"line":1429,"column":67}},"430":{"start":{"line":1430,"column":28},"end":{"line":1430,"column":42}},"431":{"start":{"line":1432,"column":5},"end":{"line":1432,"column":67}},"432":{"start":{"line":1434,"column":20},"end":{"line":1434,"column":76}},"433":{"start":{"line":1435,"column":66},"end":{"line":1435,"column":73}},"434":{"start":{"line":1438,"column":4},"end":{"line":1440,"column":5}},"435":{"start":{"line":1439,"column":6},"end":{"line":1439,"column":74}},"436":{"start":{"line":1442,"column":20},"end":{"line":1449,"column":6}},"437":{"start":{"line":1450,"column":4},"end":{"line":1452,"column":5}},"438":{"start":{"line":1451,"column":6},"end":{"line":1451,"column":63}},"439":{"start":{"line":1454,"column":17},"end":{"line":1454,"column":44}},"440":{"start":{"line":1455,"column":4},"end":{"line":1457,"column":5}},"441":{"start":{"line":1456,"column":6},"end":{"line":1456,"column":65}},"442":{"start":{"line":1459,"column":4},"end":{"line":1468,"column":5}},"443":{"start":{"line":1460,"column":29},"end":{"line":1462,"column":7}},"444":{"start":{"line":1461,"column":15},"end":{"line":1461,"column":62}},"445":{"start":{"line":1463,"column":6},"end":{"line":1467,"column":7}},"446":{"start":{"line":1464,"column":8},"end":{"line":1466,"column":79}},"447":{"start":{"line":1470,"column":4},"end":{"line":1472,"column":5}},"448":{"start":{"line":1471,"column":6},"end":{"line":1471,"column":71}},"449":{"start":{"line":1474,"column":23},"end":{"line":1488,"column":5}},"450":{"start":{"line":1489,"column":4},"end":{"line":1494,"column":5}},"451":{"start":{"line":1490,"column":6},"end":{"line":1492,"column":8}},"452":{"start":{"line":1493,"column":6},"end":{"line":1493,"column":66}},"453":{"start":{"line":1496,"column":22},"end":{"line":1496,"column":72}},"454":{"start":{"line":1497,"column":26},"end":{"line":1497,"column":59}},"455":{"start":{"line":1499,"column":22},"end":{"line":1499,"column":49}},"456":{"start":{"line":1501,"column":6},"end":{"line":1503,"column":25}},"457":{"start":{"line":1504,"column":25},"end":{"line":1504,"column":72}},"458":{"start":{"line":1506,"column":27},"end":{"line":1506,"column":31}},"459":{"start":{"line":1508,"column":4},"end":{"line":1511,"column":5}},"460":{"start":{"line":1509,"column":6},"end":{"line":1509,"column":42}},"461":{"start":{"line":1510,"column":6},"end":{"line":1510,"column":55}},"462":{"start":{"line":1513,"column":4},"end":{"line":1612,"column":5}},"463":{"start":{"line":1514,"column":6},"end":{"line":1519,"column":8}},"464":{"start":{"line":1521,"column":6},"end":{"line":1525,"column":9}},"465":{"start":{"line":1527,"column":6},"end":{"line":1534,"column":7}},"466":{"start":{"line":1528,"column":8},"end":{"line":1530,"column":10}},"467":{"start":{"line":1531,"column":8},"end":{"line":1533,"column":11}},"468":{"start":{"line":1536,"column":6},"end":{"line":1538,"column":8}},"469":{"start":{"line":1540,"column":6},"end":{"line":1542,"column":7}},"470":{"start":{"line":1541,"column":8},"end":{"line":1541,"column":54}},"471":{"start":{"line":1544,"column":27},"end":{"line":1544,"column":66}},"472":{"start":{"line":1546,"column":8},"end":{"line":1546,"column":69}},"473":{"start":{"line":1548,"column":21},"end":{"line":1548,"column":35}},"474":{"start":{"line":1549,"column":6},"end":{"line":1571,"column":7}},"475":{"start":{"line":1550,"column":8},"end":{"line":1570,"column":9}},"476":{"start":{"line":1551,"column":32},"end":{"line":1551,"column":68}},"477":{"start":{"line":1552,"column":10},"end":{"line":1564,"column":11}},"478":{"start":{"line":1553,"column":31},"end":{"line":1556,"column":13}},"479":{"start":{"line":1557,"column":28},"end":{"line":1560,"column":14}},"480":{"start":{"line":1558,"column":30},"end":{"line":1558,"column":71}},"481":{"start":{"line":1559,"column":14},"end":{"line":1559,"column":48}},"482":{"start":{"line":1561,"column":12},"end":{"line":1563,"column":31}},"483":{"start":{"line":1566,"column":10},"end":{"line":1569,"column":12}},"484":{"start":{"line":1573,"column":6},"end":{"line":1611,"column":7}},"485":{"start":{"line":1575,"column":10},"end":{"line":1580,"column":61}},"486":{"start":{"line":1582,"column":32},"end":{"line":1592,"column":9}},"487":{"start":{"line":1594,"column":8},"end":{"line":1604,"column":9}},"488":{"start":{"line":1595,"column":10},"end":{"line":1597,"column":12}},"489":{"start":{"line":1598,"column":10},"end":{"line":1598,"column":58}},"490":{"start":{"line":1600,"column":10},"end":{"line":1602,"column":12}},"491":{"start":{"line":1603,"column":10},"end":{"line":1603,"column":52}},"492":{"start":{"line":1606,"column":8},"end":{"line":1606,"column":64}},"493":{"start":{"line":1607,"column":8},"end":{"line":1610,"column":11}},"494":{"start":{"line":1614,"column":4},"end":{"line":1616,"column":5}},"495":{"start":{"line":1615,"column":6},"end":{"line":1615,"column":52}},"496":{"start":{"line":1617,"column":25},"end":{"line":1617,"column":75}},"497":{"start":{"line":1619,"column":12},"end":{"line":1619,"column":29}},"498":{"start":{"line":1620,"column":12},"end":{"line":1620,"column":49}},"499":{"start":{"line":1621,"column":20},"end":{"line":1621,"column":21}},"500":{"start":{"line":1624,"column":4},"end":{"line":1636,"column":5}},"501":{"start":{"line":1631,"column":8},"end":{"line":1631,"column":56}},"502":{"start":{"line":1632,"column":8},"end":{"line":1632,"column":48}},"503":{"start":{"line":1633,"column":8},"end":{"line":1633,"column":14}},"504":{"start":{"line":1635,"column":8},"end":{"line":1635,"column":70}},"505":{"start":{"line":1638,"column":4},"end":{"line":1638,"column":49}},"506":{"start":{"line":1639,"column":4},"end":{"line":1639,"column":33}},"507":{"start":{"line":1641,"column":28},"end":{"line":1648,"column":6}},"508":{"start":{"line":1650,"column":27},"end":{"line":1655,"column":5}},"509":{"start":{"line":1657,"column":4},"end":{"line":1669,"column":5}},"510":{"start":{"line":1658,"column":6},"end":{"line":1668,"column":9}},"511":{"start":{"line":1671,"column":24},"end":{"line":1674,"column":6}},"512":{"start":{"line":1675,"column":28},"end":{"line":1683,"column":5}},"513":{"start":{"line":1684,"column":29},"end":{"line":1687,"column":6}},"514":{"start":{"line":1689,"column":4},"end":{"line":1691,"column":5}},"515":{"start":{"line":1690,"column":6},"end":{"line":1690,"column":74}},"516":{"start":{"line":1693,"column":21},"end":{"line":1702,"column":6}},"517":{"start":{"line":1704,"column":24},"end":{"line":1714,"column":10}},"518":{"start":{"line":1716,"column":22},"end":{"line":1716,"column":26}},"519":{"start":{"line":1717,"column":24},"end":{"line":1717,"column":29}},"520":{"start":{"line":1718,"column":28},"end":{"line":1718,"column":32}},"521":{"start":{"line":1720,"column":4},"end":{"line":1926,"column":5}},"522":{"start":{"line":1723,"column":6},"end":{"line":1729,"column":8}},"523":{"start":{"line":1730,"column":6},"end":{"line":1730,"column":30}},"524":{"start":{"line":1732,"column":6},"end":{"line":1732,"column":26}},"525":{"start":{"line":1733,"column":6},"end":{"line":1733,"column":50}},"526":{"start":{"line":1734,"column":6},"end":{"line":1734,"column":38}},"527":{"start":{"line":1735,"column":6},"end":{"line":1735,"column":40}},"528":{"start":{"line":1736,"column":6},"end":{"line":1736,"column":59}},"529":{"start":{"line":1737,"column":6},"end":{"line":1737,"column":28}},"530":{"start":{"line":1738,"column":6},"end":{"line":1738,"column":33}},"531":{"start":{"line":1739,"column":6},"end":{"line":1741,"column":8}},"532":{"start":{"line":1742,"column":11},"end":{"line":1926,"column":5}},"533":{"start":{"line":1747,"column":8},"end":{"line":1752,"column":70}},"534":{"start":{"line":1756,"column":8},"end":{"line":1761,"column":33}},"535":{"start":{"line":1763,"column":6},"end":{"line":1899,"column":7}},"536":{"start":{"line":1765,"column":8},"end":{"line":1765,"column":39}},"537":{"start":{"line":1766,"column":8},"end":{"line":1772,"column":10}},"538":{"start":{"line":1773,"column":8},"end":{"line":1775,"column":10}},"539":{"start":{"line":1777,"column":30},"end":{"line":1777,"column":47}},"540":{"start":{"line":1778,"column":34},"end":{"line":1778,"column":55}},"541":{"start":{"line":1780,"column":8},"end":{"line":1810,"column":9}},"542":{"start":{"line":1781,"column":10},"end":{"line":1794,"column":11}},"543":{"start":{"line":1783,"column":12},"end":{"line":1783,"column":58}},"544":{"start":{"line":1784,"column":12},"end":{"line":1784,"column":58}},"545":{"start":{"line":1785,"column":12},"end":{"line":1785,"column":40}},"546":{"start":{"line":1786,"column":12},"end":{"line":1786,"column":56}},"547":{"start":{"line":1789,"column":12},"end":{"line":1789,"column":54}},"548":{"start":{"line":1790,"column":12},"end":{"line":1790,"column":62}},"549":{"start":{"line":1791,"column":12},"end":{"line":1791,"column":38}},"550":{"start":{"line":1792,"column":12},"end":{"line":1792,"column":70}},"551":{"start":{"line":1793,"column":12},"end":{"line":1793,"column":76}},"552":{"start":{"line":1795,"column":15},"end":{"line":1810,"column":9}},"553":{"start":{"line":1796,"column":10},"end":{"line":1809,"column":11}},"554":{"start":{"line":1798,"column":12},"end":{"line":1798,"column":58}},"555":{"start":{"line":1799,"column":12},"end":{"line":1799,"column":58}},"556":{"start":{"line":1800,"column":12},"end":{"line":1800,"column":40}},"557":{"start":{"line":1801,"column":12},"end":{"line":1801,"column":56}},"558":{"start":{"line":1804,"column":12},"end":{"line":1804,"column":54}},"559":{"start":{"line":1805,"column":12},"end":{"line":1805,"column":62}},"560":{"start":{"line":1806,"column":12},"end":{"line":1806,"column":38}},"561":{"start":{"line":1807,"column":12},"end":{"line":1807,"column":68}},"562":{"start":{"line":1808,"column":12},"end":{"line":1808,"column":76}},"563":{"start":{"line":1811,"column":8},"end":{"line":1811,"column":31}},"564":{"start":{"line":1812,"column":8},"end":{"line":1812,"column":44}},"565":{"start":{"line":1813,"column":8},"end":{"line":1813,"column":51}},"566":{"start":{"line":1814,"column":8},"end":{"line":1814,"column":33}},"567":{"start":{"line":1815,"column":8},"end":{"line":1815,"column":38}},"568":{"start":{"line":1816,"column":8},"end":{"line":1816,"column":26}},"569":{"start":{"line":1817,"column":13},"end":{"line":1899,"column":7}},"570":{"start":{"line":1819,"column":8},"end":{"line":1819,"column":38}},"571":{"start":{"line":1820,"column":8},"end":{"line":1826,"column":10}},"572":{"start":{"line":1828,"column":30},"end":{"line":1828,"column":47}},"573":{"start":{"line":1829,"column":34},"end":{"line":1829,"column":55}},"574":{"start":{"line":1831,"column":8},"end":{"line":1857,"column":9}},"575":{"start":{"line":1832,"column":10},"end":{"line":1843,"column":11}},"576":{"start":{"line":1834,"column":12},"end":{"line":1834,"column":58}},"577":{"start":{"line":1835,"column":12},"end":{"line":1835,"column":58}},"578":{"start":{"line":1836,"column":12},"end":{"line":1836,"column":40}},"579":{"start":{"line":1839,"column":12},"end":{"line":1839,"column":54}},"580":{"start":{"line":1840,"column":12},"end":{"line":1840,"column":62}},"581":{"start":{"line":1841,"column":12},"end":{"line":1841,"column":38}},"582":{"start":{"line":1842,"column":12},"end":{"line":1842,"column":70}},"583":{"start":{"line":1844,"column":15},"end":{"line":1857,"column":9}},"584":{"start":{"line":1845,"column":10},"end":{"line":1856,"column":11}},"585":{"start":{"line":1847,"column":12},"end":{"line":1847,"column":58}},"586":{"start":{"line":1848,"column":12},"end":{"line":1848,"column":58}},"587":{"start":{"line":1849,"column":12},"end":{"line":1849,"column":40}},"588":{"start":{"line":1852,"column":12},"end":{"line":1852,"column":54}},"589":{"start":{"line":1853,"column":12},"end":{"line":1853,"column":62}},"590":{"start":{"line":1854,"column":12},"end":{"line":1854,"column":38}},"591":{"start":{"line":1855,"column":12},"end":{"line":1855,"column":68}},"592":{"start":{"line":1858,"column":8},"end":{"line":1858,"column":31}},"593":{"start":{"line":1859,"column":8},"end":{"line":1859,"column":44}},"594":{"start":{"line":1860,"column":8},"end":{"line":1860,"column":50}},"595":{"start":{"line":1861,"column":8},"end":{"line":1861,"column":33}},"596":{"start":{"line":1862,"column":8},"end":{"line":1862,"column":38}},"597":{"start":{"line":1863,"column":8},"end":{"line":1863,"column":26}},"598":{"start":{"line":1866,"column":8},"end":{"line":1866,"column":45}},"599":{"start":{"line":1867,"column":8},"end":{"line":1873,"column":10}},"600":{"start":{"line":1875,"column":8},"end":{"line":1875,"column":28}},"601":{"start":{"line":1876,"column":23},"end":{"line":1895,"column":10}},"602":{"start":{"line":1896,"column":8},"end":{"line":1896,"column":28}},"603":{"start":{"line":1897,"column":8},"end":{"line":1897,"column":33}},"604":{"start":{"line":1898,"column":8},"end":{"line":1898,"column":26}},"605":{"start":{"line":1903,"column":21},"end":{"line":1923,"column":8}},"606":{"start":{"line":1924,"column":6},"end":{"line":1924,"column":26}},"607":{"start":{"line":1925,"column":6},"end":{"line":1925,"column":31}},"608":{"start":{"line":1929,"column":23},"end":{"line":1951,"column":6}},"609":{"start":{"line":1953,"column":4},"end":{"line":1953,"column":28}},"610":{"start":{"line":1956,"column":31},"end":{"line":1959,"column":6}},"611":{"start":{"line":1960,"column":4},"end":{"line":1960,"column":61}},"612":{"start":{"line":1961,"column":4},"end":{"line":1961,"column":50}},"613":{"start":{"line":1964,"column":4},"end":{"line":1966,"column":5}},"614":{"start":{"line":1965,"column":6},"end":{"line":1965,"column":78}},"615":{"start":{"line":1968,"column":4},"end":{"line":1968,"column":22}},"616":{"start":{"line":1970,"column":4},"end":{"line":1972,"column":6}},"617":{"start":{"line":1975,"column":4},"end":{"line":1982,"column":5}},"618":{"start":{"line":1976,"column":6},"end":{"line":1976,"column":39}},"619":{"start":{"line":1978,"column":6},"end":{"line":1981,"column":8}},"620":{"start":{"line":1985,"column":3},"end":{"line":1985,"column":30}},"621":{"start":{"line":1986,"column":3},"end":{"line":1986,"column":49}},"622":{"start":{"line":1987,"column":3},"end":{"line":1987,"column":49}},"623":{"start":{"line":1989,"column":3},"end":{"line":1989,"column":50}},"624":{"start":{"line":1991,"column":4},"end":{"line":1991,"column":72}},"625":{"start":{"line":1993,"column":4},"end":{"line":1993,"column":47}},"626":{"start":{"line":1994,"column":4},"end":{"line":1996,"column":63}},"627":{"start":{"line":2000,"column":34},"end":{"line":2380,"column":1}},"628":{"start":{"line":2001,"column":19},"end":{"line":2011,"column":3}},"629":{"start":{"line":2013,"column":27},"end":{"line":2013,"column":28}},"630":{"start":{"line":2014,"column":20},"end":{"line":2014,"column":30}},"631":{"start":{"line":2016,"column":2},"end":{"line":2379,"column":3}},"632":{"start":{"line":2018,"column":21},"end":{"line":2023,"column":6}},"633":{"start":{"line":2025,"column":4},"end":{"line":2032,"column":5}},"634":{"start":{"line":2026,"column":6},"end":{"line":2031,"column":8}},"635":{"start":{"line":2035,"column":20},"end":{"line":2035,"column":63}},"636":{"start":{"line":2035,"column":52},"end":{"line":2035,"column":60}},"637":{"start":{"line":2036,"column":22},"end":{"line":2036,"column":74}},"638":{"start":{"line":2036,"column":42},"end":{"line":2036,"column":73}},"639":{"start":{"line":2037,"column":18},"end":{"line":2037,"column":66}},"640":{"start":{"line":2038,"column":20},"end":{"line":2038,"column":68}},"641":{"start":{"line":2038,"column":45},"end":{"line":2038,"column":66}},"642":{"start":{"line":2041,"column":24},"end":{"line":2047,"column":10}},"643":{"start":{"line":2042,"column":6},"end":{"line":2042,"column":35}},"644":{"start":{"line":2042,"column":24},"end":{"line":2042,"column":35}},"645":{"start":{"line":2043,"column":23},"end":{"line":2043,"column":69}},"646":{"start":{"line":2044,"column":6},"end":{"line":2044,"column":45}},"647":{"start":{"line":2044,"column":26},"end":{"line":2044,"column":45}},"648":{"start":{"line":2045,"column":6},"end":{"line":2045,"column":30}},"649":{"start":{"line":2046,"column":6},"end":{"line":2046,"column":17}},"650":{"start":{"line":2050,"column":4},"end":{"line":2312,"column":5}},"651":{"start":{"line":2051,"column":21},"end":{"line":2051,"column":43}},"652":{"start":{"line":2052,"column":24},"end":{"line":2054,"column":7}},"653":{"start":{"line":2053,"column":15},"end":{"line":2053,"column":48}},"654":{"start":{"line":2055,"column":6},"end":{"line":2055,"column":38}},"655":{"start":{"line":2055,"column":29},"end":{"line":2055,"column":38}},"656":{"start":{"line":2057,"column":24},"end":{"line":2057,"column":36}},"657":{"start":{"line":2061,"column":6},"end":{"line":2091,"column":7}},"658":{"start":{"line":2062,"column":24},"end":{"line":2071,"column":9}},"659":{"start":{"line":2073,"column":8},"end":{"line":2087,"column":9}},"660":{"start":{"line":2074,"column":10},"end":{"line":2074,"column":58}},"661":{"start":{"line":2076,"column":10},"end":{"line":2076,"column":64}},"662":{"start":{"line":2077,"column":10},"end":{"line":2077,"column":64}},"663":{"start":{"line":2078,"column":10},"end":{"line":2078,"column":72}},"664":{"start":{"line":2079,"column":10},"end":{"line":2079,"column":68}},"665":{"start":{"line":2080,"column":10},"end":{"line":2080,"column":80}},"666":{"start":{"line":2081,"column":10},"end":{"line":2081,"column":79}},"667":{"start":{"line":2082,"column":10},"end":{"line":2082,"column":51}},"668":{"start":{"line":2083,"column":10},"end":{"line":2086,"column":12}},"669":{"start":{"line":2089,"column":8},"end":{"line":2089,"column":67}},"670":{"start":{"line":2090,"column":8},"end":{"line":2090,"column":17}},"671":{"start":{"line":2093,"column":6},"end":{"line":2093,"column":46}},"672":{"start":{"line":2093,"column":37},"end":{"line":2093,"column":46}},"673":{"start":{"line":2095,"column":21},"end":{"line":2095,"column":51}},"674":{"start":{"line":2098,"column":21},"end":{"line":2098,"column":52}},"675":{"start":{"line":2099,"column":21},"end":{"line":2099,"column":52}},"676":{"start":{"line":2102,"column":6},"end":{"line":2311,"column":7}},"677":{"start":{"line":2103,"column":8},"end":{"line":2310,"column":9}},"678":{"start":{"line":2104,"column":23},"end":{"line":2104,"column":57}},"679":{"start":{"line":2105,"column":10},"end":{"line":2107,"column":11}},"680":{"start":{"line":2106,"column":12},"end":{"line":2106,"column":21}},"681":{"start":{"line":2110,"column":10},"end":{"line":2169,"column":11}},"682":{"start":{"line":2111,"column":33},"end":{"line":2111,"column":54}},"683":{"start":{"line":2112,"column":34},"end":{"line":2112,"column":59}},"684":{"start":{"line":2114,"column":31},"end":{"line":2126,"column":13}},"685":{"start":{"line":2127,"column":12},"end":{"line":2132,"column":13}},"686":{"start":{"line":2128,"column":14},"end":{"line":2130,"column":16}},"687":{"start":{"line":2131,"column":14},"end":{"line":2131,"column":23}},"688":{"start":{"line":2134,"column":12},"end":{"line":2144,"column":13}},"689":{"start":{"line":2135,"column":14},"end":{"line":2137,"column":16}},"690":{"start":{"line":2138,"column":14},"end":{"line":2143,"column":17}},"691":{"start":{"line":2147,"column":42},"end":{"line":2150,"column":14}},"692":{"start":{"line":2151,"column":12},"end":{"line":2165,"column":13}},"693":{"start":{"line":2152,"column":14},"end":{"line":2164,"column":16}},"694":{"start":{"line":2167,"column":12},"end":{"line":2167,"column":33}},"695":{"start":{"line":2168,"column":12},"end":{"line":2168,"column":21}},"696":{"start":{"line":2173,"column":10},"end":{"line":2186,"column":11}},"697":{"start":{"line":2174,"column":12},"end":{"line":2174,"column":80}},"698":{"start":{"line":2175,"column":17},"end":{"line":2186,"column":11}},"699":{"start":{"line":2176,"column":12},"end":{"line":2179,"column":14}},"700":{"start":{"line":2181,"column":12},"end":{"line":2185,"column":14}},"701":{"start":{"line":2188,"column":10},"end":{"line":2194,"column":11}},"702":{"start":{"line":2189,"column":12},"end":{"line":2192,"column":14}},"703":{"start":{"line":2193,"column":12},"end":{"line":2193,"column":21}},"704":{"start":{"line":2198,"column":29},"end":{"line":2202,"column":11}},"705":{"start":{"line":2203,"column":10},"end":{"line":2208,"column":11}},"706":{"start":{"line":2204,"column":12},"end":{"line":2206,"column":14}},"707":{"start":{"line":2207,"column":12},"end":{"line":2207,"column":21}},"708":{"start":{"line":2209,"column":10},"end":{"line":2209,"column":58}},"709":{"start":{"line":2211,"column":10},"end":{"line":2228,"column":11}},"710":{"start":{"line":2212,"column":12},"end":{"line":2214,"column":14}},"711":{"start":{"line":2215,"column":12},"end":{"line":2221,"column":15}},"712":{"start":{"line":2222,"column":23},"end":{"line":2222,"column":68}},"713":{"start":{"line":2223,"column":12},"end":{"line":2227,"column":13}},"714":{"start":{"line":2224,"column":13},"end":{"line":2226,"column":33}},"715":{"start":{"line":2231,"column":36},"end":{"line":2234,"column":12}},"716":{"start":{"line":2236,"column":10},"end":{"line":2305,"column":11}},"717":{"start":{"line":2238,"column":12},"end":{"line":2304,"column":13}},"718":{"start":{"line":2239,"column":14},"end":{"line":2251,"column":16}},"719":{"start":{"line":2254,"column":34},"end":{"line":2254,"column":71}},"720":{"start":{"line":2255,"column":33},"end":{"line":2255,"column":61}},"721":{"start":{"line":2257,"column":16},"end":{"line":2259,"column":70}},"722":{"start":{"line":2265,"column":14},"end":{"line":2285,"column":15}},"723":{"start":{"line":2266,"column":16},"end":{"line":2274,"column":17}},"724":{"start":{"line":2267,"column":18},"end":{"line":2267,"column":36}},"725":{"start":{"line":2268,"column":18},"end":{"line":2268,"column":79}},"726":{"start":{"line":2269,"column":18},"end":{"line":2269,"column":73}},"727":{"start":{"line":2271,"column":18},"end":{"line":2271,"column":36}},"728":{"start":{"line":2272,"column":18},"end":{"line":2272,"column":75}},"729":{"start":{"line":2273,"column":18},"end":{"line":2273,"column":72}},"730":{"start":{"line":2276,"column":16},"end":{"line":2284,"column":17}},"731":{"start":{"line":2277,"column":18},"end":{"line":2277,"column":36}},"732":{"start":{"line":2278,"column":18},"end":{"line":2278,"column":75}},"733":{"start":{"line":2279,"column":18},"end":{"line":2279,"column":72}},"734":{"start":{"line":2281,"column":18},"end":{"line":2281,"column":36}},"735":{"start":{"line":2282,"column":18},"end":{"line":2282,"column":79}},"736":{"start":{"line":2283,"column":18},"end":{"line":2283,"column":73}},"737":{"start":{"line":2287,"column":14},"end":{"line":2299,"column":16}},"738":{"start":{"line":2301,"column":14},"end":{"line":2303,"column":16}},"739":{"start":{"line":2307,"column":10},"end":{"line":2307,"column":31}},"740":{"start":{"line":2309,"column":10},"end":{"line":2309,"column":73}},"741":{"start":{"line":2315,"column":32},"end":{"line":2317,"column":5}},"742":{"start":{"line":2316,"column":37},"end":{"line":2316,"column":56}},"743":{"start":{"line":2319,"column":4},"end":{"line":2354,"column":5}},"744":{"start":{"line":2320,"column":6},"end":{"line":2353,"column":7}},"745":{"start":{"line":2321,"column":35},"end":{"line":2324,"column":10}},"746":{"start":{"line":2327,"column":10},"end":{"line":2327,"column":71}},"747":{"start":{"line":2330,"column":26},"end":{"line":2341,"column":9}},"748":{"start":{"line":2343,"column":8},"end":{"line":2347,"column":9}},"749":{"start":{"line":2344,"column":9},"end":{"line":2344,"column":58}},"750":{"start":{"line":2345,"column":9},"end":{"line":2345,"column":51}},"751":{"start":{"line":2346,"column":9},"end":{"line":2346,"column":44}},"752":{"start":{"line":2349,"column":8},"end":{"line":2352,"column":10}},"753":{"start":{"line":2357,"column":4},"end":{"line":2359,"column":5}},"754":{"start":{"line":2358,"column":6},"end":{"line":2358,"column":50}},"755":{"start":{"line":2361,"column":27},"end":{"line":2361,"column":49}},"756":{"start":{"line":2363,"column":4},"end":{"line":2370,"column":6}},"757":{"start":{"line":2372,"column":4},"end":{"line":2372,"column":65}},"758":{"start":{"line":2373,"column":4},"end":{"line":2378,"column":6}},"759":{"start":{"line":2382,"column":40},"end":{"line":3099,"column":1}},"760":{"start":{"line":2385,"column":20},"end":{"line":2385,"column":44}},"761":{"start":{"line":2388,"column":2},"end":{"line":2395,"column":3}},"762":{"start":{"line":2390,"column":21},"end":{"line":2393,"column":5}},"763":{"start":{"line":2394,"column":4},"end":{"line":2394,"column":67}},"764":{"start":{"line":2398,"column":2},"end":{"line":2398,"column":32}},"765":{"start":{"line":2401,"column":25},"end":{"line":2401,"column":33}},"766":{"start":{"line":2402,"column":24},"end":{"line":2402,"column":32}},"767":{"start":{"line":2403,"column":27},"end":{"line":2403,"column":28}},"768":{"start":{"line":2405,"column":20},"end":{"line":2405,"column":44}},"769":{"start":{"line":2407,"column":2},"end":{"line":3098,"column":3}},"770":{"start":{"line":2409,"column":17},"end":{"line":2413,"column":6}},"771":{"start":{"line":2415,"column":4},"end":{"line":2524,"column":5}},"772":{"start":{"line":2416,"column":6},"end":{"line":2512,"column":7}},"773":{"start":{"line":2418,"column":30},"end":{"line":2424,"column":9}},"774":{"start":{"line":2421,"column":34},"end":{"line":2421,"column":78}},"775":{"start":{"line":2422,"column":31},"end":{"line":2422,"column":44}},"776":{"start":{"line":2427,"column":24},"end":{"line":2427,"column":79}},"777":{"start":{"line":2429,"column":8},"end":{"line":2506,"column":9}},"778":{"start":{"line":2430,"column":10},"end":{"line":2505,"column":11}},"779":{"start":{"line":2432,"column":31},"end":{"line":2432,"column":35}},"780":{"start":{"line":2433,"column":29},"end":{"line":2433,"column":30}},"781":{"start":{"line":2434,"column":31},"end":{"line":2434,"column":32}},"782":{"start":{"line":2436,"column":12},"end":{"line":2467,"column":13}},"783":{"start":{"line":2437,"column":14},"end":{"line":2466,"column":15}},"784":{"start":{"line":2438,"column":41},"end":{"line":2438,"column":75}},"785":{"start":{"line":2439,"column":16},"end":{"line":2439,"column":58}},"786":{"start":{"line":2440,"column":16},"end":{"line":2440,"column":22}},"787":{"start":{"line":2442,"column":16},"end":{"line":2442,"column":29}},"788":{"start":{"line":2443,"column":16},"end":{"line":2446,"column":18}},"789":{"start":{"line":2448,"column":16},"end":{"line":2465,"column":17}},"790":{"start":{"line":2449,"column":18},"end":{"line":2460,"column":20}},"791":{"start":{"line":2462,"column":18},"end":{"line":2464,"column":20}},"792":{"start":{"line":2463,"column":20},"end":{"line":2463,"column":58}},"793":{"start":{"line":2469,"column":31},"end":{"line":2469,"column":49}},"794":{"start":{"line":2470,"column":33},"end":{"line":2470,"column":79}},"795":{"start":{"line":2472,"column":12},"end":{"line":2499,"column":13}},"796":{"start":{"line":2473,"column":14},"end":{"line":2477,"column":16}},"797":{"start":{"line":2480,"column":14},"end":{"line":2494,"column":15}},"798":{"start":{"line":2481,"column":38},"end":{"line":2481,"column":50}},"799":{"start":{"line":2483,"column":16},"end":{"line":2493,"column":17}},"800":{"start":{"line":2485,"column":46},"end":{"line":2487,"column":19}},"801":{"start":{"line":2486,"column":30},"end":{"line":2486,"column":57}},"802":{"start":{"line":2488,"column":45},"end":{"line":2488,"column":67}},"803":{"start":{"line":2490,"column":40},"end":{"line":2490,"column":73}},"804":{"start":{"line":2492,"column":18},"end":{"line":2492,"column":74}},"805":{"start":{"line":2496,"column":14},"end":{"line":2498,"column":16}},"806":{"start":{"line":2501,"column":12},"end":{"line":2504,"column":14}},"807":{"start":{"line":2508,"column":8},"end":{"line":2511,"column":10}},"808":{"start":{"line":2514,"column":23},"end":{"line":2517,"column":7}},"809":{"start":{"line":2520,"column":22},"end":{"line":2520,"column":46}},"810":{"start":{"line":2521,"column":6},"end":{"line":2521,"column":37}},"811":{"start":{"line":2523,"column":6},"end":{"line":2523,"column":69}},"812":{"start":{"line":2527,"column":24},"end":{"line":2532,"column":10}},"813":{"start":{"line":2528,"column":18},"end":{"line":2528,"column":39}},"814":{"start":{"line":2529,"column":6},"end":{"line":2529,"column":35}},"815":{"start":{"line":2529,"column":21},"end":{"line":2529,"column":35}},"816":{"start":{"line":2530,"column":6},"end":{"line":2530,"column":23}},"817":{"start":{"line":2531,"column":6},"end":{"line":2531,"column":17}},"818":{"start":{"line":2534,"column":20},"end":{"line":2534,"column":59}},"819":{"start":{"line":2534,"column":48},"end":{"line":2534,"column":56}},"820":{"start":{"line":2535,"column":30},"end":{"line":2535,"column":32}},"821":{"start":{"line":2539,"column":4},"end":{"line":2995,"column":5}},"822":{"start":{"line":2540,"column":20},"end":{"line":2540,"column":39}},"823":{"start":{"line":2541,"column":22},"end":{"line":2541,"column":39}},"824":{"start":{"line":2544,"column":25},"end":{"line":2544,"column":29}},"825":{"start":{"line":2547,"column":6},"end":{"line":2567,"column":7}},"826":{"start":{"line":2548,"column":8},"end":{"line":2550,"column":10}},"827":{"start":{"line":2551,"column":8},"end":{"line":2553,"column":10}},"828":{"start":{"line":2555,"column":8},"end":{"line":2566,"column":9}},"829":{"start":{"line":2558,"column":35},"end":{"line":2558,"column":69}},"830":{"start":{"line":2559,"column":10},"end":{"line":2559,"column":52}},"831":{"start":{"line":2561,"column":10},"end":{"line":2564,"column":12}},"832":{"start":{"line":2565,"column":10},"end":{"line":2565,"column":19}},"833":{"start":{"line":2570,"column":23},"end":{"line":2570,"column":41}},"834":{"start":{"line":2571,"column":6},"end":{"line":2580,"column":7}},"835":{"start":{"line":2572,"column":8},"end":{"line":2579,"column":9}},"836":{"start":{"line":2573,"column":10},"end":{"line":2573,"column":46}},"837":{"start":{"line":2575,"column":10},"end":{"line":2577,"column":12}},"838":{"start":{"line":2578,"column":10},"end":{"line":2578,"column":19}},"839":{"start":{"line":2582,"column":27},"end":{"line":2582,"column":73}},"840":{"start":{"line":2584,"column":6},"end":{"line":2589,"column":7}},"841":{"start":{"line":2585,"column":8},"end":{"line":2587,"column":10}},"842":{"start":{"line":2588,"column":8},"end":{"line":2588,"column":17}},"843":{"start":{"line":2592,"column":27},"end":{"line":2592,"column":36}},"844":{"start":{"line":2593,"column":6},"end":{"line":2595,"column":7}},"845":{"start":{"line":2594,"column":8},"end":{"line":2594,"column":63}},"846":{"start":{"line":2594,"column":28},"end":{"line":2594,"column":63}},"847":{"start":{"line":2598,"column":25},"end":{"line":2598,"column":27}},"848":{"start":{"line":2599,"column":26},"end":{"line":2599,"column":35}},"849":{"start":{"line":2601,"column":6},"end":{"line":2804,"column":7}},"850":{"start":{"line":2602,"column":8},"end":{"line":2803,"column":9}},"851":{"start":{"line":2603,"column":27},"end":{"line":2606,"column":12}},"852":{"start":{"line":2608,"column":10},"end":{"line":2614,"column":11}},"853":{"start":{"line":2609,"column":29},"end":{"line":2609,"column":53}},"854":{"start":{"line":2610,"column":12},"end":{"line":2612,"column":14}},"855":{"start":{"line":2613,"column":12},"end":{"line":2613,"column":21}},"856":{"start":{"line":2616,"column":10},"end":{"line":2616,"column":50}},"857":{"start":{"line":2618,"column":23},"end":{"line":2618,"column":58}},"858":{"start":{"line":2619,"column":10},"end":{"line":2624,"column":11}},"859":{"start":{"line":2620,"column":12},"end":{"line":2622,"column":14}},"860":{"start":{"line":2623,"column":12},"end":{"line":2623,"column":21}},"861":{"start":{"line":2626,"column":29},"end":{"line":2626,"column":71}},"862":{"start":{"line":2627,"column":33},"end":{"line":2627,"column":61}},"863":{"start":{"line":2629,"column":10},"end":{"line":2634,"column":11}},"864":{"start":{"line":2630,"column":12},"end":{"line":2632,"column":14}},"865":{"start":{"line":2633,"column":12},"end":{"line":2633,"column":21}},"866":{"start":{"line":2636,"column":27},"end":{"line":2636,"column":29}},"867":{"start":{"line":2637,"column":24},"end":{"line":2637,"column":26}},"868":{"start":{"line":2638,"column":20},"end":{"line":2638,"column":25}},"869":{"start":{"line":2640,"column":28},"end":{"line":2644,"column":18}},"870":{"start":{"line":2645,"column":10},"end":{"line":2650,"column":27}},"871":{"start":{"line":2652,"column":10},"end":{"line":2652,"column":48}},"872":{"start":{"line":2653,"column":10},"end":{"line":2656,"column":63}},"873":{"start":{"line":2659,"column":26},"end":{"line":2659,"column":27}},"874":{"start":{"line":2660,"column":34},"end":{"line":2660,"column":35}},"875":{"start":{"line":2661,"column":36},"end":{"line":2661,"column":37}},"876":{"start":{"line":2662,"column":37},"end":{"line":2662,"column":38}},"877":{"start":{"line":2664,"column":10},"end":{"line":2746,"column":11}},"878":{"start":{"line":2665,"column":12},"end":{"line":2705,"column":13}},"879":{"start":{"line":2669,"column":14},"end":{"line":2684,"column":15}},"880":{"start":{"line":2671,"column":16},"end":{"line":2671,"column":50}},"881":{"start":{"line":2672,"column":16},"end":{"line":2672,"column":40}},"882":{"start":{"line":2673,"column":16},"end":{"line":2673,"column":53}},"883":{"start":{"line":2674,"column":16},"end":{"line":2674,"column":59}},"884":{"start":{"line":2675,"column":16},"end":{"line":2675,"column":31}},"885":{"start":{"line":2678,"column":16},"end":{"line":2678,"column":54}},"886":{"start":{"line":2679,"column":16},"end":{"line":2679,"column":58}},"887":{"start":{"line":2680,"column":16},"end":{"line":2680,"column":48}},"888":{"start":{"line":2681,"column":16},"end":{"line":2681,"column":61}},"889":{"start":{"line":2682,"column":16},"end":{"line":2682,"column":67}},"890":{"start":{"line":2683,"column":16},"end":{"line":2683,"column":31}},"891":{"start":{"line":2685,"column":14},"end":{"line":2685,"column":36}},"892":{"start":{"line":2686,"column":14},"end":{"line":2686,"column":41}},"893":{"start":{"line":2696,"column":16},"end":{"line":2696,"column":47}},"894":{"start":{"line":2697,"column":16},"end":{"line":2697,"column":40}},"895":{"start":{"line":2698,"column":16},"end":{"line":2698,"column":50}},"896":{"start":{"line":2699,"column":16},"end":{"line":2699,"column":55}},"897":{"start":{"line":2700,"column":16},"end":{"line":2700,"column":53}},"898":{"start":{"line":2703,"column":14},"end":{"line":2703,"column":36}},"899":{"start":{"line":2704,"column":14},"end":{"line":2704,"column":41}},"900":{"start":{"line":2708,"column":12},"end":{"line":2745,"column":13}},"901":{"start":{"line":2709,"column":14},"end":{"line":2709,"column":45}},"902":{"start":{"line":2710,"column":14},"end":{"line":2710,"column":38}},"903":{"start":{"line":2711,"column":14},"end":{"line":2711,"column":48}},"904":{"start":{"line":2712,"column":14},"end":{"line":2712,"column":53}},"905":{"start":{"line":2713,"column":14},"end":{"line":2713,"column":36}},"906":{"start":{"line":2714,"column":14},"end":{"line":2714,"column":41}},"907":{"start":{"line":2715,"column":14},"end":{"line":2715,"column":29}},"908":{"start":{"line":2720,"column":14},"end":{"line":2740,"column":15}},"909":{"start":{"line":2723,"column":16},"end":{"line":2723,"column":50}},"910":{"start":{"line":2724,"column":16},"end":{"line":2724,"column":52}},"911":{"start":{"line":2725,"column":16},"end":{"line":2725,"column":53}},"912":{"start":{"line":2726,"column":16},"end":{"line":2726,"column":42}},"913":{"start":{"line":2727,"column":16},"end":{"line":2727,"column":59}},"914":{"start":{"line":2731,"column":37},"end":{"line":2731,"column":46}},"915":{"start":{"line":2732,"column":37},"end":{"line":2732,"column":50}},"916":{"start":{"line":2733,"column":36},"end":{"line":2733,"column":63}},"917":{"start":{"line":2735,"column":16},"end":{"line":2735,"column":49}},"918":{"start":{"line":2736,"column":16},"end":{"line":2736,"column":50}},"919":{"start":{"line":2737,"column":16},"end":{"line":2737,"column":52}},"920":{"start":{"line":2738,"column":16},"end":{"line":2738,"column":40}},"921":{"start":{"line":2739,"column":16},"end":{"line":2739,"column":58}},"922":{"start":{"line":2742,"column":14},"end":{"line":2742,"column":36}},"923":{"start":{"line":2743,"column":14},"end":{"line":2743,"column":41}},"924":{"start":{"line":2744,"column":14},"end":{"line":2744,"column":29}},"925":{"start":{"line":2748,"column":35},"end":{"line":2765,"column":11}},"926":{"start":{"line":2767,"column":10},"end":{"line":2770,"column":12}},"927":{"start":{"line":2773,"column":10},"end":{"line":2778,"column":11}},"928":{"start":{"line":2774,"column":12},"end":{"line":2776,"column":14}},"929":{"start":{"line":2777,"column":12},"end":{"line":2777,"column":21}},"930":{"start":{"line":2781,"column":25},"end":{"line":2781,"column":44}},"931":{"start":{"line":2782,"column":10},"end":{"line":2789,"column":11}},"932":{"start":{"line":2783,"column":12},"end":{"line":2788,"column":15}},"933":{"start":{"line":2791,"column":29},"end":{"line":2791,"column":52}},"934":{"start":{"line":2792,"column":10},"end":{"line":2792,"column":56}},"935":{"start":{"line":2793,"column":10},"end":{"line":2793,"column":60}},"936":{"start":{"line":2794,"column":10},"end":{"line":2794,"column":62}},"937":{"start":{"line":2796,"column":10},"end":{"line":2796,"column":44}},"938":{"start":{"line":2797,"column":10},"end":{"line":2797,"column":31}},"939":{"start":{"line":2799,"column":10},"end":{"line":2802,"column":12}},"940":{"start":{"line":2807,"column":6},"end":{"line":2838,"column":7}},"941":{"start":{"line":2808,"column":8},"end":{"line":2837,"column":9}},"942":{"start":{"line":2809,"column":71},"end":{"line":2809,"column":77}},"943":{"start":{"line":2811,"column":10},"end":{"line":2813,"column":12}},"944":{"start":{"line":2814,"column":10},"end":{"line":2820,"column":13}},"945":{"start":{"line":2821,"column":10},"end":{"line":2825,"column":11}},"946":{"start":{"line":2822,"column":11},"end":{"line":2824,"column":14}},"947":{"start":{"line":2828,"column":28},"end":{"line":2828,"column":59}},"948":{"start":{"line":2829,"column":9},"end":{"line":2829,"column":58}},"949":{"start":{"line":2830,"column":9},"end":{"line":2830,"column":58}},"950":{"start":{"line":2831,"column":9},"end":{"line":2831,"column":44}},"951":{"start":{"line":2833,"column":10},"end":{"line":2836,"column":12}},"952":{"start":{"line":2841,"column":6},"end":{"line":2947,"column":7}},"953":{"start":{"line":2842,"column":8},"end":{"line":2946,"column":9}},"954":{"start":{"line":2843,"column":10},"end":{"line":2843,"column":65}},"955":{"start":{"line":2843,"column":52},"end":{"line":2843,"column":62}},"956":{"start":{"line":2844,"column":10},"end":{"line":2846,"column":12}},"957":{"start":{"line":2850,"column":39},"end":{"line":2850,"column":40}},"958":{"start":{"line":2852,"column":10},"end":{"line":2936,"column":11}},"959":{"start":{"line":2853,"column":12},"end":{"line":2935,"column":13}},"960":{"start":{"line":2855,"column":40},"end":{"line":2858,"column":16}},"961":{"start":{"line":2861,"column":14},"end":{"line":2929,"column":15}},"962":{"start":{"line":2862,"column":36},"end":{"line":2862,"column":73}},"963":{"start":{"line":2867,"column":16},"end":{"line":2867,"column":58}},"964":{"start":{"line":2868,"column":16},"end":{"line":2871,"column":73}},"965":{"start":{"line":2877,"column":16},"end":{"line":2906,"column":17}},"966":{"start":{"line":2878,"column":18},"end":{"line":2890,"column":19}},"967":{"start":{"line":2880,"column":20},"end":{"line":2880,"column":38}},"968":{"start":{"line":2881,"column":20},"end":{"line":2883,"column":22}},"969":{"start":{"line":2884,"column":20},"end":{"line":2884,"column":75}},"970":{"start":{"line":2887,"column":20},"end":{"line":2887,"column":38}},"971":{"start":{"line":2888,"column":20},"end":{"line":2888,"column":77}},"972":{"start":{"line":2889,"column":20},"end":{"line":2889,"column":74}},"973":{"start":{"line":2893,"column":18},"end":{"line":2905,"column":19}},"974":{"start":{"line":2895,"column":20},"end":{"line":2895,"column":38}},"975":{"start":{"line":2896,"column":20},"end":{"line":2896,"column":77}},"976":{"start":{"line":2897,"column":20},"end":{"line":2897,"column":74}},"977":{"start":{"line":2900,"column":20},"end":{"line":2900,"column":38}},"978":{"start":{"line":2901,"column":20},"end":{"line":2903,"column":22}},"979":{"start":{"line":2904,"column":20},"end":{"line":2904,"column":75}},"980":{"start":{"line":2908,"column":16},"end":{"line":2922,"column":18}},"981":{"start":{"line":2924,"column":16},"end":{"line":2924,"column":41}},"982":{"start":{"line":2926,"column":16},"end":{"line":2928,"column":18}},"983":{"start":{"line":2931,"column":14},"end":{"line":2934,"column":16}},"984":{"start":{"line":2938,"column":10},"end":{"line":2940,"column":12}},"985":{"start":{"line":2942,"column":10},"end":{"line":2945,"column":12}},"986":{"start":{"line":2950,"column":34},"end":{"line":2952,"column":7}},"987":{"start":{"line":2951,"column":36},"end":{"line":2951,"column":55}},"988":{"start":{"line":2953,"column":6},"end":{"line":2955,"column":8}},"989":{"start":{"line":2957,"column":6},"end":{"line":2994,"column":7}},"990":{"start":{"line":2958,"column":8},"end":{"line":2993,"column":9}},"991":{"start":{"line":2959,"column":37},"end":{"line":2962,"column":12}},"992":{"start":{"line":2965,"column":29},"end":{"line":2965,"column":70}},"993":{"start":{"line":2968,"column":28},"end":{"line":2979,"column":11}},"994":{"start":{"line":2981,"column":10},"end":{"line":2987,"column":11}},"995":{"start":{"line":2982,"column":12},"end":{"line":2982,"column":75}},"996":{"start":{"line":2983,"column":12},"end":{"line":2983,"column":77}},"997":{"start":{"line":2984,"column":12},"end":{"line":2986,"column":14}},"998":{"start":{"line":2989,"column":10},"end":{"line":2992,"column":12}},"999":{"start":{"line":2997,"column":26},"end":{"line":3013,"column":6}},"1000":{"start":{"line":2998,"column":6},"end":{"line":3012,"column":7}},"1001":{"start":{"line":2999,"column":21},"end":{"line":2999,"column":52}},"1002":{"start":{"line":3000,"column":8},"end":{"line":3006,"column":9}},"1003":{"start":{"line":3001,"column":10},"end":{"line":3005,"column":13}},"1004":{"start":{"line":3008,"column":8},"end":{"line":3011,"column":10}},"1005":{"start":{"line":3015,"column":4},"end":{"line":3015,"column":37}},"1006":{"start":{"line":3016,"column":4},"end":{"line":3016,"column":45}},"1007":{"start":{"line":3017,"column":4},"end":{"line":3019,"column":6}},"1008":{"start":{"line":3022,"column":4},"end":{"line":3032,"column":5}},"1009":{"start":{"line":3023,"column":6},"end":{"line":3023,"column":50}},"1010":{"start":{"line":3024,"column":6},"end":{"line":3024,"column":50}},"1011":{"start":{"line":3025,"column":6},"end":{"line":3025,"column":53}},"1012":{"start":{"line":3028,"column":6},"end":{"line":3031,"column":8}},"1013":{"start":{"line":3036,"column":4},"end":{"line":3069,"column":5}},"1014":{"start":{"line":3037,"column":6},"end":{"line":3068,"column":7}},"1015":{"start":{"line":3039,"column":27},"end":{"line":3039,"column":61}},"1016":{"start":{"line":3040,"column":29},"end":{"line":3040,"column":75}},"1017":{"start":{"line":3042,"column":8},"end":{"line":3062,"column":9}},"1018":{"start":{"line":3043,"column":10},"end":{"line":3045,"column":12}},"1019":{"start":{"line":3049,"column":32},"end":{"line":3051,"column":11}},"1020":{"start":{"line":3050,"column":22},"end":{"line":3050,"column":49}},"1021":{"start":{"line":3052,"column":31},"end":{"line":3052,"column":47}},"1022":{"start":{"line":3053,"column":32},"end":{"line":3053,"column":59}},"1023":{"start":{"line":3055,"column":10},"end":{"line":3057,"column":12}},"1024":{"start":{"line":3059,"column":10},"end":{"line":3061,"column":12}},"1025":{"start":{"line":3064,"column":8},"end":{"line":3067,"column":10}},"1026":{"start":{"line":3072,"column":21},"end":{"line":3075,"column":5}},"1027":{"start":{"line":3078,"column":20},"end":{"line":3078,"column":44}},"1028":{"start":{"line":3079,"column":4},"end":{"line":3079,"column":35}},"1029":{"start":{"line":3080,"column":4},"end":{"line":3082,"column":6}},"1030":{"start":{"line":3084,"column":4},"end":{"line":3084,"column":67}},"1031":{"start":{"line":3086,"column":22},"end":{"line":3086,"column":46}},"1032":{"start":{"line":3087,"column":4},"end":{"line":3087,"column":78}},"1033":{"start":{"line":3090,"column":4},"end":{"line":3090,"column":35}},"1034":{"start":{"line":3091,"column":4},"end":{"line":3091,"column":61}},"1035":{"start":{"line":3093,"column":26},"end":{"line":3096,"column":5}},"1036":{"start":{"line":3097,"column":4},"end":{"line":3097,"column":77}},"1037":{"start":{"line":3101,"column":36},"end":{"line":3424,"column":1}},"1038":{"start":{"line":3102,"column":2},"end":{"line":3423,"column":3}},"1039":{"start":{"line":3103,"column":29},"end":{"line":3103,"column":30}},"1040":{"start":{"line":3104,"column":30},"end":{"line":3104,"column":32}},"1041":{"start":{"line":3106,"column":4},"end":{"line":3400,"column":5}},"1042":{"start":{"line":3108,"column":19},"end":{"line":3112,"column":8}},"1043":{"start":{"line":3113,"column":6},"end":{"line":3113,"column":69}},"1044":{"start":{"line":3115,"column":6},"end":{"line":3118,"column":7}},"1045":{"start":{"line":3116,"column":8},"end":{"line":3116,"column":63}},"1046":{"start":{"line":3117,"column":8},"end":{"line":3117,"column":17}},"1047":{"start":{"line":3121,"column":26},"end":{"line":3125,"column":12}},"1048":{"start":{"line":3122,"column":8},"end":{"line":3122,"column":51}},"1049":{"start":{"line":3122,"column":30},"end":{"line":3122,"column":51}},"1050":{"start":{"line":3123,"column":8},"end":{"line":3123,"column":34}},"1051":{"start":{"line":3124,"column":8},"end":{"line":3124,"column":19}},"1052":{"start":{"line":3127,"column":6},"end":{"line":3350,"column":7}},"1053":{"start":{"line":3128,"column":8},"end":{"line":3349,"column":9}},"1054":{"start":{"line":3130,"column":11},"end":{"line":3131,"column":46}},"1055":{"start":{"line":3134,"column":11},"end":{"line":3135,"column":46}},"1056":{"start":{"line":3138,"column":11},"end":{"line":3139,"column":46}},"1057":{"start":{"line":3141,"column":10},"end":{"line":3343,"column":11}},"1058":{"start":{"line":3142,"column":24},"end":{"line":3142,"column":31}},"1059":{"start":{"line":3147,"column":12},"end":{"line":3203,"column":13}},"1060":{"start":{"line":3148,"column":14},"end":{"line":3148,"column":28}},"1061":{"start":{"line":3149,"column":14},"end":{"line":3149,"column":68}},"1062":{"start":{"line":3150,"column":19},"end":{"line":3203,"column":13}},"1063":{"start":{"line":3158,"column":14},"end":{"line":3179,"column":15}},"1064":{"start":{"line":3160,"column":18},"end":{"line":3160,"column":51}},"1065":{"start":{"line":3162,"column":16},"end":{"line":3167,"column":17}},"1066":{"start":{"line":3163,"column":18},"end":{"line":3165,"column":20}},"1067":{"start":{"line":3166,"column":18},"end":{"line":3166,"column":27}},"1068":{"start":{"line":3169,"column":16},"end":{"line":3169,"column":43}},"1069":{"start":{"line":3170,"column":16},"end":{"line":3172,"column":18}},"1070":{"start":{"line":3174,"column":16},"end":{"line":3177,"column":18}},"1071":{"start":{"line":3178,"column":16},"end":{"line":3178,"column":25}},"1072":{"start":{"line":3182,"column":33},"end":{"line":3191,"column":16}},"1073":{"start":{"line":3193,"column":14},"end":{"line":3196,"column":16}},"1074":{"start":{"line":3198,"column":14},"end":{"line":3200,"column":15}},"1075":{"start":{"line":3199,"column":16},"end":{"line":3199,"column":25}},"1076":{"start":{"line":3202,"column":14},"end":{"line":3202,"column":46}},"1077":{"start":{"line":3206,"column":27},"end":{"line":3206,"column":77}},"1078":{"start":{"line":3208,"column":25},"end":{"line":3208,"column":60}},"1079":{"start":{"line":3210,"column":12},"end":{"line":3213,"column":13}},"1080":{"start":{"line":3211,"column":14},"end":{"line":3211,"column":64}},"1081":{"start":{"line":3212,"column":14},"end":{"line":3212,"column":23}},"1082":{"start":{"line":3217,"column":12},"end":{"line":3226,"column":13}},"1083":{"start":{"line":3218,"column":14},"end":{"line":3219,"column":66}},"1084":{"start":{"line":3221,"column":14},"end":{"line":3225,"column":16}},"1085":{"start":{"line":3228,"column":12},"end":{"line":3234,"column":13}},"1086":{"start":{"line":3229,"column":14},"end":{"line":3232,"column":16}},"1087":{"start":{"line":3233,"column":14},"end":{"line":3233,"column":23}},"1088":{"start":{"line":3238,"column":31},"end":{"line":3242,"column":13}},"1089":{"start":{"line":3243,"column":12},"end":{"line":3248,"column":13}},"1090":{"start":{"line":3244,"column":14},"end":{"line":3246,"column":16}},"1091":{"start":{"line":3247,"column":14},"end":{"line":3247,"column":23}},"1092":{"start":{"line":3249,"column":12},"end":{"line":3249,"column":60}},"1093":{"start":{"line":3253,"column":38},"end":{"line":3256,"column":14}},"1094":{"start":{"line":3258,"column":36},"end":{"line":
[...]
147,"b:3437:6:3439:7:undefined:undefined:undefined:undefined":374,"s:3437:6:3439:7":1148,"s:3438:8:3438:39":1149,"s:3441:19:3441:58":1150,"b:3443:6:3445:7:undefined:undefined:undefined:undefined":375,"s:3443:6:3445:7":1151,"s:3444:8:3444:17":1152,"s:3447:26:3454:12":1153,"f:3447:38:3447:39":46,"s:3449:10:3449:77":1154,"b:3449:34:3449:64:3449:67:3449:77":376,"b:3451:8:3451:37:undefined:undefined:undefined:undefined":377,"s:3451:8:3451:37":1155,"s:3451:23:3451:37":1156,"s:3452:8:3452:27":1157,"s:3453:8:3453:19":1158,"s:3456:6:3679:7":1159,"s:3457:8:3678:9":1160,"s:3458:10:3672:11":1161,"s:3459:25:3459:60":1162,"b:3460:12:3462:13:undefined:undefined:undefined:undefined":378,"s:3460:12:3462:13":1163,"s:3461:14:3461:23":1164,"b:3465:12:3494:13:3473:19:3494:13":379,"s:3465:12:3494:13":1165,"s:3467:14:3472:16":1166,"b:3470:44:3470:54:3470:57:3470:77":380,"b:3475:14:3493:15:3486:21:3493:15":381,"s:3475:14:3493:15":1167,"s:3476:28:3476:35":1168,"s:3477:35:3484:18":1169,"s:3485:16:3485:48":1170,"s:3488:41:3491:17":1171,"s:3492:16:3492:54":1172,"s:3496:31:3496:45":1173,"s:3497:12:3500:14":1174,"b:3502:12:3504:13:undefined:undefined:undefined:undefined":382,"s:3502:12:3504:13":1175,"s:3503:14:3503:23":1176,"b:3508:12:3514:13:3511:19:3514:13":383,"s:3508:12:3514:13":1177,"s:3510:14:3510:56":1178,"s:3513:14:3513:52":1179,"s:3515:12:3518:14":1180,"b:3521:12:3523:13:undefined:undefined:undefined:undefined":384,"s:3521:12:3523:13":1181,"s:3522:14:3522:23":1182,"s:3524:28:3524:48":1183,"s:3525:28:3525:29":1184,"s:3528:14:3530:60":1185,"b:3528:14:3528:20:3529:14:3529:21:3530:14:3530:60":385,"b:3533:12:3663:13:3573:19:3663:13":386,"s:3533:12:3663:13":1186,"b:3534:14:3534:43:3535:14:3535:43":387,"b:3537:14:3572:15:3554:21:3572:15":388,"s:3537:14:3572:15":1187,"b:3538:16:3553:17:3546:23:3553:17":389,"s:3538:16:3553:17":1188,"s:3539:18:3539:44":1189,"s:3540:18:3540:57":1190,"s:3541:18:3541:55":1191,"s:3542:18:3542:41":1192,"s:3543:18:3543:40":1193,"s:3544:18:3544:45":1194,"s:3545:18:3545:33":1195,"s:3547:18:3547:57":1196,"s:3548:18:3548:52":1197,"s:3549:18:3549:41":1198,"s:3550:18:3550:40":1199,"s:3551:18:3551:45":1200,"s:3552:18:3552:33":1201,"b:3556:16:3571:17:3563:23:3571:17":390,"s:3556:16:3571:17":1202,"s:3557:18:3557:57":1203,"s:3558:18:3558:52":1204,"s:3559:18:3559:41":1205,"s:3560:18:3560:40":1206,"s:3561:18:3561:45":1207,"s:3562:18:3562:33":1208,"s:3564:18:3564:44":1209,"s:3565:18:3565:57":1210,"s:3566:18:3566:55":1211,"s:3567:18:3567:41":1212,"s:3568:18:3568:40":1213,"s:3569:18:3569:45":1214,"s:3570:18:3570:33":1215,"b:3573:19:3663:13:3606:19:3663:13":391,"s:3573:19:3663:13":1216,"b:3575:14:3602:15:3588:21:3602:15":392,"s:3575:14:3602:15":1217,"b:3576:16:3587:17:3582:23:3587:17":393,"s:3576:16:3587:17":1218,"s:3578:18:3578:44":1219,"s:3579:18:3579:57":1220,"s:3580:18:3580:55":1221,"s:3581:18:3581:33":1222,"s:3584:18:3584:57":1223,"s:3585:18:3585:52":1224,"s:3586:18:3586:33":1225,"b:3588:21:3602:15:undefined:undefined:undefined:undefined":394,"s:3588:21:3602:15":1226,"b:3590:16:3601:17:3595:23:3601:17":395,"s:3590:16:3601:17":1227,"s:3592:18:3592:57":1228,"s:3593:18:3593:52":1229,"s:3594:18:3594:33":1230,"s:3597:18:3597:44":1231,"s:3598:18:3598:57":1232,"s:3599:18:3599:55":1233,"s:3600:18:3600:33":1234,"s:3603:14:3603:37":1235,"s:3604:14:3604:36":1236,"s:3605:14:3605:41":1237,"b:3606:19:3663:13:3646:19:3663:13":396,"s:3606:19:3663:13":1238,"b:3607:14:3607:38:3608:14:3608:46":397,"b:3610:14:3645:15:3627:21:3645:15":398,"s:3610:14:3645:15":1239,"b:3611:16:3626:17:3619:23:3626:17":399,"s:3611:16:3626:17":1240,"s:3612:18:3612:56":1241,"s:3613:18:3613:57":1242,"s:3614:18:3614:55":1243,"s:3615:18:3615:41":1244,"s:3616:18:3616:40":1245,"s:3617:18:3617:45":1246,"s:3618:18:3618:33":1247,"s:3620:18:3620:57":1248,"s:3621:18:3621:52":1249,"s:3622:18:3622:41":1250,"s:3623:18:3623:40":1251,"s:3624:18:3624:45":1252,"s:3625:18:3625:33":1253,"b:3629:16:3644:17:3636:23:3644:17":400,"s:3629:16:3644:17":1254,"s:3630:18:3630:57":1255,"s:3631:18:3631:52":1256,"s:3632:18:3632:41":1257,"s:3633:18:3633:40":1258,"s:3634:18:3634:45":1259,"s:3635:18:3635:33":1260,"s:3637:18:3637:56":1261,"s:3638:18:3638:57":1262,"s:3639:18:3639:55":1263,"s:3640:18:3640:41":1264,"s:3641:18:3641:40":1265,"s:3642:18:3642:45":1266,"s:3643:18:3643:33":1267,"b:3646:19:3663:13:undefined:undefined:undefined:undefined":401,"s:3646:19:3663:13":1268,"b:3646:23:3646:42:3646:46:3646:71":402,"b:3647:14:3662:15:3655:21:3662:15":403,"s:3647:14:3662:15":1269,"s:3648:16:3648:54":1270,"s:3649:16:3649:55":1271,"s:3650:16:3650:53":1272,"s:3651:16:3651:39":1273,"s:3652:16:3652:38":1274,"s:3653:16:3653:43":1275,"s:3654:16:3654:31":1276,"s:3656:16:3656:39":1277,"s:3657:16:3657:38":1278,"s:3658:16:3658:43":1279,"s:3659:16:3659:31":1280,"s:3660:16:3660:55":1281,"s:3661:16:3661:50":1282,"s:3665:12:3665:29":1283,"s:3666:12:3666:33":1284,"s:3669:12:3669:80":1285,"s:3671:11:3671:50":1286,"s:3674:10:3677:12":1287,"b:3683:4:3690:5:3688:11:3690:5":404,"s:3683:4:3690:5":1288,"b:3683:8:3683:11:3683:15:3683:47":405,"s:3684:6:3687:9":1289,"s:3689:6:3689:58":1290,"s:3692:4:3692:57":1291,"b:3694:4:3698:5:3696:11:3698:5":406,"s:3694:4:3698:5":1292,"b:3694:8:3694:11:3694:15:3694:47":407,"s:3695:6:3695:63":1293,"s:3697:6:3697:18":1294,"s:3701:37:3823:1":1295,"f:3701:37:3701:42":47,"s:3702:2:3822:3":1296,"s:3703:21:3709:5":1297,"s:3711:29:3711:30":1298,"s:3713:4:3804:5":1299,"s:3715:19:3719:8":1300,"b:3721:6:3724:7:undefined:undefined:undefined:undefined":408,"s:3721:6:3724:7":1301,"s:3723:8:3723:17":1302,"s:3727:26:3731:12":1303,"f:3727:38:3727:39":48,"b:3728:8:3728:51:undefined:undefined:undefined:undefined":409,"s:3728:8:3728:51":1304,"s:3728:30:3728:51":1305,"s:3729:8:3729:34":1306,"s:3730:8:3730:19":1307,"s:3733:6:3803:7":1308,"s:3734:8:3802:9":1309,"s:3735:10:3799:11":1310,"s:3736:24:3736:31":1311,"s:3738:31:3745:14":1312,"b:3746:12:3748:13:undefined:undefined:undefined:undefined":410,"s:3746:12:3748:13":1313,"s:3747:14:3747:23":1314,"s:3750:12:3750:50":1315,"s:3752:31:3752:45":1316,"s:3753:26:3753:49":1317,"s:3755:24:3755:66":1318,"b:3755:24:3755:29:3755:33:3755:43:3755:47:3755:66":411,"s:3756:12:3756:38":1319,"s:3758:28:3758:48":1320,"s:3759:28:3759:29":1321,"s:3763:25:3763:60":1322,"b:3765:12:3767:13:undefined:undefined:undefined:undefined":412,"s:3765:12:3767:13":1323,"s:3766:14:3766:23":1324,"b:3769:12:3795:13:3782:19:3795:13":413,"s:3769:12:3795:13":1325,"b:3770:14:3781:15:3776:21:3781:15":414,"s:3770:14:3781:15":1326,"s:3771:16:3771:54":1327,"s:3772:16:3772:55":1328,"s:3773:16:3773:53":1329,"s:3774:16:3774:38":1330,"s:3775:16:3775:31":1331,"s:3777:16:3777:55":1332,"s:3778:16:3778:50":1333,"s:3779:16:3779:38":1334,"s:3780:16:3780:31":1335,"b:3783:14:3794:15:3788:21:3794:15":415,"s:3783:14:3794:15":1336,"s:3784:16:3784:55":1337,"s:3785:16:3785:50":1338,"s:3786:16:3786:38":1339,"s:3787:16:3787:31":1340,"s:3789:16:3789:54":1341,"s:3790:16:3790:55":1342,"s:3791:16:3791:53":1343,"s:3792:16:3792:38":1344,"s:3793:16:3793:31":1345,"s:3796:12:3796:30":1346,"s:3797:12:3797:29":1347,"s:3798:12:3798:33":1348,"s:3801:10:3801:71":1349,"b:3807:4:3815:5:3812:11:3815:5":416,"s:3807:4:3815:5":1350,"b:3807:8:3807:11:3807:15:3807:47":417,"s:3808:6:3811:9":1351,"s:3814:6:3814:43":1352,"s:3817:4:3817:59":1353,"b:3818:4:3820:5:undefined:undefined:undefined:undefined":418,"s:3818:4:3820:5":1354,"b:3818:8:3818:11:3818:15:3818:47":419,"s:3819:6:3819:63":1355,"s:3821:4:3821:16":1356,"s:3825:43:3982:1":1357,"f:3825:43:3825:48":49,"s:3826:27:3833:3":1358,"s:3834:24:3834:25":1359,"s:3836:2:3981:3":1360,"s:3838:22:3838:64":1361,"s:3839:24:3842:6":1362,"b:3844:4:3846:5:undefined:undefined:undefined:undefined":420,"s:3844:4:3846:5":1363,"s:3845:6:3845:41":1364,"s:3848:4:3968:5":1365,"s:3849:6:3967:7":1366,"s:3850:22:3850:40":1367,"s:3851:26:3851:54":1368,"b:3851:27:3851:40:3851:44:3851:46":421,"s:3854:32:3857:10":1369,"b:3859:8:3859:46:undefined:undefined:undefined:undefined":422,"s:3859:8:3859:46":1370,"s:3859:37:3859:46":1371,"s:3861:8:3863:10":1372,"s:3865:24:3865:63":1373,"s:3866:23:3866:39":1374,"s:3868:8:3961:9":1375,"s:3869:10:3960:11":1376,"b:3871:12:3889:13:undefined:undefined:undefined:undefined":423,"s:3871:12:3889:13":1377,"s:3872:29:3882:15":1378,"b:3877:43:3877:62:3877:66:3877:67":424,"b:3883:14:3887:15:undefined:undefined:undefined:undefined":425,"s:3883:14:3887:15":1379,"s:3884:16:3884:34":1380,"s:3885:16:3885:74":1381,"s:3886:15:3886:64":1382,"s:3888:14:3888:23":1383,"b:3894:12:3916:13:3902:19:3916:13":426,"s:3894:12:3916:13":1384,"s:3896:34:3896:62":1385,"b:3896:45:3896:54:3896:58:3896:61":427,"s:3897:33:3897:76":1386,"b:3897:44:3897:68:3897:72:3897:75":428,"s:3898:14:3901:45":1387,"b:3900:20:3900:45:3901:20:3901:44":429,"s:3904:34:3904:71":1388,"b:3904:35:3904:57:3904:61:3904:63":430,"s:3906:16:3908:69":1389,"b:3906:16:3906:27:3907:16:3907:25:3908:16:3908:69":431,"b:3910:14:3915:15:3912:21:3915:15":432,"s:3910:14:3915:15":1390,"s:3911:16:3911:36":1391,"s:3914:16:3914:37":1392,"b:3923:12:3931:13:3927:19:3931:13":433,"s:3923:12:3931:13":1393,"s:3924:14:3924:32":1394,"s:3925:14:3925:75":1395,"b:3925:45:3925:68:3925:72:3925:73":434,"s:3926:14:3926:69":1396,"b:3926:40:3926:63:3926:67:3926:68":435,"s:3928:14:3928:32":1397,"s:3929:14:3929:71":1398,"b:3929:45:3929:64:3929:68:3929:69":436,"s:3930:14:3930:68":1399,"b:3930:42:3930:61:3930:65:3930:66":437,"s:3934:33:3944:13":1400,"b:3946:12:3954:13:undefined:undefined:undefined:undefined":438,"s:3946:12:3954:13":1401,"s:3947:14:3947:32":1402,"s:3948:14:3952:16":1403,"b:3950:36:3950:43:3950:46:3950:54":439,"s:3953:13:3953:62":1404,"s:3956:12:3959:14":1405,"s:3963:8:3966:10":1406,"b:3970:4:3972:5:undefined:undefined:undefined:undefined":440,"s:3970:4:3972:5":1407,"s:3971:6:3971:73":1408,"s:3974:4:3974:53":1409,"s:3976:4:3979:6":1410,"s:3980:4:3980:52":1411,"s:3984:30:4003:1":1412,"f:3984:30:3984:35":50,"s:3985:17:3985:20":1413,"s:3986:19:3986:28":1414,"s:3988:2:4002:3":1415,"s:3989:18:3992:5":1416,"b:3993:4:3995:5:undefined:undefined:undefined:undefined":441,"s:3993:4:3995:5":1417,"b:3993:8:3993:14:3993:18:3993:40":442,"s:3994:6:3994:28":1418,"s:3996:17:3996:74":1419,"s:3998:4:3998:48":1420,"s:4000:4:4000:49":1421,"s:4001:4:4001:61":1422,"s:4005:37:4119:1":1423,"f:4005:37:4005:42":51,"s:4006:17:4006:20":1424,"s:4007:30:4007:39":1425,"s:4009:2:4118:3":1426,"s:4010:21:4044:5":1427,"s:4046:27:4046:60":1428,"f:4046:40:4046:41":52,"s:4046:48:4046:59":1429,"s:4049:25:4051:29":1430,"b:4050:8:4050:55:4051:8:4051:29":443,"s:4053:17:4063:30":1431,"s:4066:23:4066:57":1432,"f:4066:35:4066:36":53,"s:4066:42:4066:56":1433,"s:4067:26:4067:59":1434,"f:4067:38:4067:39":54,"s:4067:45:4067:58":1435,"s:4070:32:4070:34":1436,"s:4071:4:4075:5":1437,"s:4072:17:4072:27":1438,"b:4073:6:4073:64:undefined:undefined:undefined:undefined":444,"s:4073:6:4073:64":1439,"s:4073:36:4073:64":1440,"s:4074:6:4074:53":1441,"b:4074:33:4074:47:4074:51:4074:52":445,"s:4078:20:4078:22":1442,"s:4080:4:4107:5":1443,"s:4081:18:4081:51":1444,"b:4082:6:4091:7:undefined:undefined:undefined:undefined":446,"s:4082:6:4091:7":1445,"s:4083:8:4090:10":1446,"s:4093:6:4093:59":1447,"s:4094:6:4094:51":1448,"b:4097:6:4106:7:undefined:undefined:undefined:undefined":447,"s:4097:6:4106:7":1449,"b:4098:8:4098:65:undefined:undefined:undefined:undefined":448,"s:4098:8:4098:65":1450,"s:4098:37:4098:65":1451,"s:4099:8:4105:11":1452,"s:4109:19:4109:41":1453,"s:4110:4:4114:7":1454,"s:4116:4:4116:49":1455,"s:4117:4:4117:61":1456,"s:4121:34:4188:1":1457,"f:4121:34:4121:39":55,"s:4122:17:4122:20":1458,"s:4123:61:4123:70":1459,"s:4125:2:4187:3":1460,"b:4126:4:4131:5:undefined:undefined:undefined:undefined":449,"s:4126:4:4131:5":1461,"b:4126:8:4126:15:4126:19:4126:28:4126:32:4126:41":450,"s:4127:6:4130:9":1462,"b:4133:4:4138:5:undefined:undefined:undefined:undefined":451,"s:4133:4:4138:5":1463,"s:4134:6:4137:9":1464,"s:4142:17:4149:6":1465,"b:4151:4:4157:5:undefined:undefined:undefined:undefined":452,"s:4151:4:4157:5":1466,"b:4151:8:4151:13:4151:17:4151:34":453,"s:4152:6:4156:9":1467,"s:4160:22:4165:7":1468,"f:4160:31:4160:32":56,"s:4160:41:4165:5":1469,"s:4169:22:4169:70":1470,"b:4169:41:4169:63:4169:66:4169:70":454,"s:4170:22:4170:70":1471,"b:4170:41:4170:63:4170:66:4170:70":455,"s:4172:18:4172:71":1472,"s:4174:4:4183:7":1473,"s:4185:4:4185:64":1474,"s:4186:4:4186:77":1475,"s:4190:29:4276:1":1476,"f:4190:29:4190:34":57,"s:4191:17:4191:20":1477,"s:4199:6:4199:15":1478,"b:4193:11:4193:12":456,"b:4194:12:4194:14":457,"s:4201:2:4275:3":1479,"s:4202:19:4202:29":1480,"s:4203:18:4203:28":1481,"b:4206:4:4208:5:undefined:undefined:undefined:undefined":458,"s:4206:4:4208:5":1482,"b:4206:8:4206:17:4206:21:4206:28":459,"s:4207:6:4207:60":1483,"b:4211:4:4213:5:undefined:undefined:undefined:undefined":460,"s:4211:4:4213:5":1484,"s:4212:6:4212:36":1485,"b:4216:4:4226:5:4219:11:4226:5":461,"s:4216:4:4226:5":1486,"s:4217:6:4217:32":1487,"s:4218:6:4218:56":1488,"b:4219:11:4226:5:4222:11:4226:5":462,"s:4219:11:4226:5":1489,"s:4220:6:4220:23":1490,"s:4221:6:4221:46":1491,"b:4222:11:4226:5:4224:11:4226:5":463,"s:4222:11:4226:5":1492,"b:4222:15:4222:42:4222:46:4222:73":464,"s:4223:6:4223:23":1493,"s:4225:6:4225:23":1494,"s:4228:17:4232:29":1495,"s:4234:18:4234:61":1496,"s:4236:32:4242:5":1497,"f:4239:18:4239:19":58,"s:4239:27:4239:54":1498,"b:4239:27:4239:41:4239:45:4239:54":465,"f:4240:15:4240:16":59,"s:4240:24:4240:33":1499,"s:4244:27:4244:29":1500,"b:4245:4:4253:5:undefined:undefined:undefined:undefined":466,"s:4245:4:4253:5":1501,"s:4246:25:4249:15":1502,"s:4250:6:4252:8":1503,"f:4251:23:4251:24":60,"s:4251:32:4251:72":1504,"b:4251:50:4251:63:4251:67:4251:71":467,"s:4255:25:4261:6":1505,"f:4255:34:4255:35":61,"s:4256:18:4256:32":1506,"b:4257:6:4259:7:undefined:undefined:undefined:undefined":468,"s:4257:6:4259:7":1507,"b:4257:10:4257:24:4257:28:4257:37:4257:41:4257:68":469,"s:4258:8:4258:52":1508,"s:4260:6:4260:17":1509,"s:4263:4:4271:7":1510,"s:4273:4:4273:56":1511,"s:4274:4:4274:54":1512,"s:4462:36:4738:1":1513,"f:4462:36:4462:41":62,"s:4463:17:4463:20":1514,"s:4473:6:4473:15":1515,"b:4467:11:4467:12":470,"b:4468:12:4468:14":471,"s:4475:2:4737:3":1516,"s:4477:20:4477:47":1517,"s:4478:21:4478:49":1518,"s:4479:17:4479:41":1519,"s:4482:21:4486:5":1520,"b:4490:4:4492:5:undefined:undefined:undefined:undefined":472,"s:4490:4:4492:5":1521,"b:4490:8:4490:17:4490:21:4490:28":473,"s:4491:6:4491:58":1522,"b:4495:4:4495:47:undefined:undefined:undefined:undefined":474,"s:4495:4:4495:47":1523,"s:4495:18:4495:47":1524,"b:4496:4:4496:50:undefined:undefined:undefined:undefined":475,"s:4496:4:4496:50":1525,"s:4496:19:4496:50":1526,"b:4497:4:4497:53:undefined:undefined:undefined:undefined":476,"s:4497:4:4497:53":1527,"s:4497:20:4497:53":1528,"b:4498:4:4500:5:undefined:undefined:undefined:undefined":477,"s:4498:4:4500:5":1529,"s:4499:6:4499:54":1530,"s:4501:27:4501:62":1531,"b:4501:27:4501:35:4501:39:4501:48:4501:52:4501:62":478,"s:4504:23:4504:59":1532,"s:4508:32:4508:70":1533,"b:4508:32:4508:43:4508:47:4508:70":479,"s:4510:24:4510:26":1534,"b:4511:4:4528:5:undefined:undefined:undefined:undefined":480,"s:4511:4:4528:5":1535,"s:4512:26:4514:7":1536,"b:4517:6:4520:7:undefined:undefined:undefined:undefined":481,"s:4517:6:4520:7":1537,"b:4517:10:4517:19:4517:23:4517:30":482,"s:4518:25:4518:61":1538,"s:4519:8:4519:42":1539,"b:4523:6:4525:7:undefined:undefined:undefined:undefined":483,"s:4523:6:4525:7":1540,"s:4524:8:4524:76":1541,"s:4527:6:4527:63":1542,"s:4531:23:4561:8":1543,"f:4532:14:4532:15":63,"s:4532:23:4532:39":1544,"f:4533:11:4533:12":64,"s:4535:23:4535:45":1545,"b:4535:40:4535:41:4535:44:4535:45":484,"s:4536:29:4538:9":1546,"b:4537:27:4537:41:4537:44:4537:58":485,"s:4540:8:4560:10":1547,"b:4546:21:4546:34:4546:38:4546:50":486,"b:4555:38:4555:43:4555:46:4555:52":487,"s:4564:17:4564:47":1548,"b:4568:4:4594:5:undefined:undefined:undefined:undefined":488,"s:4568:4:4594:5":1549,"s:4569:31:4578:8":1550,"f:4569:40:4569:41":65,"s:4571:23:4571:58":1551,"b:4571:38:4571:52:4571:55:4571:58":489,"s:4572:8:4577:10":1552,"b:4575:14:4575:51:4576:14:4576:18":490,"s:4579:6:4593:9":1553,"f:4586:22:4586:23":66,"s:4586:29:4586:43":1554,"f:4587:22:4587:23":67,"s:4587:34:4587:61":1555,"b:4587:41:4587:55:4587:59:4587:60":491,"f:4589:22:4589:23":68,"s:4589:29:4589:43":1556,"f:4590:22:4590:23":69,"s:4590:34:4590:61":1557,"b:4590:41:4590:55:4590:59:4590:60":492,"s:4597:19:4597:29":1558,"b:4598:4:4604:5:4600:11:4604:5":493,"s:4598:4:4604:5":1559,"b:4598:8:4598:16:4598:20:4598:30:4598:34:4598:45":494,"s:4599:6:4599:29":1560,"b:4600:11:4604:5:4602:11:4604:5":495,"s:4600:11:4604:5":1561,"b:4600:15:4600:23:4600:27:4600:36:4600:40:4600:51":496,"s:4601:6:4601:30":1562,"b:4602:11:4604:5:undefined:undefined:undefined:undefined":497,"s:4602:11:4604:5":1563,"b:4602:15:4602:24:4602:28:4602:37:4602:41:4602:52":498,"s:4603:6:4603:30":1564,"s:4608:22:4608:24":1565,"s:4611:28:4611:37":1566,"s:4613:4:4708:5":1567,"b:4618:6:4640:7:4630:13:4640:7":499,"s:4618:6:4640:7":1568,"b:4619:8:4629:9:4623:15:4629:9":500,"s:4619:8:4629:9":1569,"b:4619:12:4619:21:4619:25:4619:34:4619:38:4619:49":501,"s:4621:10:4622:79":1570,"b:4622:12:4622:66:4622:70:4622:78":502,"b:4622:33:4622:46:4622:50:4622:57":503,"b:4623:15:4629:9:4626:15:4629:9":504,"s:4623:15:4629:9":1571,"s:4625:10:4625:25":1572,"s:4628:10:4628:50":1573,"b:4628:16:4628:37:4628:41:4628:49":505,"b:4632:8:4639:9:4636:15:4639:9":506,"s:4632:8:4639:9":1574,"b:4632:12:4632:21:4632:25:4632:34:4632:38:4632:49":507,"s:4634:10:4635:80":1575,"b:4635:12:4635:66:4635:70:4635:79":508,"b:4635:33:4635:46:4635:50:4635:57":509,"s:4638:10:4638:51":1576,"b:4638:16:4638:37:4638:41:4638:50":510,"b:4644:6:4658:7:undefined:undefined:undefined:undefined":511,"s:4644:6:4658:7":1577,"s:4645:8:4657:10":1578,"b:4650:36:4650:70:4650:73:4650:77":512,"b:4653:16:4653:29:4653:33:4653:41":513,"b:4661:6:4704:7:4696:13:4704:7":514,"s:4661:6:4704:7":1579,"s:4662:25:4662:76":1580,"b:4664:8:4695:9:undefined:undefined:undefined:undefined":515,"s:4664:8:4695:9":1581,"s:4665:10:4665:40":1582,"s:4668:28:4673:11":1583,"f:4669:12:4669:13":70,"s:4670:14:4672:53":1584,"b:4670:14:4670:39:4671:14:4671:37:4672:14:4672:53":516,"s:4676:23:4676:24":1585,"s:4677:24:4677:25":1586,"s:4679:10:4686:11":1587,"s:4680:30:4680:60":1588,"b:4680:30:4680:55:4680:59:4680:60":517,"b:4681:12:4685:13:4683:19:4685:13":518,"s:4681:12:4685:13":1589,"s:4682:14:4682:34":1590,"b:4683:19:4685:13:undefined:undefined:undefined:undefined":519,"s:4683:19:4685:13":1591,"s:4684:14:4684:45":1592,"s:4688:28:4688:44":1593,"b:4690:10:4694:11:4692:17:4694:11":520,"s:4690:10:4694:11":1594,"s:4691:12:4691:50":1595,"b:4692:17:4694:11:undefined:undefined:undefined:undefined":521,"s:4692:17:4694:11":1596,"s:4693:12:4693:61":1597,"s:4698:25:4698:50":1598,"b:4698:25:4698:45:4698:49:4698:50":522,"b:4699:8:4703:9:4701:15:4703:9":523,"s:4699:8:4703:9":1599,"s:4700:10:4700:47":1600,"b:4701:15:4703:9:undefined:undefined:undefined:undefined":524,"s:4701:15:4703:9":1601,"s:4702:10:4702:58":1602,"s:4706:6:4707:61":1603,"s:4711:24:4711:48":1604,"s:4712:18:4720:5":1605,"f:4713:6:4713:7":71,"s:4713:22:4718:7":1606,"s:4722:4:4722:44":1607,"s:4724:4:4730:7":1608,"s:4732:4:4732:55":1609,"s:4733:4:4736:7":1610,"s:4739:50:4799:1":1611,"f:4739:50:4739:55":72,"s:4740:2:4798:3":1612,"s:4741:19:4741:22":1613,"s:4742:48:4742:57":1614,"b:4744:4:4749:5:undefined:undefined:undefined:undefined":525,"s:4744:4:4749:5":1615,"s:4745:6:4748:9":1616,"s:4751:19:4753:5":1617,"b:4755:4:4765:5:undefined:undefined:undefined:undefined":526,"s:4755:4:4765:5":1618,"b:4755:8:4755:17:4755:21:4755:28":527,"s:4756:20:4756:39":1619,"s:4757:18:4757:35":1620,"s:4759:6:4759:37":1621,"s:4761:6:4764:8":1622,"s:4767:17:4767:68":1623,"s:4768:28:4768:42":1624,"s:4770:25:4774:13":1625,"s:4777:31:4783:6":1626,"f:4777:48:4777:49":73,"s:4778:21:4778:31":1627,"b:4779:6:4781:7:undefined:undefined:undefined:undefined":528,"s:4779:6:4781:7":1628,"b:4779:10:4779:39:4779:43:4779:74":529,"s:4780:8:4780:31":1629,"s:4782:6:4782:20":1630,"s:4785:4:4785:66":1631,"s:4787:4:4790:7":1632,"s:4792:4:4792:57":1633,"s:4793:4:4797:7":1634}}}
}
